#
# There is insufficient memory for the Java Runtime Environment to continue.
# Native memory allocation (malloc) failed to allocate 2206704 bytes for Chunk::new
# Possible reasons:
#   The system is out of physical RAM or swap space
#   The process is running with CompressedOops enabled, and the Java Heap may be blocking the growth of the native heap
# Possible solutions:
#   Reduce memory load on the system
#   Increase physical memory or swap space
#   Check if swap backing store is full
#   Decrease Java heap size (-Xmx/-Xms)
#   Decrease number of Java threads
#   Decrease Java thread stack sizes (-Xss)
#   Set larger code cache with -XX:ReservedCodeCacheSize=
#   JVM is running with Unscaled Compressed Oops mode in which the Java heap is
#     placed in the first 4GB address space. The Java Heap base address is the
#     maximum limit for the native heap growth. Please use -XX:HeapBaseMinAddress
#     to set the Java Heap base and to place the Java Heap above 4GB virtual address.
# This output file may be truncated or incomplete.
#
#  Out of Memory Error (arena.cpp:189), pid=8940, tid=13200
#
# JRE version: OpenJDK Runtime Environment (17.0.7) (build 17.0.7+0-b2043.56-10550314)
# Java VM: OpenJDK 64-Bit Server VM (17.0.7+0-b2043.56-10550314, mixed mode, tiered, compressed oops, compressed class ptrs, g1 gc, windows-amd64)
# No core dump will be written. Minidumps are not enabled by default on client versions of Windows
#

---------------  S U M M A R Y ------------

Command Line: --add-opens=java.base/java.util.concurrent.atomic=ALL-UNNAMED --add-opens=java.base/java.util=ALL-UNNAMED --add-opens=java.base/java.lang=ALL-UNNAMED --add-opens=java.base/java.lang.invoke=ALL-UNNAMED --add-opens=java.prefs/java.util.prefs=ALL-UNNAMED --add-opens=java.base/java.nio.charset=ALL-UNNAMED --add-opens=java.base/java.net=ALL-UNNAMED --add-opens=java.base/java.util.concurrent.atomic=ALL-UNNAMED -Xmx2048m -Dfile.encoding=UTF-8 -Duser.country=IN -Duser.language=en -Duser.variant -javaagent:C:\Users\nsxyl\.gradle\wrapper\dists\gradle-8.2-bin\bbg7u40eoinfdyxsxr3z4i7ta\gradle-8.2\lib\agents\gradle-instrumentation-agent-8.2.jar org.gradle.launcher.daemon.bootstrap.GradleDaemon 8.2

Host: Intel(R) Core(TM) i5-7400 CPU @ 3.00GHz, 4 cores, 7G,  Windows 10 , 64 bit Build 19041 (10.0.19041.3570)
Time: Sun Oct 22 23:35:44 2023 India Standard Time elapsed time: 8.380183 seconds (0d 0h 0m 8s)

---------------  T H R E A D  ---------------

Current thread (0x000002578ae2c940):  JavaThread "C2 CompilerThread1" daemon [_thread_in_native, id=13200, stack(0x0000009d94400000,0x0000009d94500000)]


Current CompileTask:
C2:   8384 6880       4       org.objectweb.asm.Frame::execute (2318 bytes)

Stack: [0x0000009d94400000,0x0000009d94500000]
Native frames: (J=compiled Java code, j=interpreted, Vv=VM code, C=native code)
V  [jvm.dll+0x683bfa]
V  [jvm.dll+0x8430a4]
V  [jvm.dll+0x8449be]
V  [jvm.dll+0x845023]
V  [jvm.dll+0x24ad2f]
V  [jvm.dll+0xac25c]
V  [jvm.dll+0xac82c]
V  [jvm.dll+0x36a187]
V  [jvm.dll+0x334821]
V  [jvm.dll+0x333cca]
V  [jvm.dll+0x21d251]
V  [jvm.dll+0x21c671]
V  [jvm.dll+0x1a605d]
V  [jvm.dll+0x22c148]
V  [jvm.dll+0x22a209]
V  [jvm.dll+0x7f858c]
V  [jvm.dll+0x7f2aea]
V  [jvm.dll+0x682a35]
C  [ucrtbase.dll+0x21bb2]
C  [KERNEL32.DLL+0x17344]
C  [ntdll.dll+0x526b1]


---------------  P R O C E S S  ---------------

Threads class SMR info:
_java_thread_list=0x000002578a62f980, length=45, elements={
0x00000257ea0b0150, 0x00000257ff692fd0, 0x00000257ff693d50, 0x00000257ff6b4fe0,
0x00000257ff6b79b0, 0x00000257ff6b8270, 0x00000257ff91a000, 0x00000257ff91abf0,
0x00000257ff91b910, 0x00000257ff929940, 0x00000257ffa46f10, 0x00000257ffb92610,
0x0000025788efd7c0, 0x00000257897ae370, 0x00000257880408d0, 0x0000025789750030,
0x000002578968b810, 0x0000025788c68590, 0x00000257896c6440, 0x0000025789a50470,
0x0000025788c910a0, 0x000002578991f450, 0x000002578a7767b0, 0x000002578a777150,
0x000002578a775e10, 0x000002578a778960, 0x000002578a7762e0, 0x000002578a775940,
0x000002578a777620, 0x000002578a776c80, 0x000002578a778e30, 0x000002578a777af0,
0x000002578a778490, 0x000002578a779300, 0x000002578ba11510, 0x000002578ba15870,
0x000002578ba14ed0, 0x000002578ba17a20, 0x000002578ba18890, 0x000002578ae2c940,
0x000002578ba14060, 0x000002578ba12380, 0x000002578ba131f0, 0x000002578ba14530,
0x000002578ba136c0
}

Java Threads: ( => current thread )
  0x00000257ea0b0150 JavaThread "main" [_thread_blocked, id=5968, stack(0x0000009d92200000,0x0000009d92300000)]
  0x00000257ff692fd0 JavaThread "Reference Handler" daemon [_thread_blocked, id=6916, stack(0x0000009d92900000,0x0000009d92a00000)]
  0x00000257ff693d50 JavaThread "Finalizer" daemon [_thread_blocked, id=6784, stack(0x0000009d92a00000,0x0000009d92b00000)]
  0x00000257ff6b4fe0 JavaThread "Signal Dispatcher" daemon [_thread_blocked, id=8408, stack(0x0000009d92b00000,0x0000009d92c00000)]
  0x00000257ff6b79b0 JavaThread "Attach Listener" daemon [_thread_blocked, id=12260, stack(0x0000009d92c00000,0x0000009d92d00000)]
  0x00000257ff6b8270 JavaThread "Service Thread" daemon [_thread_blocked, id=5876, stack(0x0000009d92d00000,0x0000009d92e00000)]
  0x00000257ff91a000 JavaThread "Monitor Deflation Thread" daemon [_thread_blocked, id=10472, stack(0x0000009d92e00000,0x0000009d92f00000)]
  0x00000257ff91abf0 JavaThread "C2 CompilerThread0" daemon [_thread_blocked, id=3248, stack(0x0000009d92f00000,0x0000009d93000000)]
  0x00000257ff91b910 JavaThread "C1 CompilerThread0" daemon [_thread_blocked, id=480, stack(0x0000009d93000000,0x0000009d93100000)]
  0x00000257ff929940 JavaThread "Sweeper thread" daemon [_thread_blocked, id=14112, stack(0x0000009d93100000,0x0000009d93200000)]
  0x00000257ffa46f10 JavaThread "Common-Cleaner" daemon [_thread_blocked, id=6592, stack(0x0000009d93200000,0x0000009d93300000)]
  0x00000257ffb92610 JavaThread "Notification Thread" daemon [_thread_blocked, id=9436, stack(0x0000009d93300000,0x0000009d93400000)]
  0x0000025788efd7c0 JavaThread "Daemon health stats" [_thread_blocked, id=4272, stack(0x0000009d93900000,0x0000009d93a00000)]
  0x00000257897ae370 JavaThread "Incoming local TCP Connector on port 60494" [_thread_in_native, id=7472, stack(0x0000009d93a00000,0x0000009d93b00000)]
  0x00000257880408d0 JavaThread "Daemon periodic checks" [_thread_blocked, id=3160, stack(0x0000009d93500000,0x0000009d93600000)]
  0x0000025789750030 JavaThread "Daemon" [_thread_blocked, id=7396, stack(0x0000009d93b00000,0x0000009d93c00000)]
  0x000002578968b810 JavaThread "Handler for socket connection from /127.0.0.1:60494 to /127.0.0.1:60495" [_thread_in_native, id=5168, stack(0x0000009d93c00000,0x0000009d93d00000)]
  0x0000025788c68590 JavaThread "Cancel handler" [_thread_blocked, id=2720, stack(0x0000009d93d00000,0x0000009d93e00000)]
  0x00000257896c6440 JavaThread "Daemon worker" [_thread_blocked, id=14224, stack(0x0000009d93e00000,0x0000009d93f00000)]
  0x0000025789a50470 JavaThread "Asynchronous log dispatcher for DefaultDaemonConnection: socket connection from /127.0.0.1:60494 to /127.0.0.1:60495" [_thread_blocked, id=3588, stack(0x0000009d93f00000,0x0000009d94000000)]
  0x0000025788c910a0 JavaThread "Stdin handler" [_thread_blocked, id=13012, stack(0x0000009d94000000,0x0000009d94100000)]
  0x000002578991f450 JavaThread "Daemon client event forwarder" [_thread_blocked, id=13824, stack(0x0000009d94100000,0x0000009d94200000)]
  0x000002578a7767b0 JavaThread "Cache worker for journal cache (C:\Users\nsxyl\.gradle\caches\journal-1)" [_thread_blocked, id=7920, stack(0x0000009d94200000,0x0000009d94300000)]
  0x000002578a777150 JavaThread "File lock request listener" [_thread_in_native, id=6772, stack(0x0000009d94300000,0x0000009d94400000)]
  0x000002578a775e10 JavaThread "Cache worker for file hash cache (C:\Users\nsxyl\.gradle\caches\8.2\fileHashes)" [_thread_blocked, id=3276, stack(0x0000009d94500000,0x0000009d94600000)]
  0x000002578a778960 JavaThread "File watcher server" daemon [_thread_blocked, id=2092, stack(0x0000009d94600000,0x0000009d94700000)]
  0x000002578a7762e0 JavaThread "File watcher consumer" daemon [_thread_blocked, id=824, stack(0x0000009d94700000,0x0000009d94800000)]
  0x000002578a775940 JavaThread "Cache worker for checksums cache (D:\AndroidStudioProjects\all-video-downloader\.gradle\8.2\checksums)" [_thread_blocked, id=1480, stack(0x0000009d94800000,0x0000009d94900000)]
  0x000002578a777620 JavaThread "Cache worker for cache directory md-rule (C:\Users\nsxyl\.gradle\caches\8.2\md-rule)" [_thread_blocked, id=12380, stack(0x0000009d94900000,0x0000009d94a00000)]
  0x000002578a776c80 JavaThread "Cache worker for file content cache (C:\Users\nsxyl\.gradle\caches\8.2\fileContent)" [_thread_blocked, id=1088, stack(0x0000009d94a00000,0x0000009d94b00000)]
  0x000002578a778e30 JavaThread "Cache worker for file hash cache (D:\AndroidStudioProjects\all-video-downloader\.gradle\8.2\fileHashes)" [_thread_blocked, id=13680, stack(0x0000009d94b00000,0x0000009d94c00000)]
  0x000002578a777af0 JavaThread "Cache worker for cache directory md-supplier (C:\Users\nsxyl\.gradle\caches\8.2\md-supplier)" [_thread_blocked, id=14036, stack(0x0000009d94c00000,0x0000009d94d00000)]
  0x000002578a778490 JavaThread "Cache worker for execution history cache (C:\Users\nsxyl\.gradle\caches\8.2\executionHistory)" [_thread_blocked, id=5944, stack(0x0000009d94d00000,0x0000009d94e00000)]
  0x000002578a779300 JavaThread "jar transforms" [_thread_blocked, id=7436, stack(0x0000009d94f00000,0x0000009d95000000)]
  0x000002578ba11510 JavaThread "jar transforms Thread 2" [_thread_blocked, id=7584, stack(0x0000009d95000000,0x0000009d95100000)]
  0x000002578ba15870 JavaThread "jar transforms Thread 3" [_thread_blocked, id=12044, stack(0x0000009d95100000,0x0000009d95200000)]
  0x000002578ba14ed0 JavaThread "jar transforms Thread 4" [_thread_blocked, id=4392, stack(0x0000009d95200000,0x0000009d95300000)]
  0x000002578ba17a20 JavaThread "Cache worker for kotlin-dsl (C:\Users\nsxyl\.gradle\caches\8.2\kotlin-dsl)" [_thread_blocked, id=5008, stack(0x0000009d95300000,0x0000009d95400000)]
  0x000002578ba18890 JavaThread "Cache worker for dependencies-accessors (D:\AndroidStudioProjects\all-video-downloader\.gradle\8.2\dependencies-accessors)" [_thread_blocked, id=4252, stack(0x0000009d95400000,0x0000009d95500000)]
=>0x000002578ae2c940 JavaThread "C2 CompilerThread1" daemon [_thread_in_native, id=13200, stack(0x0000009d94400000,0x0000009d94500000)]
  0x000002578ba14060 JavaThread "Cache worker for Build Output Cleanup Cache (D:\AndroidStudioProjects\android-libraries\onestate\.gradle\buildOutputCleanup)" [_thread_blocked, id=10968, stack(0x0000009d95500000,0x0000009d95600000)]
  0x000002578ba12380 JavaThread "Unconstrained build operations" [_thread_blocked, id=3164, stack(0x0000009d95600000,0x0000009d95700000)]
  0x000002578ba131f0 JavaThread "Unconstrained build operations Thread 2" [_thread_blocked, id=1812, stack(0x0000009d95700000,0x0000009d95800000)]
  0x000002578ba14530 JavaThread "Unconstrained build operations Thread 3" [_thread_blocked, id=2540, stack(0x0000009d95800000,0x0000009d95900000)]
  0x000002578ba136c0 JavaThread "build event listener" [_thread_blocked, id=5652, stack(0x0000009d95900000,0x0000009d95a00000)]

Other Threads:
  0x00000257ff68f480 VMThread "VM Thread" [stack: 0x0000009d92800000,0x0000009d92900000] [id=7244]
  0x00000257ea0b1010 WatcherThread [stack: 0x0000009d93400000,0x0000009d93500000] [id=4160]
  0x00000257ea10b5c0 GCTaskThread "GC Thread#0" [stack: 0x0000009d92300000,0x0000009d92400000] [id=268]
  0x00000257880659e0 GCTaskThread "GC Thread#1" [stack: 0x0000009d93600000,0x0000009d93700000] [id=10400]
  0x00000257885f0d40 GCTaskThread "GC Thread#2" [stack: 0x0000009d93700000,0x0000009d93800000] [id=3740]
  0x0000025788f9c0e0 GCTaskThread "GC Thread#3" [stack: 0x0000009d93800000,0x0000009d93900000] [id=4048]
  0x00000257ea11c410 ConcurrentGCThread "G1 Main Marker" [stack: 0x0000009d92400000,0x0000009d92500000] [id=8256]
  0x00000257ea11cd30 ConcurrentGCThread "G1 Conc#0" [stack: 0x0000009d92500000,0x0000009d92600000] [id=8680]
  0x00000257ff5000a0 ConcurrentGCThread "G1 Refine#0" [stack: 0x0000009d92600000,0x0000009d92700000] [id=11036]
  0x000002578a44c000 ConcurrentGCThread "G1 Refine#1" [stack: 0x0000009d94e00000,0x0000009d94f00000] [id=5468]
  0x00000257ff5009d0 ConcurrentGCThread "G1 Service" [stack: 0x0000009d92700000,0x0000009d92800000] [id=5908]

Threads with active compile tasks:
C2 CompilerThread0     8437 6784   !   4       com.google.common.reflect.TypeVisitor::visit (244 bytes)
C2 CompilerThread1     8438 6880       4       org.objectweb.asm.Frame::execute (2318 bytes)

VM state: at safepoint (normal execution)

VM Mutex/Monitor currently owned by a thread:  ([mutex/lock_event])
[0x00000257ea0a9960] Threads_lock - owner thread: 0x00000257ff68f480
[0x00000257ea0aaec0] Heap_lock - owner thread: 0x000002578a778960

Heap address: 0x0000000080000000, size: 2048 MB, Compressed Oops mode: 32-bit

CDS archive(s) not mapped
Compressed class space mapped at: 0x0000000100000000-0x0000000140000000, reserved size: 1073741824
Narrow klass base: 0x0000000000000000, Narrow klass shift: 3, Narrow klass range: 0x140000000

GC Precious Log:
 CPUs: 4 total, 4 available
 Memory: 8099M
 Large Page Support: Disabled
 NUMA Support: Disabled
 Compressed Oops: Enabled (32-bit)
 Heap Region Size: 1M
 Heap Min Capacity: 8M
 Heap Initial Capacity: 128M
 Heap Max Capacity: 2G
 Pre-touch: Disabled
 Parallel Workers: 4
 Concurrent Workers: 1
 Concurrent Refinement Workers: 4
 Periodic GC: Disabled

Heap:
 garbage-first heap   total 124928K, used 69589K [0x0000000080000000, 0x0000000100000000)
  region size 1024K, 2 young (2048K), 2 survivors (2048K)
 Metaspace       used 64534K, committed 65152K, reserved 1114112K
  class space    used 8624K, committed 8896K, reserved 1048576K

Heap Regions: E=young(eden), S=young(survivor), O=old, HS=humongous(starts), HC=humongous(continues), CS=collection set, F=free, OA=open archive, CA=closed archive, TAMS=top-at-mark-start (previous, next)
|   0|0x0000000080000000, 0x0000000080100000, 0x0000000080100000|100%| O|  |TAMS 0x0000000080100000, 0x0000000080100000| Untracked 
|   1|0x0000000080100000, 0x0000000080200000, 0x0000000080200000|100%| O|  |TAMS 0x0000000080200000, 0x0000000080200000| Untracked 
|   2|0x0000000080200000, 0x0000000080300000, 0x0000000080300000|100%|HS|  |TAMS 0x0000000080300000, 0x0000000080300000| Complete 
|   3|0x0000000080300000, 0x0000000080400000, 0x0000000080400000|100%|HC|  |TAMS 0x0000000080400000, 0x0000000080400000| Complete 
|   4|0x0000000080400000, 0x0000000080500000, 0x0000000080500000|100%|HC|  |TAMS 0x0000000080500000, 0x0000000080500000| Complete 
|   5|0x0000000080500000, 0x0000000080600000, 0x0000000080600000|100%|HC|  |TAMS 0x0000000080600000, 0x0000000080600000| Complete 
|   6|0x0000000080600000, 0x0000000080700000, 0x0000000080700000|100%| O|  |TAMS 0x0000000080700000, 0x0000000080700000| Untracked 
|   7|0x0000000080700000, 0x0000000080800000, 0x0000000080800000|100%| O|  |TAMS 0x0000000080800000, 0x0000000080800000| Untracked 
|   8|0x0000000080800000, 0x0000000080900000, 0x0000000080900000|100%| O|  |TAMS 0x0000000080900000, 0x0000000080900000| Untracked 
|   9|0x0000000080900000, 0x0000000080a00000, 0x0000000080a00000|100%| O|  |TAMS 0x0000000080a00000, 0x0000000080a00000| Untracked 
|  10|0x0000000080a00000, 0x0000000080b00000, 0x0000000080b00000|100%| O|  |TAMS 0x0000000080b00000, 0x0000000080b00000| Untracked 
|  11|0x0000000080b00000, 0x0000000080b99e00, 0x0000000080c00000| 60%| O|  |TAMS 0x0000000080b99e00, 0x0000000080b99e00| Untracked 
|  12|0x0000000080c00000, 0x0000000080d00000, 0x0000000080d00000|100%| O|  |TAMS 0x0000000080d00000, 0x0000000080d00000| Untracked 
|  13|0x0000000080d00000, 0x0000000080e00000, 0x0000000080e00000|100%| O|  |TAMS 0x0000000080e00000, 0x0000000080e00000| Untracked 
|  14|0x0000000080e00000, 0x0000000080f00000, 0x0000000080f00000|100%| O|  |TAMS 0x0000000080f00000, 0x0000000080f00000| Untracked 
|  15|0x0000000080f00000, 0x0000000081000000, 0x0000000081000000|100%| O|  |TAMS 0x0000000081000000, 0x0000000081000000| Untracked 
|  16|0x0000000081000000, 0x0000000081100000, 0x0000000081100000|100%| O|  |TAMS 0x0000000081100000, 0x0000000081100000| Untracked 
|  17|0x0000000081100000, 0x0000000081200000, 0x0000000081200000|100%| O|  |TAMS 0x0000000081200000, 0x0000000081200000| Untracked 
|  18|0x0000000081200000, 0x0000000081300000, 0x0000000081300000|100%| O|  |TAMS 0x0000000081300000, 0x0000000081300000| Untracked 
|  19|0x0000000081300000, 0x0000000081400000, 0x0000000081400000|100%| O|  |TAMS 0x0000000081400000, 0x0000000081400000| Untracked 
|  20|0x0000000081400000, 0x0000000081500000, 0x0000000081500000|100%| O|  |TAMS 0x0000000081500000, 0x0000000081500000| Untracked 
|  21|0x0000000081500000, 0x00000000815fa400, 0x0000000081600000| 97%| O|  |TAMS 0x0000000081500000, 0x00000000815fa400| Untracked 
|  22|0x0000000081600000, 0x0000000081700000, 0x0000000081700000|100%| O|  |TAMS 0x0000000081700000, 0x0000000081700000| Untracked 
|  23|0x0000000081700000, 0x0000000081800000, 0x0000000081800000|100%| O|  |TAMS 0x0000000081800000, 0x0000000081800000| Untracked 
|  24|0x0000000081800000, 0x0000000081900000, 0x0000000081900000|100%| O|  |TAMS 0x0000000081900000, 0x0000000081900000| Untracked 
|  25|0x0000000081900000, 0x0000000081a00000, 0x0000000081a00000|100%| O|  |TAMS 0x0000000081a00000, 0x0000000081a00000| Untracked 
|  26|0x0000000081a00000, 0x0000000081b00000, 0x0000000081b00000|100%| O|  |TAMS 0x0000000081b00000, 0x0000000081b00000| Untracked 
|  27|0x0000000081b00000, 0x0000000081c00000, 0x0000000081c00000|100%| O|  |TAMS 0x0000000081c00000, 0x0000000081c00000| Untracked 
|  28|0x0000000081c00000, 0x0000000081d00000, 0x0000000081d00000|100%| O|  |TAMS 0x0000000081d00000, 0x0000000081d00000| Untracked 
|  29|0x0000000081d00000, 0x0000000081e00000, 0x0000000081e00000|100%| O|  |TAMS 0x0000000081e00000, 0x0000000081e00000| Untracked 
|  30|0x0000000081e00000, 0x0000000081f00000, 0x0000000081f00000|100%| O|  |TAMS 0x0000000081f00000, 0x0000000081f00000| Untracked 
|  31|0x0000000081f00000, 0x0000000082000000, 0x0000000082000000|100%| O|  |TAMS 0x0000000082000000, 0x0000000082000000| Untracked 
|  32|0x0000000082000000, 0x0000000082100000, 0x0000000082100000|100%| O|  |TAMS 0x0000000082100000, 0x0000000082100000| Untracked 
|  33|0x0000000082100000, 0x0000000082200000, 0x0000000082200000|100%| O|  |TAMS 0x0000000082200000, 0x0000000082200000| Untracked 
|  34|0x0000000082200000, 0x0000000082300000, 0x0000000082300000|100%| O|  |TAMS 0x0000000082300000, 0x0000000082300000| Untracked 
|  35|0x0000000082300000, 0x0000000082400000, 0x0000000082400000|100%| O|  |TAMS 0x0000000082400000, 0x0000000082400000| Untracked 
|  36|0x0000000082400000, 0x0000000082500000, 0x0000000082500000|100%| O|  |TAMS 0x0000000082500000, 0x0000000082500000| Untracked 
|  37|0x0000000082500000, 0x0000000082600000, 0x0000000082600000|100%| O|  |TAMS 0x0000000082600000, 0x0000000082600000| Untracked 
|  38|0x0000000082600000, 0x0000000082700000, 0x0000000082700000|100%| O|  |TAMS 0x0000000082700000, 0x0000000082700000| Untracked 
|  39|0x0000000082700000, 0x0000000082800000, 0x0000000082800000|100%| O|  |TAMS 0x0000000082800000, 0x0000000082800000| Untracked 
|  40|0x0000000082800000, 0x0000000082900000, 0x0000000082900000|100%| O|  |TAMS 0x0000000082900000, 0x0000000082900000| Untracked 
|  41|0x0000000082900000, 0x0000000082a00000, 0x0000000082a00000|100%| O|  |TAMS 0x0000000082a00000, 0x0000000082a00000| Untracked 
|  42|0x0000000082a00000, 0x0000000082b00000, 0x0000000082b00000|100%|HS|  |TAMS 0x0000000082b00000, 0x0000000082b00000| Complete 
|  43|0x0000000082b00000, 0x0000000082c00000, 0x0000000082c00000|100%|HS|  |TAMS 0x0000000082c00000, 0x0000000082c00000| Complete 
|  44|0x0000000082c00000, 0x0000000082d00000, 0x0000000082d00000|100%|HS|  |TAMS 0x0000000082d00000, 0x0000000082d00000| Complete 
|  45|0x0000000082d00000, 0x0000000082e00000, 0x0000000082e00000|100%|HC|  |TAMS 0x0000000082e00000, 0x0000000082e00000| Complete 
|  46|0x0000000082e00000, 0x0000000082f00000, 0x0000000082f00000|100%|HS|  |TAMS 0x0000000082f00000, 0x0000000082f00000| Complete 
|  47|0x0000000082f00000, 0x0000000083000000, 0x0000000083000000|100%|HC|  |TAMS 0x0000000083000000, 0x0000000083000000| Complete 
|  48|0x0000000083000000, 0x0000000083100000, 0x0000000083100000|100%|HS|  |TAMS 0x0000000083100000, 0x0000000083100000| Complete 
|  49|0x0000000083100000, 0x0000000083200000, 0x0000000083200000|100%| O|  |TAMS 0x0000000083200000, 0x0000000083200000| Untracked 
|  50|0x0000000083200000, 0x0000000083300000, 0x0000000083300000|100%| O|  |TAMS 0x0000000083300000, 0x0000000083300000| Untracked 
|  51|0x0000000083300000, 0x0000000083400000, 0x0000000083400000|100%| O|  |TAMS 0x0000000083400000, 0x0000000083400000| Untracked 
|  52|0x0000000083400000, 0x0000000083500000, 0x0000000083500000|100%|HS|  |TAMS 0x0000000083500000, 0x0000000083500000| Complete 
|  53|0x0000000083500000, 0x0000000083600000, 0x0000000083600000|100%| O|  |TAMS 0x0000000083600000, 0x0000000083600000| Untracked 
|  54|0x0000000083600000, 0x0000000083700000, 0x0000000083700000|100%| O|  |TAMS 0x0000000083700000, 0x0000000083700000| Untracked 
|  55|0x0000000083700000, 0x0000000083800000, 0x0000000083800000|100%| O|  |TAMS 0x0000000083800000, 0x0000000083800000| Untracked 
|  56|0x0000000083800000, 0x0000000083900000, 0x0000000083900000|100%| O|  |TAMS 0x0000000083900000, 0x0000000083900000| Untracked 
|  57|0x0000000083900000, 0x0000000083a00000, 0x0000000083a00000|100%|HS|  |TAMS 0x0000000083a00000, 0x0000000083a00000| Complete 
|  58|0x0000000083a00000, 0x0000000083b00000, 0x0000000083b00000|100%|HC|  |TAMS 0x0000000083b00000, 0x0000000083b00000| Complete 
|  59|0x0000000083b00000, 0x0000000083c00000, 0x0000000083c00000|100%|HC|  |TAMS 0x0000000083c00000, 0x0000000083c00000| Complete 
|  60|0x0000000083c00000, 0x0000000083d00000, 0x0000000083d00000|100%|HC|  |TAMS 0x0000000083d00000, 0x0000000083d00000| Complete 
|  61|0x0000000083d00000, 0x0000000083e00000, 0x0000000083e00000|100%| O|  |TAMS 0x0000000083e00000, 0x0000000083e00000| Untracked 
|  62|0x0000000083e00000, 0x0000000083f00000, 0x0000000083f00000|100%| O|  |TAMS 0x0000000083f00000, 0x0000000083f00000| Untracked 
|  63|0x0000000083f00000, 0x0000000084000000, 0x0000000084000000|100%| O|  |TAMS 0x0000000084000000, 0x0000000084000000| Untracked 
|  64|0x0000000084000000, 0x0000000084000000, 0x0000000084100000|  0%| F|  |TAMS 0x0000000084000000, 0x0000000084000000| Untracked 
|  65|0x0000000084100000, 0x0000000084100000, 0x0000000084200000|  0%| F|  |TAMS 0x0000000084100000, 0x0000000084100000| Untracked 
|  66|0x0000000084200000, 0x0000000084200000, 0x0000000084300000|  0%| F|  |TAMS 0x0000000084200000, 0x0000000084200000| Untracked 
|  67|0x0000000084300000, 0x0000000084300000, 0x0000000084400000|  0%| F|  |TAMS 0x0000000084300000, 0x0000000084300000| Untracked 
|  68|0x0000000084400000, 0x0000000084400000, 0x0000000084500000|  0%| F|  |TAMS 0x0000000084400000, 0x0000000084400000| Untracked 
|  69|0x0000000084500000, 0x0000000084600000, 0x0000000084600000|100%| O|  |TAMS 0x0000000084600000, 0x0000000084600000| Untracked 
|  70|0x0000000084600000, 0x0000000084600000, 0x0000000084700000|  0%| F|  |TAMS 0x0000000084600000, 0x0000000084600000| Untracked 
|  71|0x0000000084700000, 0x0000000084700000, 0x0000000084800000|  0%| F|  |TAMS 0x0000000084700000, 0x0000000084700000| Untracked 
|  72|0x0000000084800000, 0x0000000084800000, 0x0000000084900000|  0%| F|  |TAMS 0x0000000084800000, 0x0000000084800000| Untracked 
|  73|0x0000000084900000, 0x0000000084900000, 0x0000000084a00000|  0%| F|  |TAMS 0x0000000084900000, 0x0000000084900000| Untracked 
|  74|0x0000000084a00000, 0x0000000084a00000, 0x0000000084b00000|  0%| F|  |TAMS 0x0000000084a00000, 0x0000000084a00000| Untracked 
|  75|0x0000000084b00000, 0x0000000084b00000, 0x0000000084c00000|  0%| F|  |TAMS 0x0000000084b00000, 0x0000000084b00000| Untracked 
|  76|0x0000000084c00000, 0x0000000084c00000, 0x0000000084d00000|  0%| F|  |TAMS 0x0000000084c00000, 0x0000000084c00000| Untracked 
|  77|0x0000000084d00000, 0x0000000084d00000, 0x0000000084e00000|  0%| F|  |TAMS 0x0000000084d00000, 0x0000000084d00000| Untracked 
|  78|0x0000000084e00000, 0x0000000084e00000, 0x0000000084f00000|  0%| F|  |TAMS 0x0000000084e00000, 0x0000000084e00000| Untracked 
|  79|0x0000000084f00000, 0x0000000084f00000, 0x0000000085000000|  0%| F|  |TAMS 0x0000000084f00000, 0x0000000084f00000| Untracked 
|  80|0x0000000085000000, 0x0000000085000000, 0x0000000085100000|  0%| F|  |TAMS 0x0000000085000000, 0x0000000085000000| Untracked 
|  81|0x0000000085100000, 0x0000000085100000, 0x0000000085200000|  0%| F|  |TAMS 0x0000000085100000, 0x0000000085100000| Untracked 
|  82|0x0000000085200000, 0x0000000085200000, 0x0000000085300000|  0%| F|  |TAMS 0x0000000085200000, 0x0000000085200000| Untracked 
|  83|0x0000000085300000, 0x0000000085300000, 0x0000000085400000|  0%| F|  |TAMS 0x0000000085300000, 0x0000000085300000| Untracked 
|  84|0x0000000085400000, 0x0000000085400000, 0x0000000085500000|  0%| F|  |TAMS 0x0000000085400000, 0x0000000085400000| Untracked 
|  85|0x0000000085500000, 0x0000000085500000, 0x0000000085600000|  0%| F|  |TAMS 0x0000000085500000, 0x0000000085500000| Untracked 
|  86|0x0000000085600000, 0x0000000085600000, 0x0000000085700000|  0%| F|  |TAMS 0x0000000085600000, 0x0000000085600000| Untracked 
|  87|0x0000000085700000, 0x0000000085761300, 0x0000000085800000| 37%| S|CS|TAMS 0x0000000085700000, 0x0000000085700000| Complete 
|  88|0x0000000085800000, 0x0000000085900000, 0x0000000085900000|100%| S|CS|TAMS 0x0000000085800000, 0x0000000085800000| Complete 
|  89|0x0000000085900000, 0x0000000085900000, 0x0000000085a00000|  0%| F|  |TAMS 0x0000000085900000, 0x0000000085900000| Untracked 
|  90|0x0000000085a00000, 0x0000000085a00000, 0x0000000085b00000|  0%| F|  |TAMS 0x0000000085a00000, 0x0000000085a00000| Untracked 
|  91|0x0000000085b00000, 0x0000000085b00000, 0x0000000085c00000|  0%| F|  |TAMS 0x0000000085b00000, 0x0000000085b00000| Untracked 
|  92|0x0000000085c00000, 0x0000000085c00000, 0x0000000085d00000|  0%| F|  |TAMS 0x0000000085c00000, 0x0000000085c00000| Untracked 
|  93|0x0000000085d00000, 0x0000000085d00000, 0x0000000085e00000|  0%| F|  |TAMS 0x0000000085d00000, 0x0000000085d00000| Untracked 
|  94|0x0000000085e00000, 0x0000000085e00000, 0x0000000085f00000|  0%| F|  |TAMS 0x0000000085e00000, 0x0000000085e00000| Untracked 
|  95|0x0000000085f00000, 0x0000000085f00000, 0x0000000086000000|  0%| F|  |TAMS 0x0000000085f00000, 0x0000000085f00000| Untracked 
|  96|0x0000000086000000, 0x0000000086000000, 0x0000000086100000|  0%| F|  |TAMS 0x0000000086000000, 0x0000000086000000| Untracked 
|  97|0x0000000086100000, 0x0000000086100000, 0x0000000086200000|  0%| F|  |TAMS 0x0000000086100000, 0x0000000086100000| Untracked 
|  98|0x0000000086200000, 0x0000000086200000, 0x0000000086300000|  0%| F|  |TAMS 0x0000000086200000, 0x0000000086200000| Untracked 
|  99|0x0000000086300000, 0x0000000086300000, 0x0000000086400000|  0%| F|  |TAMS 0x0000000086300000, 0x0000000086300000| Untracked 
| 100|0x0000000086400000, 0x0000000086400000, 0x0000000086500000|  0%| F|  |TAMS 0x0000000086400000, 0x0000000086400000| Untracked 
| 101|0x0000000086500000, 0x0000000086500000, 0x0000000086600000|  0%| F|  |TAMS 0x0000000086500000, 0x0000000086500000| Untracked 
| 102|0x0000000086600000, 0x0000000086600000, 0x0000000086700000|  0%| F|  |TAMS 0x0000000086600000, 0x0000000086600000| Untracked 
| 103|0x0000000086700000, 0x0000000086700000, 0x0000000086800000|  0%| F|  |TAMS 0x0000000086700000, 0x0000000086700000| Untracked 
| 104|0x0000000086800000, 0x0000000086800000, 0x0000000086900000|  0%| F|  |TAMS 0x0000000086800000, 0x0000000086800000| Untracked 
| 105|0x0000000086900000, 0x0000000086900000, 0x0000000086a00000|  0%| F|  |TAMS 0x0000000086900000, 0x0000000086900000| Untracked 
| 106|0x0000000086a00000, 0x0000000086a00000, 0x0000000086b00000|  0%| F|  |TAMS 0x0000000086a00000, 0x0000000086a00000| Untracked 
| 107|0x0000000086b00000, 0x0000000086b00000, 0x0000000086c00000|  0%| F|  |TAMS 0x0000000086b00000, 0x0000000086b00000| Untracked 
| 108|0x0000000086c00000, 0x0000000086c00000, 0x0000000086d00000|  0%| F|  |TAMS 0x0000000086c00000, 0x0000000086c00000| Untracked 
| 109|0x0000000086d00000, 0x0000000086d00000, 0x0000000086e00000|  0%| F|  |TAMS 0x0000000086d00000, 0x0000000086d00000| Untracked 
| 110|0x0000000086e00000, 0x0000000086e00000, 0x0000000086f00000|  0%| F|  |TAMS 0x0000000086e00000, 0x0000000086e00000| Untracked 
| 111|0x0000000086f00000, 0x0000000086f00000, 0x0000000087000000|  0%| F|  |TAMS 0x0000000086f00000, 0x0000000086f00000| Untracked 
| 112|0x0000000087000000, 0x0000000087000000, 0x0000000087100000|  0%| F|  |TAMS 0x0000000087000000, 0x0000000087000000| Untracked 
| 113|0x0000000087100000, 0x0000000087100000, 0x0000000087200000|  0%| F|  |TAMS 0x0000000087100000, 0x0000000087100000| Untracked 
| 114|0x0000000087200000, 0x0000000087200000, 0x0000000087300000|  0%| F|  |TAMS 0x0000000087200000, 0x0000000087200000| Untracked 
| 115|0x0000000087300000, 0x0000000087300000, 0x0000000087400000|  0%| F|  |TAMS 0x0000000087300000, 0x0000000087300000| Untracked 
| 116|0x0000000087400000, 0x0000000087400000, 0x0000000087500000|  0%| F|  |TAMS 0x0000000087400000, 0x0000000087400000| Untracked 
| 117|0x0000000087500000, 0x0000000087500000, 0x0000000087600000|  0%| F|  |TAMS 0x0000000087500000, 0x0000000087500000| Untracked 
| 127|0x0000000087f00000, 0x0000000087f00000, 0x0000000088000000|  0%| F|  |TAMS 0x0000000087f00000, 0x0000000087f00000| Untracked 
|2045|0x00000000ffd00000, 0x00000000ffd00000, 0x00000000ffe00000|  0%| F|  |TAMS 0x00000000ffd00000, 0x00000000ffd00000| Untracked 
|2046|0x00000000ffe00000, 0x00000000fff00000, 0x00000000fff00000|100%| O|  |TAMS 0x00000000fff00000, 0x00000000fff00000| Untracked 
|2047|0x00000000fff00000, 0x0000000100000000, 0x0000000100000000|100%| O|  |TAMS 0x0000000100000000, 0x0000000100000000| Untracked 

Card table byte_map: [0x00000257fc990000,0x00000257fcd90000] _byte_map_base: 0x00000257fc590000

Marking Bits (Prev, Next): (CMBitMap*) 0x00000257ea10bae0, (CMBitMap*) 0x00000257ea10bb20
 Prev Bits: [0x00000257fd190000, 0x00000257ff190000)
 Next Bits: [0x0000025780000000, 0x0000025782000000)

Polling page: 0x00000257e8000000

Metaspace:

Usage:
  Non-class:     54.60 MB used.
      Class:      8.42 MB used.
       Both:     63.02 MB used.

Virtual space:
  Non-class space:       64.00 MB reserved,      54.94 MB ( 86%) committed,  1 nodes.
      Class space:        1.00 GB reserved,       8.69 MB ( <1%) committed,  1 nodes.
             Both:        1.06 GB reserved,      63.62 MB (  6%) committed. 

Chunk freelists:
   Non-Class:  8.17 MB
       Class:  7.36 MB
        Both:  15.53 MB

MaxMetaspaceSize: unlimited
CompressedClassSpaceSize: 1.00 GB
Initial GC threshold: 21.00 MB
Current GC threshold: 98.12 MB
CDS: off
MetaspaceReclaimPolicy: balanced
 - commit_granule_bytes: 65536.
 - commit_granule_words: 8192.
 - virtual_space_node_default_size: 8388608.
 - enlarge_chunks_in_place: 1.
 - new_chunks_are_fully_committed: 0.
 - uncommit_free_chunks: 1.
 - use_allocation_guard: 0.
 - handle_deallocations: 1.


Internal statistics:

num_allocs_failed_limit: 6.
num_arena_births: 738.
num_arena_deaths: 0.
num_vsnodes_births: 2.
num_vsnodes_deaths: 0.
num_space_committed: 1018.
num_space_uncommitted: 0.
num_chunks_returned_to_freelist: 6.
num_chunks_taken_from_freelist: 2947.
num_chunk_merges: 6.
num_chunk_splits: 1976.
num_chunks_enlarged: 1334.
num_inconsistent_stats: 0.

CodeHeap 'non-profiled nmethods': size=120000Kb used=3208Kb max_used=3511Kb free=116791Kb
 bounds [0x00000257f5060000, 0x00000257f53d0000, 0x00000257fc590000]
CodeHeap 'profiled nmethods': size=120000Kb used=11607Kb max_used=11852Kb free=108393Kb
 bounds [0x00000257ed590000, 0x00000257ee130000, 0x00000257f4ac0000]
CodeHeap 'non-nmethods': size=5760Kb used=2406Kb max_used=2406Kb free=3353Kb
 bounds [0x00000257f4ac0000, 0x00000257f4d30000, 0x00000257f5060000]
 total_blobs=6943 nmethods=6083 adapters=770
 compilation: enabled
              stopped_count=0, restarted_count=0
 full_count=0

Compilation events (20 events):
Event: 8.354 Thread 0x00000257ff91b910 6912       3       org.gradle.api.internal.provider.DefaultValueSourceProviderFactory$ValueSourceProvider::calculateOwnValue (14 bytes)
Event: 8.355 Thread 0x00000257ff91b910 nmethod 6912 0x00000257ed66bf10 code [0x00000257ed66c100, 0x00000257ed66c658]
Event: 8.355 Thread 0x00000257ff91b910 6914       3       org.gradle.api.internal.provider.AbstractProperty$NonFinalizedValue::explicitValue (7 bytes)
Event: 8.355 Thread 0x00000257ff91b910 nmethod 6914 0x00000257ed9ec910 code [0x00000257ed9ecaa0, 0x00000257ed9ecbb8]
Event: 8.355 Thread 0x00000257ff91b910 6916   !   3       org.gradle.internal.snapshot.impl.DefaultIsolatableFactory::isolate (24 bytes)
Event: 8.355 Thread 0x00000257ff91b910 nmethod 6916 0x00000257ed66b810 code [0x00000257ed66b9e0, 0x00000257ed66bd98]
Event: 8.355 Thread 0x00000257ff91b910 6915   !   3       org.gradle.internal.Try::ofFailable (16 bytes)
Event: 8.355 Thread 0x00000257ff91b910 nmethod 6915 0x00000257ed66ac10 code [0x00000257ed66ae20, 0x00000257ed66b528]
Event: 8.355 Thread 0x00000257ff91b910 6913   !   3       org.gradle.api.internal.provider.DefaultValueSourceProviderFactory$LazilyObtainedValue::obtain (145 bytes)
Event: 8.356 Thread 0x00000257ff91b910 nmethod 6913 0x00000257ed6a3b90 code [0x00000257ed6a3f40, 0x00000257ed6a58a8]
Event: 8.356 Thread 0x00000257ff91b910 6922   !   3       org.gradle.api.internal.provider.DefaultProvider::calculateOwnValue (19 bytes)
Event: 8.356 Thread 0x00000257ff91b910 nmethod 6922 0x00000257ed66a190 code [0x00000257ed66a380, 0x00000257ed66a938]
Event: 8.356 Thread 0x00000257ff91b910 6918       3       com.google.common.reflect.Types::newParameterizedType (17 bytes)
Event: 8.357 Thread 0x00000257ff91b910 nmethod 6918 0x00000257ed6a3190 code [0x00000257ed6a33a0, 0x00000257ed6a3938]
Event: 8.357 Thread 0x00000257ff91b910 6919       3       com.google.common.reflect.Types$ParameterizedTypeImpl::<init> (55 bytes)
Event: 8.357 Thread 0x00000257ff91b910 nmethod 6919 0x00000257ed6a2010 code [0x00000257ed6a2280, 0x00000257ed6a2e08]
Event: 8.357 Thread 0x00000257ff91b910 6921       3       org.gradle.api.internal.provider.ValueSupplier$Present::orNull (5 bytes)
Event: 8.358 Thread 0x00000257ff91b910 nmethod 6921 0x00000257ed669810 code [0x00000257ed6699e0, 0x00000257ed669e08]
Event: 8.358 Thread 0x00000257ff91b910 6917       3       com.google.common.collect.ImmutableMap$Builder::build (166 bytes)
Event: 8.359 Thread 0x00000257ff91b910 nmethod 6917 0x00000257edad3890 code [0x00000257edad3c20, 0x00000257edad5678]

GC Heap History (20 events):
Event: 5.306 GC heap before
{Heap before GC invocations=12 (full 0):
 garbage-first heap   total 82944K, used 63653K [0x0000000080000000, 0x0000000100000000)
  region size 1024K, 35 young (35840K), 3 survivors (3072K)
 Metaspace       used 47321K, committed 47744K, reserved 1114112K
  class space    used 6319K, committed 6464K, reserved 1048576K
}
Event: 5.313 GC heap after
{Heap after GC invocations=13 (full 0):
 garbage-first heap   total 82944K, used 35837K [0x0000000080000000, 0x0000000100000000)
  region size 1024K, 5 young (5120K), 5 survivors (5120K)
 Metaspace       used 47321K, committed 47744K, reserved 1114112K
  class space    used 6319K, committed 6464K, reserved 1048576K
}
Event: 5.671 GC heap before
{Heap before GC invocations=13 (full 0):
 garbage-first heap   total 82944K, used 65533K [0x0000000080000000, 0x0000000100000000)
  region size 1024K, 33 young (33792K), 5 survivors (5120K)
 Metaspace       used 49899K, committed 50368K, reserved 1114112K
  class space    used 6619K, committed 6848K, reserved 1048576K
}
Event: 5.677 GC heap after
{Heap after GC invocations=14 (full 0):
 garbage-first heap   total 82944K, used 38041K [0x0000000080000000, 0x0000000100000000)
  region size 1024K, 2 young (2048K), 2 survivors (2048K)
 Metaspace       used 49899K, committed 50368K, reserved 1114112K
  class space    used 6619K, committed 6848K, reserved 1048576K
}
Event: 6.225 GC heap before
{Heap before GC invocations=14 (full 0):
 garbage-first heap   total 82944K, used 64665K [0x0000000080000000, 0x0000000100000000)
  region size 1024K, 29 young (29696K), 2 survivors (2048K)
 Metaspace       used 53357K, committed 53824K, reserved 1114112K
  class space    used 7167K, committed 7360K, reserved 1048576K
}
Event: 6.229 GC heap after
{Heap after GC invocations=15 (full 0):
 garbage-first heap   total 82944K, used 39538K [0x0000000080000000, 0x0000000100000000)
  region size 1024K, 4 young (4096K), 4 survivors (4096K)
 Metaspace       used 53357K, committed 53824K, reserved 1114112K
  class space    used 7167K, committed 7360K, reserved 1048576K
}
Event: 6.729 GC heap before
{Heap before GC invocations=15 (full 0):
 garbage-first heap   total 82944K, used 65138K [0x0000000080000000, 0x0000000100000000)
  region size 1024K, 29 young (29696K), 4 survivors (4096K)
 Metaspace       used 56075K, committed 56576K, reserved 1114112K
  class space    used 7599K, committed 7808K, reserved 1048576K
}
Event: 6.734 GC heap after
{Heap after GC invocations=16 (full 0):
 garbage-first heap   total 82944K, used 41595K [0x0000000080000000, 0x0000000100000000)
  region size 1024K, 4 young (4096K), 4 survivors (4096K)
 Metaspace       used 56075K, committed 56576K, reserved 1114112K
  class space    used 7599K, committed 7808K, reserved 1048576K
}
Event: 7.099 GC heap before
{Heap before GC invocations=16 (full 0):
 garbage-first heap   total 82944K, used 65147K [0x0000000080000000, 0x0000000100000000)
  region size 1024K, 28 young (28672K), 4 survivors (4096K)
 Metaspace       used 56783K, committed 57280K, reserved 1114112K
  class space    used 7668K, committed 7872K, reserved 1048576K
}
Event: 7.105 GC heap after
{Heap after GC invocations=17 (full 0):
 garbage-first heap   total 100352K, used 46695K [0x0000000080000000, 0x0000000100000000)
  region size 1024K, 4 young (4096K), 4 survivors (4096K)
 Metaspace       used 56783K, committed 57280K, reserved 1114112K
  class space    used 7668K, committed 7872K, reserved 1048576K
}
Event: 7.542 GC heap before
{Heap before GC invocations=18 (full 0):
 garbage-first heap   total 100352K, used 87655K [0x0000000080000000, 0x0000000100000000)
  region size 1024K, 33 young (33792K), 4 survivors (4096K)
 Metaspace       used 57987K, committed 58560K, reserved 1114112K
  class space    used 7820K, committed 8064K, reserved 1048576K
}
Event: 7.550 GC heap after
{Heap after GC invocations=19 (full 0):
 garbage-first heap   total 103424K, used 68148K [0x0000000080000000, 0x0000000100000000)
  region size 1024K, 5 young (5120K), 5 survivors (5120K)
 Metaspace       used 57987K, committed 58560K, reserved 1114112K
  class space    used 7820K, committed 8064K, reserved 1048576K
}
Event: 7.565 GC heap before
{Heap before GC invocations=19 (full 0):
 garbage-first heap   total 103424K, used 68148K [0x0000000080000000, 0x0000000100000000)
  region size 1024K, 6 young (6144K), 5 survivors (5120K)
 Metaspace       used 58037K, committed 58560K, reserved 1114112K
  class space    used 7832K, committed 8064K, reserved 1048576K
}
Event: 7.568 GC heap after
{Heap after GC invocations=20 (full 0):
 garbage-first heap   total 103424K, used 68627K [0x0000000080000000, 0x0000000100000000)
  region size 1024K, 1 young (1024K), 1 survivors (1024K)
 Metaspace       used 58037K, committed 58560K, reserved 1114112K
  class space    used 7832K, committed 8064K, reserved 1048576K
}
Event: 7.729 GC heap before
{Heap before GC invocations=20 (full 0):
 garbage-first heap   total 103424K, used 82963K [0x0000000080000000, 0x0000000100000000)
  region size 1024K, 15 young (15360K), 1 survivors (1024K)
 Metaspace       used 59278K, committed 59904K, reserved 1114112K
  class space    used 8029K, committed 8320K, reserved 1048576K
}
Event: 7.731 GC heap after
{Heap after GC invocations=21 (full 0):
 garbage-first heap   total 103424K, used 68782K [0x0000000080000000, 0x0000000100000000)
  region size 1024K, 1 young (1024K), 1 survivors (1024K)
 Metaspace       used 59278K, committed 59904K, reserved 1114112K
  class space    used 8029K, committed 8320K, reserved 1048576K
}
Event: 7.937 GC heap before
{Heap before GC invocations=22 (full 0):
 garbage-first heap   total 124928K, used 84142K [0x0000000080000000, 0x0000000100000000)
  region size 1024K, 16 young (16384K), 1 survivors (1024K)
 Metaspace       used 60778K, committed 61376K, reserved 1114112K
  class space    used 8209K, committed 8512K, reserved 1048576K
}
Event: 7.940 GC heap after
{Heap after GC invocations=23 (full 0):
 garbage-first heap   total 124928K, used 69152K [0x0000000080000000, 0x0000000100000000)
  region size 1024K, 1 young (1024K), 1 survivors (1024K)
 Metaspace       used 60778K, committed 61376K, reserved 1114112K
  class space    used 8209K, committed 8512K, reserved 1048576K
}
Event: 7.994 GC heap before
{Heap before GC invocations=23 (full 0):
 garbage-first heap   total 124928K, used 73248K [0x0000000080000000, 0x0000000100000000)
  region size 1024K, 6 young (6144K), 1 survivors (1024K)
 Metaspace       used 61379K, committed 61952K, reserved 1114112K
  class space    used 8260K, committed 8512K, reserved 1048576K
}
Event: 7.996 GC heap after
{Heap after GC invocations=24 (full 0):
 garbage-first heap   total 124928K, used 68724K [0x0000000080000000, 0x0000000100000000)
  region size 1024K, 1 young (1024K), 1 survivors (1024K)
 Metaspace       used 61379K, committed 61952K, reserved 1114112K
  class space    used 8260K, committed 8512K, reserved 1048576K
}

Dll operation events (3 events):
Event: 0.020 Loaded shared library D:\desidev\android-studio-2023.1.1.22-windows\android-studio\jbr\bin\java.dll
Event: 0.148 Loaded shared library D:\desidev\android-studio-2023.1.1.22-windows\android-studio\jbr\bin\zip.dll
Event: 0.474 Loaded shared library D:\desidev\android-studio-2023.1.1.22-windows\android-studio\jbr\bin\verify.dll

Deoptimization events (20 events):
Event: 7.906 Thread 0x00000257896c6440 Uncommon trap: trap_request=0xffffffde fr.pc=0x00000257f52b8d00 relative=0x00000000000003a0
Event: 7.906 Thread 0x00000257896c6440 Uncommon trap: reason=class_check action=maybe_recompile pc=0x00000257f52b8d00 method=java.util.stream.AbstractPipeline.copyIntoWithCancel(Ljava/util/stream/Sink;Ljava/util/Spliterator;)Z @ 32 c2
Event: 7.906 Thread 0x00000257896c6440 DEOPT PACKING pc=0x00000257f52b8d00 sp=0x0000009d93ef5780
Event: 7.906 Thread 0x00000257896c6440 DEOPT UNPACKING pc=0x00000257f4b169a3 sp=0x0000009d93ef5640 mode 2
Event: 7.906 Thread 0x00000257896c6440 Uncommon trap: trap_request=0xffffffde fr.pc=0x00000257f52b8d00 relative=0x00000000000003a0
Event: 7.906 Thread 0x00000257896c6440 Uncommon trap: reason=class_check action=maybe_recompile pc=0x00000257f52b8d00 method=java.util.stream.AbstractPipeline.copyIntoWithCancel(Ljava/util/stream/Sink;Ljava/util/Spliterator;)Z @ 32 c2
Event: 7.906 Thread 0x00000257896c6440 DEOPT PACKING pc=0x00000257f52b8d00 sp=0x0000009d93ef5780
Event: 7.906 Thread 0x00000257896c6440 DEOPT UNPACKING pc=0x00000257f4b169a3 sp=0x0000009d93ef5640 mode 2
Event: 7.906 Thread 0x00000257896c6440 Uncommon trap: trap_request=0xffffffde fr.pc=0x00000257f52b8d00 relative=0x00000000000003a0
Event: 7.906 Thread 0x00000257896c6440 Uncommon trap: reason=class_check action=maybe_recompile pc=0x00000257f52b8d00 method=java.util.stream.AbstractPipeline.copyIntoWithCancel(Ljava/util/stream/Sink;Ljava/util/Spliterator;)Z @ 32 c2
Event: 7.906 Thread 0x00000257896c6440 DEOPT PACKING pc=0x00000257f52b8d00 sp=0x0000009d93ef5780
Event: 7.906 Thread 0x00000257896c6440 DEOPT UNPACKING pc=0x00000257f4b169a3 sp=0x0000009d93ef5640 mode 2
Event: 7.940 Thread 0x00000257ffa46f10 Uncommon trap: trap_request=0xffffffde fr.pc=0x00000257f5231dd4 relative=0x00000000000004b4
Event: 7.940 Thread 0x00000257ffa46f10 Uncommon trap: reason=class_check action=maybe_recompile pc=0x00000257f5231dd4 method=jdk.internal.ref.PhantomCleanable.clean()V @ 12 c2
Event: 7.940 Thread 0x00000257ffa46f10 DEOPT PACKING pc=0x00000257f5231dd4 sp=0x0000009d932ff4a0
Event: 7.940 Thread 0x00000257ffa46f10 DEOPT UNPACKING pc=0x00000257f4b169a3 sp=0x0000009d932ff480 mode 2
Event: 8.072 Thread 0x00000257896c6440 Uncommon trap: trap_request=0xfffffff4 fr.pc=0x00000257f50dd368 relative=0x0000000000000068
Event: 8.072 Thread 0x00000257896c6440 Uncommon trap: reason=null_check action=make_not_entrant pc=0x00000257f50dd368 method=java.lang.Class.isAnnotation()Z @ 1 c2
Event: 8.072 Thread 0x00000257896c6440 DEOPT PACKING pc=0x00000257f50dd368 sp=0x0000009d93ef60f0
Event: 8.072 Thread 0x00000257896c6440 DEOPT UNPACKING pc=0x00000257f4b169a3 sp=0x0000009d93ef6080 mode 2

Classes unloaded (0 events):
No events

Classes redefined (0 events):
No events

Internal exceptions (20 events):
Event: 6.584 Thread 0x00000257896c6440 Exception <a 'java/lang/NoSuchMethodError'{0x0000000083d19a18}: 'java.lang.Object java.lang.invoke.DirectMethodHandle$Holder.invokeSpecial(java.lang.Object, java.lang.Object, java.lang.Object, java.lang.Object, java.lang.Object, java.lang.Object, int)'> (0x0000000083d19a18) 
thrown [s\src\hotspot\share\interpreter\linkResolver.cpp, line 771]
Event: 6.597 Thread 0x00000257896c6440 Exception <a 'java/lang/NoSuchMethodError'{0x0000000083dc9b20}: 'void java.lang.invoke.DirectMethodHandle$Holder.invokeStatic(java.lang.Object, java.lang.Object, java.lang.Object, int, java.lang.Object)'> (0x0000000083dc9b20) 
thrown [s\src\hotspot\share\interpreter\linkResolver.cpp, line 771]
Event: 6.914 Thread 0x00000257896c6440 Implicit null exception at 0x00000257f53b84ef to 0x00000257f53b874c
Event: 7.098 Thread 0x00000257896c6440 Exception <a 'java/lang/NoSuchMethodError'{0x00000000839a2b38}: 'long java.lang.invoke.DirectMethodHandle$Holder.invokeVirtual(java.lang.Object, java.lang.Object)'> (0x00000000839a2b38) 
thrown [s\src\hotspot\share\interpreter\linkResolver.cpp, line 771]
Event: 7.109 Thread 0x000002578991f450 Exception <a 'java/lang/NoSuchMethodError'{0x0000000087f81fe8}: static Lorg/gradle/internal/build/event/types/DefaultOperationFinishedProgressEvent;.<clinit>()V> (0x0000000087f81fe8) 
thrown [s\src\hotspot\share\prims\jni.cpp, line 1108]
Event: 7.112 Thread 0x000002578991f450 Exception <a 'java/lang/NoSuchMethodError'{0x0000000087fac918}: static Lorg/gradle/internal/build/event/types/DefaultProjectConfigurationSuccessResult;.<clinit>()V> (0x0000000087fac918) 
thrown [s\src\hotspot\share\prims\jni.cpp, line 1108]
Event: 7.112 Thread 0x000002578991f450 Exception <a 'java/lang/NoSuchMethodError'{0x0000000087fade98}: static Lorg/gradle/internal/build/event/types/AbstractProjectConfigurationResult;.<clinit>()V> (0x0000000087fade98) 
thrown [s\src\hotspot\share\prims\jni.cpp, line 1108]
Event: 7.117 Thread 0x000002578991f450 Exception <a 'java/lang/NoSuchMethodError'{0x0000000087faf5d8}: static Lorg/gradle/internal/build/event/types/AbstractOperationResult;.<clinit>()V> (0x0000000087faf5d8) 
thrown [s\src\hotspot\share\prims\jni.cpp, line 1108]
Event: 7.117 Thread 0x000002578991f450 Exception <a 'java/lang/NoSuchMethodError'{0x0000000087fb0a38}: static Lorg/gradle/internal/build/event/types/AbstractResult;.<clinit>()V> (0x0000000087fb0a38) 
thrown [s\src\hotspot\share\prims\jni.cpp, line 1108]
Event: 7.119 Thread 0x000002578991f450 Exception <a 'java/lang/NoSuchMethodError'{0x0000000087fc9698}: static Lorg/gradle/internal/build/event/types/DefaultPluginApplicationResult;.<clinit>()V> (0x0000000087fc9698) 
thrown [s\src\hotspot\share\prims\jni.cpp, line 1108]
Event: 7.119 Thread 0x000002578991f450 Exception <a 'java/lang/NoSuchMethodError'{0x0000000087fd60a0}: static Lorg/gradle/internal/build/event/types/DefaultBinaryPluginIdentifier;.<clinit>()V> (0x0000000087fd60a0) 
thrown [s\src\hotspot\share\prims\jni.cpp, line 1108]
Event: 7.121 Thread 0x000002578991f450 Exception <a 'java/lang/NoSuchMethodError'{0x0000000087fefbf0}: static Lorg/gradle/internal/build/event/types/DefaultScriptPluginIdentifier;.<clinit>()V> (0x0000000087fefbf0) 
thrown [s\src\hotspot\share\prims\jni.cpp, line 1108]
Event: 7.195 Thread 0x00000257896c6440 Implicit null exception at 0x00000257f5391912 to 0x00000257f5392030
Event: 7.195 Thread 0x00000257896c6440 Implicit null exception at 0x00000257f538f494 to 0x00000257f538fb40
Event: 7.390 Thread 0x00000257896c6440 Exception <a 'java/lang/ClassNotFoundException'{0x00000000853f9348}: org/gradle/api/internal/plugins/DefaultObjectConfigurationActionBeanInfo> (0x00000000853f9348) 
thrown [s\src\hotspot\share\classfile\systemDictionary.cpp, line 256]
Event: 7.391 Thread 0x00000257896c6440 Exception <a 'java/lang/ClassNotFoundException'{0x00000000852102c8}: org/gradle/api/internal/plugins/DefaultObjectConfigurationActionCustomizer> (0x00000000852102c8) 
thrown [s\src\hotspot\share\classfile\systemDictionary.cpp, line 256]
Event: 7.630 Thread 0x00000257896c6440 Exception <a 'java/lang/NoSuchMethodError'{0x0000000085cef130}: 'java.lang.Object java.lang.invoke.DirectMethodHandle$Holder.newInvokeSpecial(java.lang.Object, java.lang.Object, java.lang.Object, java.lang.Object, int)'> (0x0000000085cef130) 
thrown [s\src\hotspot\share\interpreter\linkResolver.cpp, line 771]
Event: 7.630 Thread 0x00000257896c6440 Exception <a 'java/lang/NoSuchMethodError'{0x0000000085cf4820}: 'java.lang.Object java.lang.invoke.DirectMethodHandle$Holder.invokeSpecial(java.lang.Object, java.lang.Object, java.lang.Object, java.lang.Object, java.lang.Object, int)'> (0x0000000085cf4820) 
thrown [s\src\hotspot\share\interpreter\linkResolver.cpp, line 771]
Event: 7.631 Thread 0x00000257896c6440 Exception <a 'java/lang/NoSuchMethodError'{0x0000000085cf9848}: 'java.lang.Object java.lang.invoke.Invokers$Holder.linkToTargetMethod(java.lang.Object, java.lang.Object, java.lang.Object, int, java.lang.Object)'> (0x0000000085cf9848) 
thrown [s\src\hotspot\share\interpreter\linkResolver.cpp, line 771]
Event: 7.871 Thread 0x00000257896c6440 Exception <a 'java/lang/NoSuchMethodError'{0x00000000871c7988}: 'int java.lang.invoke.DirectMethodHandle$Holder.invokeInterface(java.lang.Object, java.lang.Object, java.lang.Object, java.lang.Object)'> (0x00000000871c7988) 
thrown [s\src\hotspot\share\interpreter\linkResolver.cpp, line 771]

VM Operations (20 events):
Event: 7.542 Executing VM operation: G1CollectForAllocation
Event: 7.550 Executing VM operation: G1CollectForAllocation done
Event: 7.565 Executing VM operation: G1CollectForAllocation
Event: 7.568 Executing VM operation: G1CollectForAllocation done
Event: 7.654 Executing VM operation: HandshakeAllThreads
Event: 7.654 Executing VM operation: HandshakeAllThreads done
Event: 7.729 Executing VM operation: G1CollectForAllocation
Event: 7.731 Executing VM operation: G1CollectForAllocation done
Event: 7.791 Executing VM operation: G1Concurrent
Event: 7.803 Executing VM operation: G1Concurrent done
Event: 7.833 Executing VM operation: G1Concurrent
Event: 7.833 Executing VM operation: G1Concurrent done
Event: 7.865 Executing VM operation: HandshakeAllThreads
Event: 7.865 Executing VM operation: HandshakeAllThreads done
Event: 7.871 Executing VM operation: HandshakeAllThreads
Event: 7.871 Executing VM operation: HandshakeAllThreads done
Event: 7.937 Executing VM operation: G1CollectForAllocation
Event: 7.940 Executing VM operation: G1CollectForAllocation done
Event: 7.994 Executing VM operation: G1CollectForAllocation
Event: 7.996 Executing VM operation: G1CollectForAllocation done

Events (20 events):
Event: 8.052 loading class java/time/format/DateTimeTextProvider done
Event: 8.052 loading class java/time/format/DateTimeTextProvider$1
Event: 8.053 loading class java/time/format/DateTimeTextProvider$1 done
Event: 8.053 loading class java/time/format/DateTimeFormatterBuilder$1
Event: 8.053 loading class java/time/format/DateTimeFormatterBuilder$1 done
Event: 8.053 loading class java/time/format/DateTimeFormatterBuilder$TextPrinterParser
Event: 8.053 loading class java/time/format/DateTimeFormatterBuilder$TextPrinterParser done
Event: 8.053 loading class java/util/concurrent/Executors$DefaultThreadFactory
Event: 8.053 loading class java/util/concurrent/Executors$DefaultThreadFactory done
Event: 8.090 Thread 0x000002578ba136c0 Thread added: 0x000002578ba136c0
Event: 8.165 loading class java/nio/charset/UnsupportedCharsetException
Event: 8.165 loading class java/nio/charset/UnsupportedCharsetException done
Event: 8.193 loading class java/util/IdentityHashMap$KeyIterator
Event: 8.193 loading class java/util/IdentityHashMap$IdentityHashMapIterator
Event: 8.194 loading class java/util/IdentityHashMap$IdentityHashMapIterator done
Event: 8.194 loading class java/util/IdentityHashMap$KeyIterator done
Event: 8.206 loading class jdk/internal/access/foreign/MemorySegmentProxy
Event: 8.207 loading class jdk/internal/access/foreign/MemorySegmentProxy done
Event: 8.360 loading class java/util/regex/Pattern$1
Event: 8.360 loading class java/util/regex/Pattern$1 done


Dynamic libraries:
0x00007ff733f80000 - 0x00007ff733f8a000 	D:\desidev\android-studio-2023.1.1.22-windows\android-studio\jbr\bin\java.exe
0x00007ffa97dd0000 - 0x00007ffa97fc7000 	C:\Windows\SYSTEM32\ntdll.dll
0x00007ffa974d0000 - 0x00007ffa9758d000 	C:\Windows\System32\KERNEL32.DLL
0x00007ffa958b0000 - 0x00007ffa95ba6000 	C:\Windows\System32\KERNELBASE.dll
0x00007ffa95d00000 - 0x00007ffa95e00000 	C:\Windows\System32\ucrtbase.dll
0x00007ffa80920000 - 0x00007ffa8093b000 	D:\desidev\android-studio-2023.1.1.22-windows\android-studio\jbr\bin\VCRUNTIME140.dll
0x00007ffa83010000 - 0x00007ffa83027000 	D:\desidev\android-studio-2023.1.1.22-windows\android-studio\jbr\bin\jli.dll
0x00007ffa976b0000 - 0x00007ffa9784e000 	C:\Windows\System32\USER32.dll
0x00007ffa79bd0000 - 0x00007ffa79e6a000 	C:\Windows\WinSxS\amd64_microsoft.windows.common-controls_6595b64144ccf1df_6.0.19041.3570_none_60bb2a3971f3e41a\COMCTL32.dll
0x00007ffa95e00000 - 0x00007ffa95e22000 	C:\Windows\System32\win32u.dll
0x00007ffa97950000 - 0x00007ffa979ee000 	C:\Windows\System32\msvcrt.dll
0x00007ffa97920000 - 0x00007ffa9794c000 	C:\Windows\System32\GDI32.dll
0x00007ffa95530000 - 0x00007ffa9564a000 	C:\Windows\System32\gdi32full.dll
0x00007ffa95bb0000 - 0x00007ffa95c4d000 	C:\Windows\System32\msvcp_win.dll
0x00007ffa964a0000 - 0x00007ffa964d0000 	C:\Windows\System32\IMM32.DLL
0x00007ffa82e40000 - 0x00007ffa82e4c000 	D:\desidev\android-studio-2023.1.1.22-windows\android-studio\jbr\bin\vcruntime140_1.dll
0x00007ffa6ea40000 - 0x00007ffa6eacd000 	D:\desidev\android-studio-2023.1.1.22-windows\android-studio\jbr\bin\msvcp140.dll
0x00007ffa611e0000 - 0x00007ffa61e60000 	D:\desidev\android-studio-2023.1.1.22-windows\android-studio\jbr\bin\server\jvm.dll
0x00007ffa95f10000 - 0x00007ffa95fbe000 	C:\Windows\System32\ADVAPI32.dll
0x00007ffa97600000 - 0x00007ffa9769c000 	C:\Windows\System32\sechost.dll
0x00007ffa97c60000 - 0x00007ffa97d86000 	C:\Windows\System32\RPCRT4.dll
0x00007ffa92c20000 - 0x00007ffa92c29000 	C:\Windows\SYSTEM32\WSOCK32.dll
0x00007ffa969f0000 - 0x00007ffa96a5b000 	C:\Windows\System32\WS2_32.dll
0x00007ffa8ef70000 - 0x00007ffa8ef7a000 	C:\Windows\SYSTEM32\VERSION.dll
0x00007ffa84df0000 - 0x00007ffa84e17000 	C:\Windows\SYSTEM32\WINMM.dll
0x00007ffa93330000 - 0x00007ffa93342000 	C:\Windows\SYSTEM32\kernel.appcore.dll
0x00007ffa90f70000 - 0x00007ffa90f7a000 	D:\desidev\android-studio-2023.1.1.22-windows\android-studio\jbr\bin\jimage.dll
0x00007ffa7f380000 - 0x00007ffa7f564000 	C:\Windows\SYSTEM32\DBGHELP.DLL
0x00007ffa7f200000 - 0x00007ffa7f234000 	C:\Windows\SYSTEM32\dbgcore.DLL
0x00007ffa957b0000 - 0x00007ffa95832000 	C:\Windows\System32\bcryptPrimitives.dll
0x00007ffa86f70000 - 0x00007ffa86f7e000 	D:\desidev\android-studio-2023.1.1.22-windows\android-studio\jbr\bin\instrument.dll
0x00007ffa8d120000 - 0x00007ffa8d145000 	D:\desidev\android-studio-2023.1.1.22-windows\android-studio\jbr\bin\java.dll
0x00007ffa8ef80000 - 0x00007ffa8ef98000 	D:\desidev\android-studio-2023.1.1.22-windows\android-studio\jbr\bin\zip.dll
0x00007ffa96a60000 - 0x00007ffa971a4000 	C:\Windows\System32\SHELL32.dll
0x00007ffa93530000 - 0x00007ffa93ccb000 	C:\Windows\SYSTEM32\windows.storage.dll
0x00007ffa960e0000 - 0x00007ffa96434000 	C:\Windows\System32\combase.dll
0x00007ffa94d40000 - 0x00007ffa94d6d000 	C:\Windows\SYSTEM32\Wldp.dll
0x00007ffa97a80000 - 0x00007ffa97b2d000 	C:\Windows\System32\SHCORE.dll
0x00007ffa96440000 - 0x00007ffa96495000 	C:\Windows\System32\shlwapi.dll
0x00007ffa953e0000 - 0x00007ffa95405000 	C:\Windows\SYSTEM32\profapi.dll
0x00007ffa8d0e0000 - 0x00007ffa8d0f9000 	D:\desidev\android-studio-2023.1.1.22-windows\android-studio\jbr\bin\net.dll
0x00007ffa8f240000 - 0x00007ffa8f34a000 	C:\Windows\SYSTEM32\WINHTTP.dll
0x00007ffa94b20000 - 0x00007ffa94b8a000 	C:\Windows\system32\mswsock.dll
0x00007ffa832b0000 - 0x00007ffa832c6000 	D:\desidev\android-studio-2023.1.1.22-windows\android-studio\jbr\bin\nio.dll
0x00007ffa90ef0000 - 0x00007ffa90f00000 	D:\desidev\android-studio-2023.1.1.22-windows\android-studio\jbr\bin\verify.dll
0x00007ffa811b0000 - 0x00007ffa811d7000 	C:\Users\nsxyl\.gradle\native\68d5fa5c4cc2d200863cafc0d521ce42e7d3e7ee720ec0a83991735586a16f82\windows-amd64\native-platform.dll
0x00007ffa66090000 - 0x00007ffa661d4000 	C:\Users\nsxyl\.gradle\native\e376f236ea51e6404a007f0833ffe2c6e607c4080706a723a18a27aeea778392\windows-amd64\native-platform-file-events.dll
0x00007ffa87050000 - 0x00007ffa87059000 	D:\desidev\android-studio-2023.1.1.22-windows\android-studio\jbr\bin\management.dll
0x00007ffa86ff0000 - 0x00007ffa86ffb000 	D:\desidev\android-studio-2023.1.1.22-windows\android-studio\jbr\bin\management_ext.dll
0x00007ffa979f0000 - 0x00007ffa979f8000 	C:\Windows\System32\PSAPI.DLL
0x00007ffa94d80000 - 0x00007ffa94d98000 	C:\Windows\SYSTEM32\CRYPTSP.dll
0x00007ffa94450000 - 0x00007ffa94484000 	C:\Windows\system32\rsaenh.dll
0x00007ffa954b0000 - 0x00007ffa954d7000 	C:\Windows\System32\bcrypt.dll
0x00007ffa95360000 - 0x00007ffa9538e000 	C:\Windows\SYSTEM32\USERENV.dll
0x00007ffa94cb0000 - 0x00007ffa94cbc000 	C:\Windows\SYSTEM32\CRYPTBASE.dll
0x00007ffa94830000 - 0x00007ffa9486b000 	C:\Windows\SYSTEM32\IPHLPAPI.DLL
0x00007ffa976a0000 - 0x00007ffa976a8000 	C:\Windows\System32\NSI.dll
0x00007ffa8d380000 - 0x00007ffa8d397000 	C:\Windows\SYSTEM32\dhcpcsvc6.DLL
0x00007ffa8d540000 - 0x00007ffa8d55d000 	C:\Windows\SYSTEM32\dhcpcsvc.DLL
0x00007ffa94870000 - 0x00007ffa9493a000 	C:\Windows\SYSTEM32\DNSAPI.dll
0x00007ffa90f30000 - 0x00007ffa90f37000 	C:\Windows\system32\wshunix.dll

dbghelp: loaded successfully - version: 4.0.5 - missing functions: none
symbol engine: initialized successfully - sym options: 0x614 - pdb path: .;D:\desidev\android-studio-2023.1.1.22-windows\android-studio\jbr\bin;C:\Windows\SYSTEM32;C:\Windows\WinSxS\amd64_microsoft.windows.common-controls_6595b64144ccf1df_6.0.19041.3570_none_60bb2a3971f3e41a;D:\desidev\android-studio-2023.1.1.22-windows\android-studio\jbr\bin\server;C:\Users\nsxyl\.gradle\native\68d5fa5c4cc2d200863cafc0d521ce42e7d3e7ee720ec0a83991735586a16f82\windows-amd64;C:\Users\nsxyl\.gradle\native\e376f236ea51e6404a007f0833ffe2c6e607c4080706a723a18a27aeea778392\windows-amd64

VM Arguments:
jvm_args: --add-opens=java.base/java.util.concurrent.atomic=ALL-UNNAMED --add-opens=java.base/java.util=ALL-UNNAMED --add-opens=java.base/java.lang=ALL-UNNAMED --add-opens=java.base/java.lang.invoke=ALL-UNNAMED --add-opens=java.prefs/java.util.prefs=ALL-UNNAMED --add-opens=java.base/java.nio.charset=ALL-UNNAMED --add-opens=java.base/java.net=ALL-UNNAMED --add-opens=java.base/java.util.concurrent.atomic=ALL-UNNAMED -Xmx2048m -Dfile.encoding=UTF-8 -Duser.country=IN -Duser.language=en -Duser.variant -javaagent:C:\Users\nsxyl\.gradle\wrapper\dists\gradle-8.2-bin\bbg7u40eoinfdyxsxr3z4i7ta\gradle-8.2\lib\agents\gradle-instrumentation-agent-8.2.jar 
java_command: org.gradle.launcher.daemon.bootstrap.GradleDaemon 8.2
java_class_path (initial): C:\Users\nsxyl\.gradle\wrapper\dists\gradle-8.2-bin\bbg7u40eoinfdyxsxr3z4i7ta\gradle-8.2\lib\gradle-launcher-8.2.jar
Launcher Type: SUN_STANDARD

[Global flags]
     intx CICompilerCount                          = 3                                         {product} {ergonomic}
     uint ConcGCThreads                            = 1                                         {product} {ergonomic}
     uint G1ConcRefinementThreads                  = 4                                         {product} {ergonomic}
   size_t G1HeapRegionSize                         = 1048576                                   {product} {ergonomic}
    uintx GCDrainStackTargetSize                   = 64                                        {product} {ergonomic}
   size_t InitialHeapSize                          = 134217728                                 {product} {ergonomic}
   size_t MarkStackSize                            = 4194304                                   {product} {ergonomic}
   size_t MaxHeapSize                              = 2147483648                                {product} {command line}
   size_t MaxNewSize                               = 1287651328                                {product} {ergonomic}
   size_t MinHeapDeltaBytes                        = 1048576                                   {product} {ergonomic}
   size_t MinHeapSize                              = 8388608                                   {product} {ergonomic}
    uintx NonNMethodCodeHeapSize                   = 5832780                                {pd product} {ergonomic}
    uintx NonProfiledCodeHeapSize                  = 122912730                              {pd product} {ergonomic}
    uintx ProfiledCodeHeapSize                     = 122912730                              {pd product} {ergonomic}
    uintx ReservedCodeCacheSize                    = 251658240                              {pd product} {ergonomic}
     bool SegmentedCodeCache                       = true                                      {product} {ergonomic}
   size_t SoftMaxHeapSize                          = 2147483648                             {manageable} {ergonomic}
     bool UseCompressedClassPointers               = true                           {product lp64_product} {ergonomic}
     bool UseCompressedOops                        = true                           {product lp64_product} {ergonomic}
     bool UseG1GC                                  = true                                      {product} {ergonomic}
     bool UseLargePagesIndividualAllocation        = false                                  {pd product} {ergonomic}

Logging:
Log output configuration:
 #0: stdout all=warning uptime,level,tags
 #1: stderr all=off uptime,level,tags

Environment Variables:
JAVA_HOME=C:\Program Files\Java\jdk-17
PATH=C:\Windows\system32;C:\Windows;C:\Windows\System32\Wbem;C:\Windows\System32\WindowsPowerShell\v1.0\;C:\Windows\System32\OpenSSH\;C:\Users\nsxyl\android-sdk\platform-tools;C:\Program Files\Docker\Docker\resources\bin;C:\Program Files\Git\cmd;C:\Program Files\MySQL\MySQL Shell 8.0\bin\;C:\Windows\system32;C:\Windows;C:\Windows\System32\Wbem;C:\Windows\System32\WindowsPowerShell\v1.0\;C:\Windows\System32\OpenSSH\;C:\Windows\system32;C:\Windows;C:\Windows\System32\Wbem;C:\Windows\System32\WindowsPowerShell\v1.0\;C:\Windows\System32\OpenSSH\;C:\Windows\system32;C:\Windows;C:\Windows\System32\Wbem;C:\Windows\System32\WindowsPowerShell\v1.0\;C:\Windows\System32\OpenSSH\;C:\Windows\system32;C:\Windows;C:\Windows\System32\Wbem;C:\Windows\System32\WindowsPowerShell\v1.0\;C:\Windows\System32\OpenSSH\;C:\Users\nsxyl\.cargo\bin;C:\Users\nsxyl\AppData\Local\Microsoft\WindowsApps;C:\Users\nsxyl\AppData\Local\GitHubDesktop\bin;C:\Program Files\CMake\bin;C:\android\platform-tools;C:\Users\nsxyl\AppData\Local\Programs\Microsoft VS Code\bin;D:\desidev\flutter\bin;C:\Program Files\Java\jdk-17\bin;C:\Users\nsxyl\cmdline-tools\bin;C:\Users\nsxyl\android-sdk\platform-tools;C:\ProgramData\nsxyl\gitkraken\bin;C:\Users\nsxyl\ProtocolBuffer\bin;C:\Users\nsxyl\AppData\Local\Packages\PythonSoftwareFoundation.Python.3.11_qbz5n2kfra8p0\LocalCache\local-packages\Python311\Scripts;C:\Program Files\OpenSSL-Win64\bin;
USERNAME=nsxyl
OS=Windows_NT
PROCESSOR_IDENTIFIER=Intel64 Family 6 Model 158 Stepping 9, GenuineIntel
TMP=C:\Users\nsxyl\AppData\Local\Temp
TEMP=C:\Users\nsxyl\AppData\Local\Temp


JNI global refs:
JNI global refs: 27, weak refs: 1

JNI global refs memory usage: 843, weak refs: 841

OOME stack traces (most recent first):
Classloader memory used:
Loader org.gradle.internal.classloader.VisitableURLClassLoader                         : 3671K
Loader bootstrap                                                                       : 2479K
Loader org.gradle.initialization.MixInLegacyTypesClassLoader                           : 1032K
Loader org.gradle.internal.classloader.VisitableURLClassLoader$InstrumentingVisitableURLClassLoader: 746K
Loader jdk.internal.loader.ClassLoaders$PlatformClassLoader                            : 66772B
Loader jdk.internal.loader.ClassLoaders$AppClassLoader                                 : 28352B
Loader jdk.internal.reflect.DelegatingClassLoader                                      : 25144B
Loader org.gradle.groovy.scripts.internal.DefaultScriptCompilationHandler$ScriptClassLoader: 16657B
Loader org.codehaus.groovy.runtime.callsite.CallSiteClassLoader                        : 2081B

Classes loaded by more than one classloader:
Class Program                                                                         : loaded 4 times (x 72B)
Class com.google.common.collect.Iterators$MergingIterator                             : loaded 2 times (x 79B)
Class [Lcom.google.common.collect.AbstractMapEntry;                                   : loaded 2 times (x 67B)
Class com.google.common.collect.SingletonImmutableList                                : loaded 2 times (x 167B)
Class com.google.common.cache.CacheLoader$SupplierToCacheLoader                       : loaded 2 times (x 73B)
Class org.gradle.internal.classpath.ClassPath                                         : loaded 2 times (x 68B)
Class com.google.common.cache.RemovalListener                                         : loaded 2 times (x 68B)
Class org.gradle.api.internal.classpath.DefaultModuleRegistry                         : loaded 2 times (x 84B)
Class Settings_gradle$1$1                                                             : loaded 2 times (x 72B)
Class com.google.common.collect.ListMultimap                                          : loaded 2 times (x 68B)
Class com.google.common.base.CharMatcher$JavaDigit                                    : loaded 2 times (x 109B)
Class com.google.common.base.CharMatcher$Digit                                        : loaded 2 times (x 110B)
Class com.google.common.collect.AbstractMultimap                                      : loaded 2 times (x 121B)
Class com.google.common.cache.CacheBuilder$OneWeigher                                 : loaded 2 times (x 80B)
Class org.gradle.api.Action                                                           : loaded 2 times (x 68B)
Class com.google.common.collect.ImmutableEntry                                        : loaded 2 times (x 80B)
Class com.google.common.collect.Lists$StringAsImmutableList                           : loaded 2 times (x 167B)
Class com.google.common.cache.LocalCache$StrongEntry                                  : loaded 2 times (x 106B)
Class com.google.common.base.CharMatcher                                              : loaded 2 times (x 109B)
Class com.google.common.base.CharMatcher$IsNot                                        : loaded 2 times (x 109B)
Class com.google.common.base.Splitter                                                 : loaded 2 times (x 70B)
Class [Lcom.google.common.cache.Weigher;                                              : loaded 2 times (x 67B)
Class com.google.common.collect.Iterators$ArrayItr                                    : loaded 2 times (x 95B)
Class com.google.common.cache.LocalCache$Segment                                      : loaded 2 times (x 152B)
Class org.gradle.api.internal.DefaultClassPathProvider                                : loaded 2 times (x 74B)
Class org.gradle.internal.installation.GradleInstallation$1                           : loaded 2 times (x 73B)
Class com.google.common.cache.LocalCache$AbstractReferenceEntry                       : loaded 2 times (x 105B)
Class com.google.common.util.concurrent.AbstractFuture$Failure                        : loaded 2 times (x 70B)
Class com.google.common.base.CharMatcher$BitSetMatcher                                : loaded 2 times (x 110B)
Class com.google.common.collect.ImmutableMap$IteratorBasedImmutableMap                : loaded 2 times (x 123B)
Class com.google.common.collect.ImmutableMap                                          : loaded 2 times (x 118B)
Class com.google.common.base.Converter                                                : loaded 2 times (x 88B)
Class com.google.common.collect.ImmutableSet$EmptySetBuilderImpl                      : loaded 2 times (x 74B)
Class com.google.common.base.Equivalence                                              : loaded 2 times (x 80B)
Class com.google.common.cache.LocalCache$EntryFactory$1                               : loaded 2 times (x 81B)
Class com.google.common.cache.LocalCache$EntryFactory$2                               : loaded 2 times (x 81B)
Class com.google.common.cache.LocalCache$EntryFactory$3                               : loaded 2 times (x 81B)
Class com.google.common.cache.LocalCache$EntryFactory$4                               : loaded 2 times (x 81B)
Class com.google.common.cache.LocalCache$EntryFactory$5                               : loaded 2 times (x 81B)
Class com.google.common.cache.LocalCache$EntryFactory$6                               : loaded 2 times (x 81B)
Class com.google.common.cache.LocalCache$EntryFactory$7                               : loaded 2 times (x 81B)
Class com.google.common.cache.LocalCache$EntryFactory$8                               : loaded 2 times (x 81B)
Class com.google.common.base.Predicate                                                : loaded 2 times (x 68B)
Class com.google.common.cache.LocalCache$StrongValueReference                         : loaded 2 times (x 88B)
Class org.gradle.internal.classloader.FilteringClassLoader                            : loaded 2 times (x 102B)
Class com.google.common.collect.RegularImmutableSet                                   : loaded 2 times (x 146B)
Class [Lcom.google.common.cache.LocalCache$Strength;                                  : loaded 2 times (x 67B)
Class org.gradle.internal.classpath.DefaultClassPath$ImmutableUniqueList$Builder      : loaded 2 times (x 73B)
Class com.google.common.collect.Maps$8                                                : loaded 2 times (x 80B)
Class com.google.common.base.PatternCompiler                                          : loaded 2 times (x 68B)
Class [Lcom.google.common.cache.CacheBuilder$NullListener;                            : loaded 2 times (x 67B)
Class com.google.common.base.CharMatcher$InRange                                      : loaded 2 times (x 109B)
Class com.google.common.collect.BiMap                                                 : loaded 2 times (x 68B)
Class com.google.common.collect.Lists                                                 : loaded 2 times (x 69B)
Class com.google.common.math.IntMath$1                                                : loaded 2 times (x 69B)
Class org.gradle.internal.classloader.ClassLoaderVisitor                              : loaded 2 times (x 74B)
Class com.google.common.cache.CacheBuilder$NullListener                               : loaded 2 times (x 80B)
Class com.google.common.math.MathPreconditions                                        : loaded 2 times (x 69B)
Class org.gradle.internal.service.DefaultServiceLocator                               : loaded 2 times (x 81B)
Class org.gradle.internal.service.UnknownServiceException                             : loaded 2 times (x 81B)
Class com.google.common.util.concurrent.AbstractFuture$SynchronizedHelper             : loaded 2 times (x 76B)
Class com.google.common.collect.ArrayListMultimap                                     : loaded 2 times (x 170B)
Class com.google.common.base.Strings                                                  : loaded 2 times (x 69B)
Class com.google.common.cache.CacheLoader$InvalidCacheLoadException                   : loaded 2 times (x 80B)
Class org.gradle.internal.classloader.DefaultClassLoaderFactory                       : loaded 2 times (x 80B)
Class com.google.common.collect.UnmodifiableIterator                                  : loaded 2 times (x 78B)
Class com.google.common.base.Stopwatch                                                : loaded 2 times (x 70B)
Class com.google.common.base.Platform$JdkPatternCompiler                              : loaded 2 times (x 73B)
Class settings_d96co9c7n94jl3zeoyk1l0s8u                                              : loaded 2 times (x 177B)
Class com.google.common.cache.LocalCache$LoadingValueReference                        : loaded 2 times (x 94B)
Class com.google.common.base.CharMatcher$SingleWidth                                  : loaded 2 times (x 110B)
Class com.google.common.collect.Hashing                                               : loaded 2 times (x 69B)
Class com.google.common.base.JdkPattern                                               : loaded 2 times (x 73B)
Class com.google.common.collect.Multimap                                              : loaded 2 times (x 68B)
Class com.google.common.base.FunctionalEquivalence                                    : loaded 2 times (x 81B)
Class ijresolvers1_9w6hcudsoj8ztifqqdxpg2c79                                          : loaded 2 times (x 179B)
Class com.google.common.cache.LocalCache$1                                            : loaded 2 times (x 87B)
Class com.google.common.cache.LocalCache$2                                            : loaded 2 times (x 140B)
Class com.google.common.collect.RegularImmutableBiMap                                 : loaded 2 times (x 146B)
Class org.gradle.internal.classloader.VisitableURLClassLoader$Spec                    : loaded 2 times (x 72B)
Class org.gradle.api.GradleException                                                  : loaded 2 times (x 80B)
Class com.google.common.base.CharMatcher$JavaLetterOrDigit                            : loaded 2 times (x 109B)
Class org.gradle.api.internal.classpath.ModuleRegistry                                : loaded 2 times (x 68B)
Class com.google.common.cache.CacheBuilder                                            : loaded 2 times (x 70B)
Class com.google.common.collect.ImmutableCollection                                   : loaded 2 times (x 123B)
Class com.google.common.base.PairwiseEquivalence                                      : loaded 2 times (x 81B)
Class com.google.common.base.Ticker                                                   : loaded 2 times (x 70B)
Class org.gradle.api.internal.ClassPathProvider                                       : loaded 2 times (x 68B)
Class com.google.common.collect.RegularImmutableMap$Values                            : loaded 2 times (x 167B)
Class org.gradle.internal.classloader.ClasspathUtil$1                                 : loaded 2 times (x 74B)
Class com.google.common.collect.ImmutableEnumMap                                      : loaded 2 times (x 123B)
Class com.google.common.collect.ImmutableList$ReverseImmutableList                    : loaded 2 times (x 168B)
Class com.google.common.cache.AbstractCache$StatsCounter                              : loaded 2 times (x 68B)
Class com.google.common.cache.LocalCache$Strength$1                                   : loaded 2 times (x 79B)
Class com.google.common.cache.LocalCache$Strength$2                                   : loaded 2 times (x 79B)
Class com.google.common.cache.LocalCache$Strength$3                                   : loaded 2 times (x 79B)
Class org.gradle.internal.classloader.ClassLoaderFactory                              : loaded 2 times (x 68B)
Class com.google.common.collect.ObjectArrays                                          : loaded 2 times (x 69B)
Class com.google.common.util.concurrent.AbstractFuture$Waiter                         : loaded 2 times (x 70B)
Class com.google.common.util.concurrent.Uninterruptibles                              : loaded 2 times (x 69B)
Class com.google.common.collect.Iterators$10                                          : loaded 2 times (x 79B)
Class com.google.common.collect.ImmutableList                                         : loaded 2 times (x 166B)
Class org.gradle.api.internal.classpath.ManifestUtil                                  : loaded 2 times (x 69B)
Class org.gradle.api.specs.Spec                                                       : loaded 2 times (x 68B)
Class com.google.common.cache.CacheLoader$UnsupportedLoadingOperationException        : loaded 2 times (x 80B)
Class com.google.common.base.CharMatcher$Whitespace                                   : loaded 2 times (x 110B)
Class com.google.common.util.concurrent.ListenableFuture                              : loaded 2 times (x 68B)
Class com.google.common.collect.Iterators$1                                           : loaded 2 times (x 79B)
Class com.google.common.collect.Iterators$4                                           : loaded 2 times (x 80B)
Class com.google.common.collect.RegularImmutableMap$BucketOverflowException           : loaded 2 times (x 80B)
Class com.google.common.collect.Iterators$5                                           : loaded 2 times (x 80B)
Class com.google.common.util.concurrent.AbstractFuture$UnsafeAtomicHelper             : loaded 2 times (x 76B)
Class com.google.common.base.Equivalence$Equals                                       : loaded 2 times (x 80B)
Class com.google.common.base.Preconditions                                            : loaded 2 times (x 69B)
Class com.google.common.base.Function                                                 : loaded 2 times (x 68B)
Class com.google.common.collect.Iterators$9                                           : loaded 2 times (x 79B)
Class org.gradle.internal.IoActions                                                   : loaded 2 times (x 69B)
Class ijresolvers1_9w6hcudsoj8ztifqqdxpg2c79$_run_closure1                            : loaded 2 times (x 134B)
Class com.google.common.cache.ReferenceEntry                                          : loaded 2 times (x 68B)
Class com.google.common.collect.RegularImmutableMap$KeySet                            : loaded 2 times (x 148B)
Class com.google.common.collect.CollectPreconditions                                  : loaded 2 times (x 69B)
Class com.google.common.collect.Maps                                                  : loaded 2 times (x 69B)
Class com.google.common.collect.RegularImmutableMap                                   : loaded 2 times (x 119B)
Class com.google.common.collect.AbstractIndexedListIterator                           : loaded 2 times (x 94B)
Class com.google.common.base.CharMatcher$None                                         : loaded 2 times (x 110B)
Class org.gradle.api.internal.classpath.EffectiveClassPath                            : loaded 2 times (x 88B)
Class com.google.common.collect.UnmodifiableListIterator                              : loaded 2 times (x 93B)
Class com.google.common.cache.CacheLoader$FunctionToCacheLoader                       : loaded 2 times (x 73B)
Class com.google.common.cache.CacheBuilder$1                                          : loaded 2 times (x 83B)
Class com.google.common.cache.CacheBuilder$2                                          : loaded 2 times (x 77B)
Class com.google.common.collect.ImmutableList$1                                       : loaded 2 times (x 95B)
Class com.google.common.base.Splitter$Strategy                                        : loaded 2 times (x 68B)
Class com.google.common.cache.CacheBuilder$3                                          : loaded 2 times (x 70B)
Class com.google.common.collect.ImmutableMapEntrySet$RegularEntrySet                  : loaded 2 times (x 149B)
Class [Lcom.google.common.cache.RemovalListener;                                      : loaded 2 times (x 67B)
Class [Lcom.google.common.collect.ImmutableMapEntry;                                  : loaded 2 times (x 67B)
Class org.gradle.internal.installation.CurrentGradleInstallation                      : loaded 2 times (x 71B)
Class org.gradle.internal.agents.InstrumentingClassLoader                             : loaded 2 times (x 68B)
Class org.gradle.internal.installation.CurrentGradleInstallationLocator               : loaded 2 times (x 69B)
Class [Lcom.google.common.cache.LocalCache$Segment;                                   : loaded 2 times (x 67B)
Class org.gradle.api.internal.classpath.Module                                        : loaded 2 times (x 68B)
Class com.google.common.base.Splitter$1$1                                             : loaded 2 times (x 84B)
Class com.google.common.collect.ImmutableSet$JdkBackedSetBuilderImpl                  : loaded 2 times (x 74B)
Class com.google.common.collect.ImmutableSet$RegularSetBuilderImpl                    : loaded 2 times (x 75B)
Class org.gradle.internal.service.CachingServiceLocator                               : loaded 2 times (x 80B)
Class [Lcom.google.common.collect.ImmutableEntry;                                     : loaded 2 times (x 67B)
Class org.gradle.internal.classpath.DefaultClassPath                                  : loaded 2 times (x 88B)
Class com.google.common.util.concurrent.AbstractFuture$SetFuture                      : loaded 2 times (x 73B)
Class com.google.common.base.Splitter$SplittingIterator                               : loaded 2 times (x 82B)
Class com.google.common.cache.LocalCache$LocalManualCache$1                           : loaded 2 times (x 73B)
Class [Lcom.google.common.cache.LocalCache$EntryFactory;                              : loaded 2 times (x 67B)
Class com.google.common.base.CharMatcher$Is                                           : loaded 2 times (x 109B)
Class com.google.common.base.Platform                                                 : loaded 2 times (x 69B)
Class com.google.common.collect.RegularImmutableAsList                                : loaded 2 times (x 176B)
Class com.google.common.collect.PeekingIterator                                       : loaded 2 times (x 68B)
Class com.google.common.collect.ImmutableMapEntrySet                                  : loaded 2 times (x 149B)
Class com.google.common.cache.CacheLoader                                             : loaded 2 times (x 72B)
Class com.google.common.collect.ImmutableBiMapFauxverideShim                          : loaded 2 times (x 118B)
Class com.google.common.cache.Cache                                                   : loaded 2 times (x 68B)
Class org.gradle.internal.classloader.SystemClassLoaderSpec                           : loaded 2 times (x 69B)
Class com.google.common.util.concurrent.internal.InternalFutureFailureAccess          : loaded 2 times (x 70B)
Class com.google.common.collect.SingletonImmutableSet                                 : loaded 2 times (x 144B)
Class [Lcom.google.common.base.AbstractIterator$State;                                : loaded 2 times (x 67B)
Class com.google.common.collect.ImmutableMap$Builder                                  : loaded 2 times (x 80B)
Class com.google.common.base.AbstractIterator                                         : loaded 2 times (x 78B)
Class com.google.common.base.AbstractIterator$1                                       : loaded 2 times (x 69B)
Class [Lcom.google.common.cache.CacheBuilder$OneWeigher;                              : loaded 2 times (x 67B)
Class com.google.common.collect.Iterators                                             : loaded 2 times (x 69B)
Class com.google.common.base.CharMatcher$Ascii                                        : loaded 2 times (x 110B)
Class com.google.common.base.CharMatcher$1                                            : loaded 2 times (x 111B)
Class com.google.common.cache.LocalCache$ComputingValueReference                      : loaded 2 times (x 94B)
Class org.gradle.api.UncheckedIOException                                             : loaded 2 times (x 80B)
Class com.google.common.base.CharMatcher$And                                          : loaded 2 times (x 110B)
Class com.google.common.collect.IndexedImmutableSet                                   : loaded 2 times (x 148B)
Class com.google.common.collect.AbstractListMultimap                                  : loaded 2 times (x 170B)
Class com.google.common.base.CharMatcher$Any                                          : loaded 2 times (x 110B)
Class org.gradle.internal.installation.GradleInstallation                             : loaded 2 times (x 73B)
Class com.google.common.cache.LocalCache$Strength                                     : loaded 2 times (x 79B)
Class com.google.common.collect.ArrayListMultimapGwtSerializationDependencies         : loaded 2 times (x 170B)
Class com.google.common.base.CharMatcher$RangesMatcher                                : loaded 2 times (x 110B)
Class com.google.common.collect.ImmutableList$SubList                                 : loaded 2 times (x 168B)
Class com.google.common.cache.LocalCache$ValueReference                               : loaded 2 times (x 68B)
Class org.gradle.internal.classloader.ClasspathUtil                                   : loaded 2 times (x 69B)
Class com.google.common.util.concurrent.AbstractFuture                                : loaded 2 times (x 93B)
Class com.google.common.base.Splitter$1                                               : loaded 2 times (x 75B)
Class com.google.common.base.Ticker$1                                                 : loaded 2 times (x 70B)
Class com.google.common.collect.Maps$BiMapConverter                                   : loaded 2 times (x 88B)
Class org.gradle.api.internal.DefaultClassPathRegistry                                : loaded 2 times (x 74B)
Class com.google.common.util.concurrent.AbstractFuture$Cancellation                   : loaded 2 times (x 70B)
Class com.google.common.collect.ImmutableSet$SetBuilderImpl                           : loaded 2 times (x 74B)
Class org.gradle.api.internal.classpath.DefaultModuleRegistry$DefaultModule           : loaded 2 times (x 84B)
Class com.google.common.base.CharMatcher$JavaIsoControl                               : loaded 2 times (x 110B)
Class com.google.common.collect.ImmutableMap$1                                        : loaded 2 times (x 79B)
Class com.google.common.base.CharMatcher$Or                                           : loaded 2 times (x 110B)
Class com.google.common.base.Suppliers$SupplierOfInstance                             : loaded 2 times (x 77B)
Class com.google.common.collect.Iterables                                             : loaded 2 times (x 69B)
Class com.google.common.base.CharMatcher$JavaLowerCase                                : loaded 2 times (x 109B)
Class org.gradle.api.internal.classpath.UnknownModuleException                        : loaded 2 times (x 80B)
Class com.google.common.util.concurrent.AbstractFuture$Listener                       : loaded 2 times (x 70B)
Class settings_d96co9c7n94jl3zeoyk1l0s8u$_run_closure1                                : loaded 2 times (x 134B)
Class com.google.common.collect.Maps$EntryTransformer                                 : loaded 2 times (x 68B)
Class com.google.common.collect.ImmutableCollection$Builder                           : loaded 2 times (x 74B)
Class com.google.common.collect.SingletonImmutableBiMap                               : loaded 2 times (x 141B)
Class com.google.common.base.CommonPattern                                            : loaded 2 times (x 72B)
Class com.google.common.base.Suppliers                                                : loaded 2 times (x 69B)
Class com.google.common.cache.LoadingCache                                            : loaded 2 times (x 68B)
Class org.gradle.internal.service.ServiceLookupException                              : loaded 2 times (x 80B)
Class org.gradle.cache.GlobalCache                                                    : loaded 2 times (x 68B)
Class com.google.common.base.CharMatcher$NegatedFastMatcher                           : loaded 2 times (x 111B)
Class [Lorg.gradle.api.internal.ClassPathProvider;                                    : loaded 2 times (x 67B)
Class com.google.common.util.concurrent.AbstractFuture$SafeAtomicHelper               : loaded 2 times (x 77B)
Class org.gradle.util.internal.GUtil                                                  : loaded 2 times (x 69B)
Class com.google.common.math.IntMath                                                  : loaded 2 times (x 69B)
Class com.google.common.collect.AbstractIterator                                      : loaded 2 times (x 80B)
Class org.gradle.internal.classloader.ClassLoaderSpec                                 : loaded 2 times (x 69B)
Class com.google.common.base.NullnessCasts                                            : loaded 2 times (x 69B)
Class com.google.common.cache.LocalCache$LocalManualCache                             : loaded 2 times (x 97B)
Class com.google.common.collect.AbstractMapEntry                                      : loaded 2 times (x 79B)
Class com.google.common.base.CharMatcher$Negated                                      : loaded 2 times (x 111B)
Class com.google.common.cache.CacheLoader$1                                           : loaded 2 times (x 73B)
Class com.google.common.util.concurrent.AbstractFuture$TrustedFuture                  : loaded 2 times (x 95B)
Class com.google.common.collect.ImmutableSet$Builder                                  : loaded 2 times (x 83B)
Class com.google.common.base.CharMatcher$ForPredicate                                 : loaded 2 times (x 110B)
Class com.google.common.collect.ImmutableMap$MapViewOfValuesAsSingletonSets           : loaded 2 times (x 123B)
Class com.google.common.base.MoreObjects                                              : loaded 2 times (x 69B)
Class com.google.common.collect.SortedMapDifference                                   : loaded 2 times (x 68B)
Class com.google.common.cache.CacheStats                                              : loaded 2 times (x 69B)
Class org.gradle.internal.classloader.VisitableURLClassLoader                         : loaded 2 times (x 114B)
Class com.google.common.cache.LocalCache$LocalLoadingCache                            : loaded 2 times (x 132B)
Class com.google.common.base.Supplier                                                 : loaded 2 times (x 68B)
Class com.google.common.util.concurrent.AbstractFuture$AtomicHelper                   : loaded 2 times (x 76B)
Class com.google.common.collect.ImmutableBiMap                                        : loaded 2 times (x 141B)
Class org.gradle.internal.Cast                                                        : loaded 2 times (x 69B)
Class org.gradle.api.internal.ClassPathRegistry                                       : loaded 2 times (x 68B)
Class com.google.common.cache.LocalCache$EntryFactory                                 : loaded 2 times (x 81B)
Class com.google.common.util.concurrent.UncheckedExecutionException                   : loaded 2 times (x 80B)
Class com.google.common.collect.ImmutableSet                                          : loaded 2 times (x 143B)
Class org.gradle.internal.classloader.VisitableURLClassLoader$InstrumentingVisitableURLClassLoader: loaded 2 times (x 120B)
Class org.gradle.internal.classloader.ClassLoaderHierarchy                            : loaded 2 times (x 68B)
Class settings_d96co9c7n94jl3zeoyk1l0s8u$_run_closure1$_closure2                      : loaded 2 times (x 134B)
Class com.google.common.base.AbstractIterator$State                                   : loaded 2 times (x 77B)
Class com.google.common.cache.Weigher                                                 : loaded 2 times (x 68B)
Class com.google.common.base.CharMatcher$NamedFastMatcher                             : loaded 2 times (x 110B)
Class org.gradle.internal.InternalTransformer                                         : loaded 2 times (x 68B)
Class org.gradle.internal.service.ServiceLocator                                      : loaded 2 times (x 68B)
Class Settings_gradle$1                                                               : loaded 2 times (x 72B)
Class com.google.common.util.concurrent.SettableFuture                                : loaded 2 times (x 95B)
Class com.google.common.collect.ImmutableMapEntry                                     : loaded 2 times (x 83B)
Class com.google.common.base.CharMatcher$Invisible                                    : loaded 2 times (x 110B)
Class com.google.common.base.CharMatcher$FastMatcher                                  : loaded 2 times (x 109B)
Class org.gradle.internal.classpath.DefaultClassPath$ImmutableUniqueList              : loaded 2 times (x 159B)
Class com.google.common.base.CharMatcher$JavaLetter                                   : loaded 2 times (x 109B)
Class org.gradle.internal.classpath.TransformedClassPath                              : loaded 2 times (x 94B)
Class com.google.common.collect.MapDifference                                         : loaded 2 times (x 68B)
Class com.google.common.util.concurrent.AbstractFuture$Trusted                        : loaded 2 times (x 68B)
Class Settings_gradle                                                                 : loaded 2 times (x 126B)
Class com.google.common.collect.Platform                                              : loaded 2 times (x 69B)
Class com.google.common.collect.ImmutableAsList                                       : loaded 2 times (x 169B)
Class com.google.common.util.concurrent.ExecutionError                                : loaded 2 times (x 80B)
Class com.google.common.base.Equivalence$Identity                                     : loaded 2 times (x 80B)
Class com.google.common.base.CharMatcher$AnyOf                                        : loaded 2 times (x 110B)
Class com.google.common.base.CharMatcher$IsEither                                     : loaded 2 times (x 109B)
Class com.google.common.cache.LocalCache                                              : loaded 2 times (x 185B)
Class com.google.common.collect.RegularImmutableList                                  : loaded 2 times (x 172B)
Class com.google.common.util.concurrent.AbstractFuture$UnsafeAtomicHelper$1           : loaded 2 times (x 74B)
Class com.google.common.base.CharMatcher$JavaUpperCase                                : loaded 2 times (x 109B)
Class com.google.common.collect.Multiset                                              : loaded 2 times (x 68B)
Class com.google.common.collect.ImmutableSet$CachingAsList                            : loaded 2 times (x 145B)
Class com.google.common.collect.ImmutableMapEntry$NonTerminalImmutableMapEntry        : loaded 2 times (x 83B)
Class com.google.common.collect.AbstractMapBasedMultimap                              : loaded 2 times (x 137B)


---------------  S Y S T E M  ---------------

OS:
 Windows 10 , 64 bit Build 19041 (10.0.19041.3570)
OS uptime: 3 days 6:40 hours
Hyper-V role detected

CPU: total 4 (initial active 4) (4 cores per cpu, 1 threads per core) family 6 model 158 stepping 9 microcode 0xf0, cx8, cmov, fxsr, mmx, 3dnowpref, sse, sse2, sse3, ssse3, sse4.1, sse4.2, popcnt, lzcnt, tsc, tscinvbit, avx, avx2, aes, erms, clmul, bmi1, bmi2, adx, fma, vzeroupper, clflush, clflushopt, hv

Memory: 4k page, system-wide physical 8099M (540M free)
TotalPageFile size 16291M (AvailPageFile size 10M)
current process WorkingSet (physical memory assigned to process): 310M, peak: 312M
current process commit charge ("private bytes"): 339M, peak: 349M

vm_info: OpenJDK 64-Bit Server VM (17.0.7+0-b2043.56-10550314) for windows-amd64 JRE (17.0.7+0-b2043.56-10550314), built on Jul 24 2023 18:27:45 by "androidbuild" with MS VC++ 16.10 / 16.11 (VS2019)

END.
