#
# A fatal error has been detected by the Java Runtime Environment:
#
#  EXCEPTION_ACCESS_VIOLATION (0xc0000005) at pc=0x0000026614380912, pid=1860, tid=5316
#
# JRE version: OpenJDK Runtime Environment (11.0.12+7) (build 11.0.12+7-b1504.28-7817840)
# Java VM: OpenJDK 64-Bit Server VM (11.0.12+7-b1504.28-7817840, mixed mode, tiered, compressed oops, g1 gc, windows-amd64)
# Problematic frame:
# J 7426 c1 java.beans.Introspector.processPropertyDescriptors()V java.desktop@11.0.12 (959 bytes) @ 0x0000026614380912 [0x0000026614379d20+0x0000000000006bf2]
#
# No core dump will be written. Minidumps are not enabled by default on client versions of Windows
#
# If you would like to submit a bug report, please visit:
#   https://bugreport.java.com/bugreport/crash.jsp
#

---------------  S U M M A R Y ------------

Command Line: --add-opens=java.base/java.util=ALL-UNNAMED --add-opens=java.base/java.lang=ALL-UNNAMED --add-opens=java.base/java.lang.invoke=ALL-UNNAMED --add-opens=java.base/java.util=ALL-UNNAMED --add-opens=java.prefs/java.util.prefs=ALL-UNNAMED --add-opens=java.prefs/java.util.prefs=ALL-UNNAMED --add-opens=java.base/java.nio.charset=ALL-UNNAMED --add-opens=java.base/java.net=ALL-UNNAMED --add-opens=java.base/java.util.concurrent.atomic=ALL-UNNAMED -Xmx2048m -Dfile.encoding=UTF-8 -Duser.country=IN -Duser.language=en -Duser.variant org.gradle.launcher.daemon.bootstrap.GradleDaemon 7.3.3

Host: Intel(R) Core(TM) i5-7400 CPU @ 3.00GHz, 4 cores, 7G,  Windows 10 , 64 bit Build 19041 (10.0.19041.1889)
Time: Mon Oct 24 12:15:33 2022 India Standard Time elapsed time: 26.867067 seconds (0d 0h 0m 26s)

---------------  T H R E A D  ---------------

Current thread (0x000002662cbed800):  JavaThread "Daemon worker" [_thread_in_Java, id=5316, stack(0x000000cd4d700000,0x000000cd4d800000)]

Stack: [0x000000cd4d700000,0x000000cd4d800000],  sp=0x000000cd4d7f6950,  free space=986k
Native frames: (J=compiled Java code, j=interpreted, Vv=VM code, C=native code)
C  0x0000026614380912


siginfo: EXCEPTION_ACCESS_VIOLATION (0xc0000005), writing address 0x00000000000065c0


Register to memory mapping:

RIP=0x0000026614380912 is at entry_point+27634 in (nmethod*)0x0000026614379210
RAX=0x00000000000065c0 is an unknown value
RBX=0x000000008e025710 is an oop: com.google.common.collect.RegularImmutableList 
{0x000000008e025710} - klass: 'com/google/common/collect/RegularImmutableList'
RCX=0x0 is NULL
RDX=0x000000008e025710 is an oop: com.google.common.collect.RegularImmutableList 
{0x000000008e025710} - klass: 'com/google/common/collect/RegularImmutableList'
RSP=0x000000cd4d7f6950 is pointing into the stack for thread: 0x000002662cbed800
RBP=0x000000cd4d7f8208 is pointing into the stack for thread: 0x000002662cbed800
RSI=0x0000000100199b58 is a pointer to class: 
com.google.common.collect.RegularImmutableList {0x0000000100199b60}
RDI=0x0000026631ee7160 is pointing into metadata
R8 =0x000000008e0265c0 is an oop: org.gradle.internal.snapshot.AbstractListChildMap$$Lambda$231/0x00000001003bac40 
{0x000000008e0265c0} - klass: 'org/gradle/internal/snapshot/AbstractListChildMap$$Lambda$231'
R9 =0x0000000081012580 is an oop: org.gradle.internal.snapshot.CaseSensitivity 
{0x0000000081012580} - klass: 'org/gradle/internal/snapshot/CaseSensitivity'
R10=0x0000000081012580 is an oop: org.gradle.internal.snapshot.CaseSensitivity 
{0x0000000081012580} - klass: 'org/gradle/internal/snapshot/CaseSensitivity'
R11=0x0000000000000260 is an unknown value
R12=0x0 is NULL
R13=0x000000008e025720 is an oop: org.gradle.internal.snapshot.MediumChildMap 
{0x000000008e025720} - klass: 'org/gradle/internal/snapshot/MediumChildMap'
R14=0x000000008e025868 is an oop: org.gradle.internal.snapshot.PartialDirectoryNode 
{0x000000008e025868} - klass: 'org/gradle/internal/snapshot/PartialDirectoryNode'
R15=0x000002662cbed800 is a thread


Registers:
RAX=0x00000000000065c0, RBX=0x000000008e025710, RCX=0x0000000000000000, RDX=0x000000008e025710
RSP=0x000000cd4d7f6950, RBP=0x000000cd4d7f8208, RSI=0x0000000100199b58, RDI=0x0000026631ee7160
R8 =0x000000008e0265c0, R9 =0x0000000081012580, R10=0x0000000081012580, R11=0x0000000000000260
R12=0x0000000000000000, R13=0x000000008e025720, R14=0x000000008e025868, R15=0x000002662cbed800
RIP=0x0000026614380912, EFLAGS=0x0000000000010206

Top of Stack: (sp=0x000000cd4d7f6950)
0x000000cd4d7f6950:   000002662e915a19 000000cd2e88d7e8
0x000000cd4d7f6960:   000000cd4d7f6a58 0000026613f6e0c4
0x000000cd4d7f6970:   000000008e025710 000000008e0265c0
0x000000cd4d7f6980:   000000008e0258b0 0000000000000003
0x000000cd4d7f6990:   0000000000000000 000000008e0265c0
0x000000cd4d7f69a0:   000000cd4d7f8208 0000026613f74464
0x000000cd4d7f69b0:   000000008e0265c0 0000026631ed6888
0x000000cd4d7f69c0:   000000008083d8e0 0000026629189128
0x000000cd4d7f69d0:   000000008e025878 000000cd4d7f69f8
0x000000cd4d7f69e0:   000000cd2e88d7e8 0000026612e2a316
0x000000cd4d7f69f0:   000000cd2e88d798 0000026612e2a240
0x000000cd4d7f6a00:   0000026612e2a240 000000008e025878
0x000000cd4d7f6a10:   000000cd4d7f6a10 000002662e933642
0x000000cd4d7f6a20:   000000cd4d7f6a90 000002662e933b80
0x000000cd4d7f6a30:   0000026631eeb1a0 0000000081f88b40
0x000000cd4d7f6a40:   000002662e9336a0 0000000000000000 

Instructions: (pc=0x0000026614380912)
0x0000026614380812:   80 01 00 00 48 c7 87 88 01 00 00 01 00 00 00 e9
0x0000026614380822:   08 00 00 00 48 83 87 60 01 00 00 01 0f 1f 80 00
0x0000026614380832:   00 00 00 48 b8 ff ff ff ff ff ff ff ff e8 3c a5
0x0000026614380842:   ae fe 48 83 f8 00 75 16 48 bf 10 19 25 2f 66 02
0x0000026614380852:   00 00 80 8f 91 01 00 00 01 e9 c0 00 00 00 48 bb
0x0000026614380862:   70 20 00 00 01 00 00 00 8b 70 08 48 c1 e6 03 48
0x0000026614380872:   3b de 0f 85 8a 00 00 00 48 bf 10 19 25 2f 66 02
0x0000026614380882:   00 00 8b 58 08 48 c1 e3 03 48 3b 9f a8 01 00 00
0x0000026614380892:   75 0d 48 83 87 b0 01 00 00 01 e9 7f 00 00 00 48
0x00000266143808a2:   3b 9f b8 01 00 00 75 0d 48 83 87 c0 01 00 00 01
0x00000266143808b2:   e9 69 00 00 00 48 81 bf a8 01 00 00 00 00 00 00
0x00000266143808c2:   75 17 48 89 9f a8 01 00 00 48 c7 87 b0 01 00 00
0x00000266143808d2:   01 00 00 00 e9 45 00 00 00 48 81 bf b8 01 00 00
0x00000266143808e2:   00 00 00 00 75 17 48 89 9f b8 01 00 00 48 c7 87
0x00000266143808f2:   c0 01 00 00 01 00 00 00 e9 21 00 00 00 e9 1c 00
0x0000026614380902:   00 00 48 bf 10 19 25 2f 66 02 00 00 48 83 af 98
0x0000026614380912:   01 00 00 01 e9 1c 16 00 00 e9 00 00 00 00 48 8b
0x0000026614380922:   d0 48 be 10 19 25 2f 66 02 00 00 ff 86 d0 01 00
0x0000026614380932:   00 e9 0a 00 00 00 48 ba 00 00 00 00 00 00 00 00
0x0000026614380942:   48 89 94 24 60 02 00 00 48 8b 9c 24 08 02 00 00
0x0000026614380952:   48 be 40 00 0e 34 66 02 00 00 8b 5b 08 48 c1 e3
0x0000026614380962:   03 48 3b 9e e0 10 00 00 75 0d 48 83 86 e8 10 00
0x0000026614380972:   00 01 e9 66 00 00 00 48 3b 9e f0 10 00 00 75 0d
0x0000026614380982:   48 83 86 f8 10 00 00 01 e9 50 00 00 00 48 81 be
0x0000026614380992:   e0 10 00 00 00 00 00 00 75 17 48 89 9e e0 10 00
0x00000266143809a2:   00 48 c7 86 e8 10 00 00 01 00 00 00 e9 2c 00 00
0x00000266143809b2:   00 48 81 be f0 10 00 00 00 00 00 00 75 17 48 89
0x00000266143809c2:   9e f0 10 00 00 48 c7 86 f8 10 00 00 01 00 00 00
0x00000266143809d2:   e9 08 00 00 00 48 83 86 d0 10 00 00 01 48 8b 94
0x00000266143809e2:   24 08 02 00 00 66 0f 1f 44 00 00 48 b8 ff ff ff
0x00000266143809f2:   ff ff ff ff ff e8 84 a3 ae fe 48 8b 94 24 60 02
0x0000026614380a02:   00 00 48 3b 02 4c 8b c2 48 be 40 00 0e 34 66 02 


Stack slot to memory mapping:
stack at sp + 0 slots: 0x000002662e915a19 is pointing into metadata
stack at sp + 1 slots: 0x000000cd2e88d7e8 is an unknown value
stack at sp + 2 slots: 0x000000cd4d7f6a58 is pointing into the stack for thread: 0x000002662cbed800
stack at sp + 3 slots: 0x0000026613f6e0c4 is at entry_point+228 in (nmethod*)0x0000026613f6dd90
stack at sp + 4 slots: 0x000000008e025710 is an oop: com.google.common.collect.RegularImmutableList 
{0x000000008e025710} - klass: 'com/google/common/collect/RegularImmutableList'
stack at sp + 5 slots: 0x000000008e0265c0 is an oop: org.gradle.internal.snapshot.AbstractListChildMap$$Lambda$231/0x00000001003bac40 
{0x000000008e0265c0} - klass: 'org/gradle/internal/snapshot/AbstractListChildMap$$Lambda$231'
stack at sp + 6 slots: 0x000000008e0258b0 is an oop: org.gradle.internal.snapshot.ChildMap$Entry 
{0x000000008e0258b0} - klass: 'org/gradle/internal/snapshot/ChildMap$Entry'
stack at sp + 7 slots: 0x0000000000000003 is an unknown value



---------------  P R O C E S S  ---------------

Threads class SMR info:
_java_thread_list=0x0000026633144d40, length=83, elements={
0x000002660f30e000, 0x0000026628f01800, 0x0000026628f03000, 0x0000026628f1c000,
0x0000026628f1e000, 0x0000026628f1e800, 0x0000026628f24000, 0x00000266298cc800,
0x00000266298d0000, 0x00000266299c3000, 0x000002662c34c000, 0x0000026629c2c800,
0x000002662bbb7000, 0x000002662bbc4000, 0x000002662b9de000, 0x000002662ae35800,
0x000002662cbed800, 0x000002662bff7800, 0x000002662b34d800, 0x000002662b87b800,
0x000002662b87e000, 0x000002662b87c800, 0x000002662b878800, 0x000002662b87d000,
0x000002662b87a000, 0x000002662b879000, 0x000002662b87f000, 0x000002662b87b000,
0x000002662c200800, 0x000002662c202800, 0x000002662c201000, 0x000002662c202000,
0x000002662c1fe800, 0x000002662c203800, 0x000002662c1ff800, 0x000002662c209800,
0x000002662c205000, 0x000002662c204800, 0x000002662c20b000, 0x000002662c20b800,
0x000002662c207800, 0x000002662c206000, 0x000002662c20c800, 0x000002662c207000,
0x000002662c20d800, 0x000002662d1dd000, 0x000002662d1da800, 0x000002662d1db800,
0x000002662d1d9000, 0x000002662d1da000, 0x000002662d1de000, 0x000002662d1dc800,
0x000002662d1d8800, 0x000002662d1e0800, 0x000002662d1e3000, 0x000002662d1e3800,
0x000002662d1e1000, 0x000002662d1e4800, 0x000002662d1df800, 0x000002662d1df000,
0x000002662d1e5800, 0x000002662d1e6000, 0x000002662d1e2000, 0x000002662d1e7000,
0x000002662ab27000, 0x000002662ab26000, 0x000002662ab28000, 0x000002662ab22000,
0x000002662ab28800, 0x000002662ab23000, 0x000002662ab24800, 0x000002662ab29800,
0x000002662ab23800, 0x000002662ab2a000, 0x000002662ab2b000, 0x000002662ab25800,
0x000002662ab2c800, 0x000002662ab2d800, 0x000002662ab31000, 0x000002662ab2c000,
0x000002662ab2e800, 0x0000026631621800, 0x000002662d7b3800
}

Java Threads: ( => current thread )
  0x000002660f30e000 JavaThread "main" [_thread_blocked, id=7296, stack(0x000000cd4bd00000,0x000000cd4be00000)]
  0x0000026628f01800 JavaThread "Reference Handler" daemon [_thread_blocked, id=8008, stack(0x000000cd4c500000,0x000000cd4c600000)]
  0x0000026628f03000 JavaThread "Finalizer" daemon [_thread_blocked, id=2628, stack(0x000000cd4c600000,0x000000cd4c700000)]
  0x0000026628f1c000 JavaThread "Signal Dispatcher" daemon [_thread_blocked, id=8340, stack(0x000000cd4c700000,0x000000cd4c800000)]
  0x0000026628f1e000 JavaThread "Attach Listener" daemon [_thread_blocked, id=3368, stack(0x000000cd4c800000,0x000000cd4c900000)]
  0x0000026628f1e800 JavaThread "Service Thread" daemon [_thread_blocked, id=3268, stack(0x000000cd4c900000,0x000000cd4ca00000)]
  0x0000026628f24000 JavaThread "C2 CompilerThread0" daemon [_thread_blocked, id=7952, stack(0x000000cd4ca00000,0x000000cd4cb00000)]
  0x00000266298cc800 JavaThread "C1 CompilerThread0" daemon [_thread_blocked, id=8252, stack(0x000000cd4cb00000,0x000000cd4cc00000)]
  0x00000266298d0000 JavaThread "Sweeper thread" daemon [_thread_blocked, id=10068, stack(0x000000cd4cc00000,0x000000cd4cd00000)]
  0x00000266299c3000 JavaThread "Common-Cleaner" daemon [_thread_blocked, id=6892, stack(0x000000cd4cd00000,0x000000cd4ce00000)]
  0x000002662c34c000 JavaThread "Daemon health stats" [_thread_blocked, id=1988, stack(0x000000cd4d200000,0x000000cd4d300000)]
  0x0000026629c2c800 JavaThread "Incoming local TCP Connector on port 49985" [_thread_in_native, id=8332, stack(0x000000cd4cf00000,0x000000cd4d000000)]
  0x000002662bbb7000 JavaThread "Daemon" [_thread_blocked, id=6072, stack(0x000000cd4d300000,0x000000cd4d400000)]
  0x000002662bbc4000 JavaThread "Daemon periodic checks" [_thread_blocked, id=6184, stack(0x000000cd4d400000,0x000000cd4d500000)]
  0x000002662b9de000 JavaThread "Handler for socket connection from /127.0.0.1:49985 to /127.0.0.1:49986" [_thread_in_native, id=2780, stack(0x000000cd4d500000,0x000000cd4d600000)]
  0x000002662ae35800 JavaThread "Cancel handler" [_thread_blocked, id=2452, stack(0x000000cd4d600000,0x000000cd4d700000)]
=>0x000002662cbed800 JavaThread "Daemon worker" [_thread_in_Java, id=5316, stack(0x000000cd4d700000,0x000000cd4d800000)]
  0x000002662bff7800 JavaThread "Asynchronous log dispatcher for DefaultDaemonConnection: socket connection from /127.0.0.1:49985 to /127.0.0.1:49986" [_thread_blocked, id=6248, stack(0x000000cd4d800000,0x000000cd4d900000)]
  0x000002662b34d800 JavaThread "Stdin handler" [_thread_blocked, id=9628, stack(0x000000cd4d900000,0x000000cd4da00000)]
  0x000002662b87b800 JavaThread "Daemon client event forwarder" [_thread_blocked, id=8264, stack(0x000000cd4da00000,0x000000cd4db00000)]
  0x000002662b87e000 JavaThread "Cache worker for journal cache (C:\Users\nsxyl\.gradle\caches\journal-1)" [_thread_blocked, id=9228, stack(0x000000cd4dc00000,0x000000cd4dd00000)]
  0x000002662b87c800 JavaThread "File lock request listener" [_thread_in_native, id=3432, stack(0x000000cd4dd00000,0x000000cd4de00000)]
  0x000002662b878800 JavaThread "Cache worker for file hash cache (C:\Users\nsxyl\.gradle\caches\7.3.3\fileHashes)" [_thread_blocked, id=784, stack(0x000000cd4de00000,0x000000cd4df00000)]
  0x000002662b87d000 JavaThread "File lock release action executor" [_thread_blocked, id=3512, stack(0x000000cd4df00000,0x000000cd4e000000)]
  0x000002662b87a000 JavaThread "Cache worker for file hash cache (C:\Users\nsxyl\AndroidStudioProjects\myapp\.gradle\7.3.3\fileHashes)" [_thread_blocked, id=5536, stack(0x000000cd4e000000,0x000000cd4e100000)]
  0x000002662b879000 JavaThread "File watcher server" daemon [_thread_in_native, id=4536, stack(0x000000cd4e100000,0x000000cd4e200000)]
  0x000002662b87f000 JavaThread "File watcher consumer" daemon [_thread_blocked, id=7644, stack(0x000000cd4e200000,0x000000cd4e300000)]
  0x000002662b87b000 JavaThread "jar transforms" [_thread_blocked, id=3392, stack(0x000000cd4e400000,0x000000cd4e500000)]
  0x000002662c200800 JavaThread "jar transforms Thread 2" [_thread_blocked, id=2112, stack(0x000000cd4e500000,0x000000cd4e600000)]
  0x000002662c202800 JavaThread "jar transforms Thread 3" [_thread_blocked, id=8400, stack(0x000000cd4e600000,0x000000cd4e700000)]
  0x000002662c201000 JavaThread "jar transforms Thread 4" [_thread_blocked, id=6292, stack(0x000000cd4e700000,0x000000cd4e800000)]
  0x000002662c202000 JavaThread "Cache worker for checksums cache (C:\Users\nsxyl\AndroidStudioProjects\myapp\.gradle\7.3.3\checksums)" [_thread_blocked, id=3308, stack(0x000000cd4e300000,0x000000cd4e400000)]
  0x000002662c1fe800 JavaThread "Cache worker for cache directory md-supplier (C:\Users\nsxyl\.gradle\caches\7.3.3\md-supplier)" [_thread_blocked, id=2120, stack(0x000000cd4e800000,0x000000cd4e900000)]
  0x000002662c203800 JavaThread "Cache worker for cache directory md-rule (C:\Users\nsxyl\.gradle\caches\7.3.3\md-rule)" [_thread_blocked, id=7812, stack(0x000000cd4e900000,0x000000cd4ea00000)]
  0x000002662c1ff800 JavaThread "Cache worker for execution history cache (C:\Users\nsxyl\.gradle\caches\7.3.3\executionHistory)" [_thread_blocked, id=6124, stack(0x000000cd4ea00000,0x000000cd4eb00000)]
  0x000002662c209800 JavaThread "Cache worker for file content cache (C:\Users\nsxyl\.gradle\caches\7.3.3\fileContent)" [_thread_blocked, id=2656, stack(0x000000cd4ec00000,0x000000cd4ed00000)]
  0x000002662c205000 JavaThread "Cache worker for dependencies-accessors (C:\Users\nsxyl\AndroidStudioProjects\myapp\.gradle\7.3.3\dependencies-accessors)" [_thread_blocked, id=9624, stack(0x000000cd4ed00000,0x000000cd4ee00000)]
  0x000002662c204800 JavaThread "Cache worker for Build Output Cleanup Cache (C:\Users\nsxyl\AndroidStudioProjects\myapp\.gradle\buildOutputCleanup)" [_thread_blocked, id=5944, stack(0x000000cd4ee00000,0x000000cd4ef00000)]
  0x000002662c20b000 JavaThread "Unconstrained build operations" [_thread_blocked, id=3168, stack(0x000000cd4ef00000,0x000000cd4f000000)]
  0x000002662c20b800 JavaThread "Unconstrained build operations Thread 2" [_thread_blocked, id=9332, stack(0x000000cd4f000000,0x000000cd4f100000)]
  0x000002662c207800 JavaThread "Unconstrained build operations Thread 3" [_thread_blocked, id=644, stack(0x000000cd4f100000,0x000000cd4f200000)]
  0x000002662c206000 JavaThread "Unconstrained build operations Thread 4" [_thread_blocked, id=5476, stack(0x000000cd4f200000,0x000000cd4f300000)]
  0x000002662c20c800 JavaThread "Unconstrained build operations Thread 5" [_thread_blocked, id=2024, stack(0x000000cd4f300000,0x000000cd4f400000)]
  0x000002662c207000 JavaThread "Unconstrained build operations Thread 6" [_thread_blocked, id=7364, stack(0x000000cd4f400000,0x000000cd4f500000)]
  0x000002662c20d800 JavaThread "Unconstrained build operations Thread 7" [_thread_blocked, id=5808, stack(0x000000cd4f500000,0x000000cd4f600000)]
  0x000002662d1dd000 JavaThread "Unconstrained build operations Thread 8" [_thread_blocked, id=8308, stack(0x000000cd4f600000,0x000000cd4f700000)]
  0x000002662d1da800 JavaThread "Unconstrained build operations Thread 9" [_thread_blocked, id=4000, stack(0x000000cd4f700000,0x000000cd4f800000)]
  0x000002662d1db800 JavaThread "Unconstrained build operations Thread 10" [_thread_blocked, id=6820, stack(0x000000cd4f800000,0x000000cd4f900000)]
  0x000002662d1d9000 JavaThread "Unconstrained build operations Thread 11" [_thread_blocked, id=4832, stack(0x000000cd4f900000,0x000000cd4fa00000)]
  0x000002662d1da000 JavaThread "Unconstrained build operations Thread 12" [_thread_blocked, id=8564, stack(0x000000cd4fa00000,0x000000cd4fb00000)]
  0x000002662d1de000 JavaThread "Unconstrained build operations Thread 13" [_thread_blocked, id=5632, stack(0x000000cd4fb00000,0x000000cd4fc00000)]
  0x000002662d1dc800 JavaThread "Unconstrained build operations Thread 14" [_thread_blocked, id=1876, stack(0x000000cd4fc00000,0x000000cd4fd00000)]
  0x000002662d1d8800 JavaThread "Unconstrained build operations Thread 15" [_thread_blocked, id=1976, stack(0x000000cd4fd00000,0x000000cd4fe00000)]
  0x000002662d1e0800 JavaThread "Unconstrained build operations Thread 16" [_thread_blocked, id=3212, stack(0x000000cd4fe00000,0x000000cd4ff00000)]
  0x000002662d1e3000 JavaThread "Unconstrained build operations Thread 17" [_thread_blocked, id=5112, stack(0x000000cd4ff00000,0x000000cd50000000)]
  0x000002662d1e3800 JavaThread "Unconstrained build operations Thread 18" [_thread_blocked, id=1248, stack(0x000000cd50000000,0x000000cd50100000)]
  0x000002662d1e1000 JavaThread "Unconstrained build operations Thread 19" [_thread_blocked, id=2576, stack(0x000000cd50100000,0x000000cd50200000)]
  0x000002662d1e4800 JavaThread "Unconstrained build operations Thread 20" [_thread_blocked, id=8204, stack(0x000000cd50200000,0x000000cd50300000)]
  0x000002662d1df800 JavaThread "Unconstrained build operations Thread 21" [_thread_blocked, id=6384, stack(0x000000cd50300000,0x000000cd50400000)]
  0x000002662d1df000 JavaThread "Unconstrained build operations Thread 22" [_thread_blocked, id=6728, stack(0x000000cd50400000,0x000000cd50500000)]
  0x000002662d1e5800 JavaThread "Unconstrained build operations Thread 23" [_thread_blocked, id=9284, stack(0x000000cd50500000,0x000000cd50600000)]
  0x000002662d1e6000 JavaThread "Unconstrained build operations Thread 24" [_thread_blocked, id=7744, stack(0x000000cd50600000,0x000000cd50700000)]
  0x000002662d1e2000 JavaThread "Unconstrained build operations Thread 25" [_thread_blocked, id=5124, stack(0x000000cd50700000,0x000000cd50800000)]
  0x000002662d1e7000 JavaThread "Unconstrained build operations Thread 26" [_thread_blocked, id=8876, stack(0x000000cd50800000,0x000000cd50900000)]
  0x000002662ab27000 JavaThread "Unconstrained build operations Thread 27" [_thread_blocked, id=6356, stack(0x000000cd50900000,0x000000cd50a00000)]
  0x000002662ab26000 JavaThread "Unconstrained build operations Thread 28" [_thread_blocked, id=4908, stack(0x000000cd50a00000,0x000000cd50b00000)]
  0x000002662ab28000 JavaThread "Unconstrained build operations Thread 29" [_thread_blocked, id=2644, stack(0x000000cd50b00000,0x000000cd50c00000)]
  0x000002662ab22000 JavaThread "Unconstrained build operations Thread 30" [_thread_blocked, id=7380, stack(0x000000cd50c00000,0x000000cd50d00000)]
  0x000002662ab28800 JavaThread "Unconstrained build operations Thread 31" [_thread_blocked, id=9688, stack(0x000000cd50d00000,0x000000cd50e00000)]
  0x000002662ab23000 JavaThread "Unconstrained build operations Thread 32" [_thread_blocked, id=2752, stack(0x000000cd50e00000,0x000000cd50f00000)]
  0x000002662ab24800 JavaThread "Unconstrained build operations Thread 33" [_thread_blocked, id=7940, stack(0x000000cd50f00000,0x000000cd51000000)]
  0x000002662ab29800 JavaThread "Unconstrained build operations Thread 34" [_thread_blocked, id=2512, stack(0x000000cd51000000,0x000000cd51100000)]
  0x000002662ab23800 JavaThread "Unconstrained build operations Thread 35" [_thread_blocked, id=1844, stack(0x000000cd51100000,0x000000cd51200000)]
  0x000002662ab2a000 JavaThread "Unconstrained build operations Thread 36" [_thread_blocked, id=2700, stack(0x000000cd51200000,0x000000cd51300000)]
  0x000002662ab2b000 JavaThread "Unconstrained build operations Thread 37" [_thread_blocked, id=8516, stack(0x000000cd51300000,0x000000cd51400000)]
  0x000002662ab25800 JavaThread "Unconstrained build operations Thread 38" [_thread_blocked, id=8512, stack(0x000000cd51400000,0x000000cd51500000)]
  0x000002662ab2c800 JavaThread "Unconstrained build operations Thread 39" [_thread_blocked, id=8208, stack(0x000000cd51500000,0x000000cd51600000)]
  0x000002662ab2d800 JavaThread "Unconstrained build operations Thread 40" [_thread_blocked, id=1848, stack(0x000000cd51600000,0x000000cd51700000)]
  0x000002662ab31000 JavaThread "Memory manager" [_thread_blocked, id=9904, stack(0x000000cd51700000,0x000000cd51800000)]
  0x000002662ab2c000 JavaThread "File lock release action executor Thread 2" [_thread_blocked, id=9300, stack(0x000000cd51800000,0x000000cd51900000)]
  0x000002662ab2e800 JavaThread "pool-3-thread-1" [_thread_blocked, id=2344, stack(0x000000cd51900000,0x000000cd51a00000)]
  0x0000026631621800 JavaThread "Cache worker for execution history cache (C:\Users\nsxyl\AndroidStudioProjects\myapp\.gradle\7.3.3\executionHistory)" [_thread_blocked, id=536, stack(0x000000cd51c00000,0x000000cd51d00000)]
  0x000002662d7b3800 JavaThread "C2 CompilerThread1" daemon [_thread_blocked, id=5012, stack(0x000000cd4eb00000,0x000000cd4ec00000)]

Other Threads:
  0x0000026628efb000 VMThread "VM Thread" [stack: 0x000000cd4c400000,0x000000cd4c500000] [id=2456] _threads_hazard_ptr=0x0000026633144d40
  0x00000266299ed000 WatcherThread [stack: 0x000000cd4ce00000,0x000000cd4cf00000] [id=8672]
  0x000002660f327800 GCTaskThread "GC Thread#0" [stack: 0x000000cd4bf00000,0x000000cd4c000000] [id=1560]
  0x000002662a0f6800 GCTaskThread "GC Thread#1" [stack: 0x000000cd4d000000,0x000000cd4d100000] [id=2092]
  0x0000026629f56000 GCTaskThread "GC Thread#2" [stack: 0x000000cd4d100000,0x000000cd4d200000] [id=3200]
  0x000002662bb38000 GCTaskThread "GC Thread#3" [stack: 0x000000cd4db00000,0x000000cd4dc00000] [id=4400]
  0x000002660f357800 ConcurrentGCThread "G1 Main Marker" [stack: 0x000000cd4c000000,0x000000cd4c100000] [id=3004]
  0x000002660f359000 ConcurrentGCThread "G1 Conc#0" [stack: 0x000000cd4c100000,0x000000cd4c200000] [id=4868]
  0x000002660f3e8000 ConcurrentGCThread "G1 Refine#0" [stack: 0x000000cd4c200000,0x000000cd4c300000] [id=8028]
  0x000002660f3e9000 ConcurrentGCThread "G1 Young RemSet Sampling" [stack: 0x000000cd4c300000,0x000000cd4c400000] [id=8020]

Threads with active compile tasks:

VM state:synchronizing (normal execution)

VM Mutex/Monitor currently owned by a thread:  ([mutex/lock_event])
[0x000002660f309e40] Safepoint_lock - owner thread: 0x0000026628efb000
[0x000002660f30afb0] Threads_lock - owner thread: 0x0000026628efb000
[0x000002660f309d20] Heap_lock - owner thread: 0x000002660f357800

Heap address: 0x0000000080000000, size: 2048 MB, Compressed Oops mode: 32-bit
Narrow klass base: 0x0000000000000000, Narrow klass shift: 3
Compressed class space size: 1073741824 Address: 0x0000000100000000

Heap:
 garbage-first heap   total 238592K, used 145313K [0x0000000080000000, 0x0000000100000000)
  region size 1024K, 13 young (13312K), 4 survivors (4096K)
 Metaspace       used 101465K, capacity 104323K, committed 104576K, reserved 1140736K
  class space    used 13076K, capacity 14110K, committed 14208K, reserved 1048576K
Heap Regions: E=young(eden), S=young(survivor), O=old, HS=humongous(starts), HC=humongous(continues), CS=collection set, F=free, A=archive, TAMS=top-at-mark-start (previous, next)
|   0|0x0000000080000000, 0x0000000080100000, 0x0000000080100000|100%| O|  |TAMS 0x0000000080100000, 0x0000000080100000| Untracked 
|   1|0x0000000080100000, 0x0000000080200000, 0x0000000080200000|100%| O|  |TAMS 0x0000000080200000, 0x0000000080200000| Untracked 
|   2|0x0000000080200000, 0x0000000080300000, 0x0000000080300000|100%| O|  |TAMS 0x0000000080300000, 0x0000000080300000| Untracked 
|   3|0x0000000080300000, 0x0000000080400000, 0x0000000080400000|100%|HS|  |TAMS 0x0000000080400000, 0x0000000080400000| Complete 
|   4|0x0000000080400000, 0x0000000080500000, 0x0000000080500000|100%|HC|  |TAMS 0x0000000080500000, 0x0000000080500000| Complete 
|   5|0x0000000080500000, 0x0000000080600000, 0x0000000080600000|100%|HC|  |TAMS 0x0000000080600000, 0x0000000080600000| Complete 
|   6|0x0000000080600000, 0x0000000080700000, 0x0000000080700000|100%| O|  |TAMS 0x0000000080700000, 0x0000000080700000| Untracked 
|   7|0x0000000080700000, 0x0000000080800000, 0x0000000080800000|100%| O|  |TAMS 0x0000000080800000, 0x0000000080800000| Untracked 
|   8|0x0000000080800000, 0x0000000080900000, 0x0000000080900000|100%| O|  |TAMS 0x0000000080900000, 0x0000000080900000| Untracked 
|   9|0x0000000080900000, 0x0000000080a00000, 0x0000000080a00000|100%| O|  |TAMS 0x0000000080a00000, 0x0000000080a00000| Untracked 
|  10|0x0000000080a00000, 0x0000000080b00000, 0x0000000080b00000|100%| O|  |TAMS 0x0000000080b00000, 0x0000000080b00000| Untracked 
|  11|0x0000000080b00000, 0x0000000080c00000, 0x0000000080c00000|100%| O|  |TAMS 0x0000000080c00000, 0x0000000080c00000| Untracked 
|  12|0x0000000080c00000, 0x0000000080d00000, 0x0000000080d00000|100%| O|  |TAMS 0x0000000080d00000, 0x0000000080d00000| Untracked 
|  13|0x0000000080d00000, 0x0000000080e00000, 0x0000000080e00000|100%| O|  |TAMS 0x0000000080e00000, 0x0000000080e00000| Untracked 
|  14|0x0000000080e00000, 0x0000000080f00000, 0x0000000080f00000|100%| O|  |TAMS 0x0000000080f00000, 0x0000000080f00000| Untracked 
|  15|0x0000000080f00000, 0x0000000081000000, 0x0000000081000000|100%| O|  |TAMS 0x0000000081000000, 0x0000000081000000| Untracked 
|  16|0x0000000081000000, 0x0000000081100000, 0x0000000081100000|100%| O|  |TAMS 0x0000000081100000, 0x0000000081100000| Untracked 
|  17|0x0000000081100000, 0x0000000081200000, 0x0000000081200000|100%|HS|  |TAMS 0x0000000081200000, 0x0000000081200000| Complete 
|  18|0x0000000081200000, 0x0000000081300000, 0x0000000081300000|100%|HC|  |TAMS 0x0000000081300000, 0x0000000081300000| Complete 
|  19|0x0000000081300000, 0x0000000081400000, 0x0000000081400000|100%|HS|  |TAMS 0x0000000081400000, 0x0000000081400000| Complete 
|  20|0x0000000081400000, 0x0000000081500000, 0x0000000081500000|100%|HC|  |TAMS 0x0000000081500000, 0x0000000081500000| Complete 
|  21|0x0000000081500000, 0x0000000081600000, 0x0000000081600000|100%|HC|  |TAMS 0x0000000081600000, 0x0000000081600000| Complete 
|  22|0x0000000081600000, 0x0000000081700000, 0x0000000081700000|100%|HS|  |TAMS 0x0000000081700000, 0x0000000081700000| Complete 
|  23|0x0000000081700000, 0x0000000081800000, 0x0000000081800000|100%|HS|  |TAMS 0x0000000081800000, 0x0000000081800000| Complete 
|  24|0x0000000081800000, 0x0000000081900000, 0x0000000081900000|100%|HC|  |TAMS 0x0000000081900000, 0x0000000081900000| Complete 
|  25|0x0000000081900000, 0x0000000081a00000, 0x0000000081a00000|100%|HC|  |TAMS 0x0000000081a00000, 0x0000000081a00000| Complete 
|  26|0x0000000081a00000, 0x0000000081b00000, 0x0000000081b00000|100%|HC|  |TAMS 0x0000000081b00000, 0x0000000081b00000| Complete 
|  27|0x0000000081b00000, 0x0000000081c00000, 0x0000000081c00000|100%| O|  |TAMS 0x0000000081c00000, 0x0000000081c00000| Untracked 
|  28|0x0000000081c00000, 0x0000000081d00000, 0x0000000081d00000|100%| O|  |TAMS 0x0000000081d00000, 0x0000000081d00000| Untracked 
|  29|0x0000000081d00000, 0x0000000081e00000, 0x0000000081e00000|100%| O|  |TAMS 0x0000000081e00000, 0x0000000081e00000| Untracked 
|  30|0x0000000081e00000, 0x0000000081f00000, 0x0000000081f00000|100%| O|  |TAMS 0x0000000081f00000, 0x0000000081f00000| Untracked 
|  31|0x0000000081f00000, 0x0000000082000000, 0x0000000082000000|100%| O|  |TAMS 0x0000000082000000, 0x0000000082000000| Untracked 
|  32|0x0000000082000000, 0x0000000082100000, 0x0000000082100000|100%| O|  |TAMS 0x0000000082100000, 0x0000000082100000| Untracked 
|  33|0x0000000082100000, 0x0000000082200000, 0x0000000082200000|100%| O|  |TAMS 0x0000000082200000, 0x0000000082200000| Untracked 
|  34|0x0000000082200000, 0x0000000082300000, 0x0000000082300000|100%|HS|  |TAMS 0x0000000082300000, 0x0000000082300000| Complete 
|  35|0x0000000082300000, 0x0000000082400000, 0x0000000082400000|100%|HS|  |TAMS 0x0000000082400000, 0x0000000082400000| Complete 
|  36|0x0000000082400000, 0x0000000082500000, 0x0000000082500000|100%|HC|  |TAMS 0x0000000082500000, 0x0000000082500000| Complete 
|  37|0x0000000082500000, 0x0000000082600000, 0x0000000082600000|100%|HC|  |TAMS 0x0000000082600000, 0x0000000082600000| Complete 
|  38|0x0000000082600000, 0x0000000082700000, 0x0000000082700000|100%| O|  |TAMS 0x0000000082700000, 0x0000000082700000| Untracked 
|  39|0x0000000082700000, 0x0000000082800000, 0x0000000082800000|100%| O|  |TAMS 0x0000000082800000, 0x0000000082800000| Untracked 
|  40|0x0000000082800000, 0x0000000082900000, 0x0000000082900000|100%| O|  |TAMS 0x0000000082900000, 0x0000000082900000| Untracked 
|  41|0x0000000082900000, 0x0000000082a00000, 0x0000000082a00000|100%| O|  |TAMS 0x0000000082a00000, 0x0000000082a00000| Untracked 
|  42|0x0000000082a00000, 0x0000000082b00000, 0x0000000082b00000|100%| O|  |TAMS 0x0000000082b00000, 0x0000000082b00000| Untracked 
|  43|0x0000000082b00000, 0x0000000082c00000, 0x0000000082c00000|100%| O|  |TAMS 0x0000000082c00000, 0x0000000082c00000| Untracked 
|  44|0x0000000082c00000, 0x0000000082d00000, 0x0000000082d00000|100%| O|  |TAMS 0x0000000082d00000, 0x0000000082d00000| Untracked 
|  45|0x0000000082d00000, 0x0000000082e00000, 0x0000000082e00000|100%| O|  |TAMS 0x0000000082e00000, 0x0000000082e00000| Untracked 
|  46|0x0000000082e00000, 0x0000000082f00000, 0x0000000082f00000|100%|HS|  |TAMS 0x0000000082f00000, 0x0000000082f00000| Complete 
|  47|0x0000000082f00000, 0x0000000083000000, 0x0000000083000000|100%|HC|  |TAMS 0x0000000083000000, 0x0000000083000000| Complete 
|  48|0x0000000083000000, 0x0000000083100000, 0x0000000083100000|100%|HC|  |TAMS 0x0000000083100000, 0x0000000083100000| Complete 
|  49|0x0000000083100000, 0x0000000083200000, 0x0000000083200000|100%|HC|  |TAMS 0x0000000083200000, 0x0000000083200000| Complete 
|  50|0x0000000083200000, 0x0000000083300000, 0x0000000083300000|100%| O|  |TAMS 0x0000000083300000, 0x0000000083300000| Untracked 
|  51|0x0000000083300000, 0x0000000083400000, 0x0000000083400000|100%| O|  |TAMS 0x0000000083400000, 0x0000000083400000| Untracked 
|  52|0x0000000083400000, 0x0000000083500000, 0x0000000083500000|100%| O|  |TAMS 0x0000000083500000, 0x0000000083500000| Untracked 
|  53|0x0000000083500000, 0x0000000083600000, 0x0000000083600000|100%| O|  |TAMS 0x0000000083600000, 0x0000000083600000| Untracked 
|  54|0x0000000083600000, 0x0000000083700000, 0x0000000083700000|100%| O|  |TAMS 0x0000000083700000, 0x0000000083700000| Untracked 
|  55|0x0000000083700000, 0x0000000083800000, 0x0000000083800000|100%| O|  |TAMS 0x0000000083800000, 0x0000000083800000| Untracked 
|  56|0x0000000083800000, 0x0000000083900000, 0x0000000083900000|100%| O|  |TAMS 0x0000000083900000, 0x0000000083900000| Untracked 
|  57|0x0000000083900000, 0x0000000083a00000, 0x0000000083a00000|100%| O|  |TAMS 0x0000000083a00000, 0x0000000083a00000| Untracked 
|  58|0x0000000083a00000, 0x0000000083b00000, 0x0000000083b00000|100%|HS|  |TAMS 0x0000000083b00000, 0x0000000083b00000| Complete 
|  59|0x0000000083b00000, 0x0000000083c00000, 0x0000000083c00000|100%|HS|  |TAMS 0x0000000083c00000, 0x0000000083c00000| Complete 
|  60|0x0000000083c00000, 0x0000000083d00000, 0x0000000083d00000|100%|HS|  |TAMS 0x0000000083d00000, 0x0000000083d00000| Complete 
|  61|0x0000000083d00000, 0x0000000083e00000, 0x0000000083e00000|100%|HS|  |TAMS 0x0000000083e00000, 0x0000000083e00000| Complete 
|  62|0x0000000083e00000, 0x0000000083f00000, 0x0000000083f00000|100%|HS|  |TAMS 0x0000000083f00000, 0x0000000083f00000| Complete 
|  63|0x0000000083f00000, 0x0000000084000000, 0x0000000084000000|100%|HC|  |TAMS 0x0000000084000000, 0x0000000084000000| Complete 
|  64|0x0000000084000000, 0x0000000084100000, 0x0000000084100000|100%|HC|  |TAMS 0x0000000084100000, 0x0000000084100000| Complete 
|  65|0x0000000084100000, 0x0000000084200000, 0x0000000084200000|100%| O|  |TAMS 0x0000000084200000, 0x0000000084200000| Untracked 
|  66|0x0000000084200000, 0x0000000084300000, 0x0000000084300000|100%| O|  |TAMS 0x0000000084300000, 0x0000000084300000| Untracked 
|  67|0x0000000084300000, 0x0000000084400000, 0x0000000084400000|100%| O|  |TAMS 0x0000000084400000, 0x0000000084400000| Untracked 
|  68|0x0000000084400000, 0x0000000084500000, 0x0000000084500000|100%| O|  |TAMS 0x0000000084500000, 0x0000000084500000| Untracked 
|  69|0x0000000084500000, 0x0000000084600000, 0x0000000084600000|100%| O|  |TAMS 0x0000000084600000, 0x0000000084600000| Untracked 
|  70|0x0000000084600000, 0x0000000084700000, 0x0000000084700000|100%| O|  |TAMS 0x0000000084700000, 0x0000000084700000| Untracked 
|  71|0x0000000084700000, 0x0000000084800000, 0x0000000084800000|100%| O|  |TAMS 0x0000000084800000, 0x0000000084800000| Untracked 
|  72|0x0000000084800000, 0x0000000084900000, 0x0000000084900000|100%|HS|  |TAMS 0x0000000084900000, 0x0000000084900000| Complete 
|  73|0x0000000084900000, 0x0000000084a00000, 0x0000000084a00000|100%|HC|  |TAMS 0x0000000084a00000, 0x0000000084a00000| Complete 
|  74|0x0000000084a00000, 0x0000000084b00000, 0x0000000084b00000|100%| O|  |TAMS 0x0000000084b00000, 0x0000000084b00000| Untracked 
|  75|0x0000000084b00000, 0x0000000084c00000, 0x0000000084c00000|100%| O|  |TAMS 0x0000000084c00000, 0x0000000084c00000| Untracked 
|  76|0x0000000084c00000, 0x0000000084d00000, 0x0000000084d00000|100%| O|  |TAMS 0x0000000084d00000, 0x0000000084d00000| Untracked 
|  77|0x0000000084d00000, 0x0000000084e00000, 0x0000000084e00000|100%| O|  |TAMS 0x0000000084e00000, 0x0000000084e00000| Untracked 
|  78|0x0000000084e00000, 0x0000000084f00000, 0x0000000084f00000|100%| O|  |TAMS 0x0000000084f00000, 0x0000000084f00000| Untracked 
|  79|0x0000000084f00000, 0x0000000085000000, 0x0000000085000000|100%| O|  |TAMS 0x0000000085000000, 0x0000000085000000| Untracked 
|  80|0x0000000085000000, 0x0000000085100000, 0x0000000085100000|100%| O|  |TAMS 0x0000000085100000, 0x0000000085100000| Untracked 
|  81|0x0000000085100000, 0x0000000085200000, 0x0000000085200000|100%| O|  |TAMS 0x0000000085200000, 0x0000000085200000| Untracked 
|  82|0x0000000085200000, 0x0000000085300000, 0x0000000085300000|100%| O|  |TAMS 0x0000000085300000, 0x0000000085300000| Untracked 
|  83|0x0000000085300000, 0x0000000085400000, 0x0000000085400000|100%| O|  |TAMS 0x0000000085400000, 0x0000000085400000| Untracked 
|  84|0x0000000085400000, 0x0000000085500000, 0x0000000085500000|100%| O|  |TAMS 0x0000000085500000, 0x0000000085500000| Untracked 
|  85|0x0000000085500000, 0x0000000085600000, 0x0000000085600000|100%| O|  |TAMS 0x0000000085600000, 0x0000000085600000| Untracked 
|  86|0x0000000085600000, 0x0000000085700000, 0x0000000085700000|100%| O|  |TAMS 0x0000000085700000, 0x0000000085700000| Untracked 
|  87|0x0000000085700000, 0x0000000085800000, 0x0000000085800000|100%| O|  |TAMS 0x0000000085800000, 0x0000000085800000| Untracked 
|  88|0x0000000085800000, 0x0000000085900000, 0x0000000085900000|100%| O|  |TAMS 0x0000000085900000, 0x0000000085900000| Untracked 
|  89|0x0000000085900000, 0x0000000085a00000, 0x0000000085a00000|100%| O|  |TAMS 0x0000000085a00000, 0x0000000085a00000| Untracked 
|  90|0x0000000085a00000, 0x0000000085b00000, 0x0000000085b00000|100%| O|  |TAMS 0x0000000085b00000, 0x0000000085b00000| Untracked 
|  91|0x0000000085b00000, 0x0000000085c00000, 0x0000000085c00000|100%| O|  |TAMS 0x0000000085c00000, 0x0000000085c00000| Untracked 
|  92|0x0000000085c00000, 0x0000000085d00000, 0x0000000085d00000|100%| O|  |TAMS 0x0000000085d00000, 0x0000000085d00000| Untracked 
|  93|0x0000000085d00000, 0x0000000085e00000, 0x0000000085e00000|100%| O|  |TAMS 0x0000000085e00000, 0x0000000085e00000| Untracked 
|  94|0x0000000085e00000, 0x0000000085f00000, 0x0000000085f00000|100%| O|  |TAMS 0x0000000085f00000, 0x0000000085f00000| Untracked 
|  95|0x0000000085f00000, 0x0000000086000000, 0x0000000086000000|100%| O|  |TAMS 0x0000000086000000, 0x0000000086000000| Untracked 
|  96|0x0000000086000000, 0x0000000086100000, 0x0000000086100000|100%| O|  |TAMS 0x0000000086100000, 0x0000000086100000| Untracked 
|  97|0x0000000086100000, 0x0000000086200000, 0x0000000086200000|100%| O|  |TAMS 0x0000000086200000, 0x0000000086200000| Untracked 
|  98|0x0000000086200000, 0x0000000086300000, 0x0000000086300000|100%| O|  |TAMS 0x0000000086300000, 0x0000000086300000| Untracked 
|  99|0x0000000086300000, 0x0000000086400000, 0x0000000086400000|100%| O|  |TAMS 0x0000000086400000, 0x0000000086400000| Untracked 
| 100|0x0000000086400000, 0x0000000086500000, 0x0000000086500000|100%| O|  |TAMS 0x0000000086500000, 0x0000000086500000| Untracked 
| 101|0x0000000086500000, 0x0000000086600000, 0x0000000086600000|100%| O|  |TAMS 0x0000000086600000, 0x0000000086600000| Untracked 
| 102|0x0000000086600000, 0x0000000086700000, 0x0000000086700000|100%| O|  |TAMS 0x0000000086700000, 0x0000000086700000| Untracked 
| 103|0x0000000086700000, 0x0000000086800000, 0x0000000086800000|100%| O|  |TAMS 0x0000000086800000, 0x0000000086800000| Untracked 
| 104|0x0000000086800000, 0x0000000086900000, 0x0000000086900000|100%| O|  |TAMS 0x0000000086900000, 0x0000000086900000| Untracked 
| 105|0x0000000086900000, 0x0000000086a00000, 0x0000000086a00000|100%| O|  |TAMS 0x0000000086a00000, 0x0000000086a00000| Untracked 
| 106|0x0000000086a00000, 0x0000000086b00000, 0x0000000086b00000|100%| O|  |TAMS 0x0000000086b00000, 0x0000000086b00000| Untracked 
| 107|0x0000000086b00000, 0x0000000086c00000, 0x0000000086c00000|100%| O|  |TAMS 0x0000000086c00000, 0x0000000086c00000| Untracked 
| 108|0x0000000086c00000, 0x0000000086d00000, 0x0000000086d00000|100%|HS|  |TAMS 0x0000000086d00000, 0x0000000086d00000| Complete 
| 109|0x0000000086d00000, 0x0000000086e00000, 0x0000000086e00000|100%|HC|  |TAMS 0x0000000086e00000, 0x0000000086e00000| Complete 
| 110|0x0000000086e00000, 0x0000000086f00000, 0x0000000086f00000|100%|HS|  |TAMS 0x0000000086f00000, 0x0000000086f00000| Complete 
| 111|0x0000000086f00000, 0x0000000087000000, 0x0000000087000000|100%|HC|  |TAMS 0x0000000087000000, 0x0000000087000000| Complete 
| 112|0x0000000087000000, 0x0000000087100000, 0x0000000087100000|100%|HC|  |TAMS 0x0000000087100000, 0x0000000087100000| Complete 
| 113|0x0000000087100000, 0x0000000087200000, 0x0000000087200000|100%|HS|  |TAMS 0x0000000087200000, 0x0000000087200000| Complete 
| 114|0x0000000087200000, 0x0000000087300000, 0x0000000087300000|100%|HC|  |TAMS 0x0000000087300000, 0x0000000087300000| Complete 
| 115|0x0000000087300000, 0x0000000087400000, 0x0000000087400000|100%|HC|  |TAMS 0x0000000087400000, 0x0000000087400000| Complete 
| 116|0x0000000087400000, 0x0000000087500000, 0x0000000087500000|100%|HC|  |TAMS 0x0000000087500000, 0x0000000087500000| Complete 
| 117|0x0000000087500000, 0x0000000087600000, 0x0000000087600000|100%| O|  |TAMS 0x0000000087600000, 0x0000000087600000| Untracked 
| 118|0x0000000087600000, 0x0000000087600000, 0x0000000087700000|  0%| F|  |TAMS 0x0000000087600000, 0x0000000087600000| Untracked 
| 119|0x0000000087700000, 0x0000000087700000, 0x0000000087800000|  0%| F|  |TAMS 0x0000000087700000, 0x0000000087700000| Untracked 
| 120|0x0000000087800000, 0x0000000087900000, 0x0000000087900000|100%| O|  |TAMS 0x0000000087900000, 0x0000000087900000| Untracked 
| 121|0x0000000087900000, 0x0000000087a00000, 0x0000000087a00000|100%| O|  |TAMS 0x0000000087a00000, 0x0000000087a00000| Untracked 
| 122|0x0000000087a00000, 0x0000000087b00000, 0x0000000087b00000|100%| O|  |TAMS 0x0000000087b00000, 0x0000000087b00000| Untracked 
| 123|0x0000000087b00000, 0x0000000087c00000, 0x0000000087c00000|100%| O|  |TAMS 0x0000000087c00000, 0x0000000087c00000| Untracked 
| 124|0x0000000087c00000, 0x0000000087d00000, 0x0000000087d00000|100%| O|  |TAMS 0x0000000087d00000, 0x0000000087d00000| Untracked 
| 125|0x0000000087d00000, 0x0000000087e00000, 0x0000000087e00000|100%| O|  |TAMS 0x0000000087e00000, 0x0000000087e00000| Untracked 
| 126|0x0000000087e00000, 0x0000000087f00000, 0x0000000087f00000|100%| O|  |TAMS 0x0000000087f00000, 0x0000000087f00000| Untracked 
| 127|0x0000000087f00000, 0x0000000088000000, 0x0000000088000000|100%| O|  |TAMS 0x0000000088000000, 0x0000000088000000| Untracked 
| 128|0x0000000088000000, 0x0000000088100000, 0x0000000088100000|100%| O|  |TAMS 0x00000000880eb400, 0x0000000088100000| Untracked 
| 129|0x0000000088100000, 0x0000000088200000, 0x0000000088200000|100%| O|  |TAMS 0x0000000088100000, 0x0000000088200000| Untracked 
| 130|0x0000000088200000, 0x0000000088300000, 0x0000000088300000|100%| O|  |TAMS 0x0000000088200000, 0x0000000088300000| Untracked 
| 131|0x0000000088300000, 0x00000000883e8600, 0x0000000088400000| 90%| O|  |TAMS 0x0000000088300000, 0x00000000883e8600| Untracked 
| 132|0x0000000088400000, 0x0000000088400000, 0x0000000088500000|  0%| F|  |TAMS 0x0000000088400000, 0x0000000088400000| Untracked 
| 133|0x0000000088500000, 0x0000000088500000, 0x0000000088600000|  0%| F|  |TAMS 0x0000000088500000, 0x0000000088500000| Untracked 
| 134|0x0000000088600000, 0x0000000088600000, 0x0000000088700000|  0%| F|  |TAMS 0x0000000088600000, 0x0000000088600000| Untracked 
| 135|0x0000000088700000, 0x0000000088700000, 0x0000000088800000|  0%| F|  |TAMS 0x0000000088700000, 0x0000000088700000| Untracked 
| 136|0x0000000088800000, 0x0000000088800000, 0x0000000088900000|  0%| F|  |TAMS 0x0000000088800000, 0x0000000088800000| Untracked 
| 137|0x0000000088900000, 0x0000000088900000, 0x0000000088a00000|  0%| F|  |TAMS 0x0000000088900000, 0x0000000088900000| Untracked 
| 138|0x0000000088a00000, 0x0000000088a00000, 0x0000000088b00000|  0%| F|  |TAMS 0x0000000088a00000, 0x0000000088a00000| Untracked 
| 139|0x0000000088b00000, 0x0000000088b00000, 0x0000000088c00000|  0%| F|  |TAMS 0x0000000088b00000, 0x0000000088b00000| Untracked 
| 140|0x0000000088c00000, 0x0000000088c00000, 0x0000000088d00000|  0%| F|  |TAMS 0x0000000088c00000, 0x0000000088c00000| Untracked 
| 141|0x0000000088d00000, 0x0000000088d00000, 0x0000000088e00000|  0%| F|  |TAMS 0x0000000088d00000, 0x0000000088d00000| Untracked 
| 142|0x0000000088e00000, 0x0000000088e00000, 0x0000000088f00000|  0%| F|  |TAMS 0x0000000088e00000, 0x0000000088e00000| Untracked 
| 143|0x0000000088f00000, 0x0000000088f00000, 0x0000000089000000|  0%| F|  |TAMS 0x0000000088f00000, 0x0000000088f00000| Untracked 
| 144|0x0000000089000000, 0x0000000089000000, 0x0000000089100000|  0%| F|  |TAMS 0x0000000089000000, 0x0000000089000000| Untracked 
| 145|0x0000000089100000, 0x0000000089100000, 0x0000000089200000|  0%| F|  |TAMS 0x0000000089100000, 0x0000000089100000| Untracked 
| 146|0x0000000089200000, 0x0000000089200000, 0x0000000089300000|  0%| F|  |TAMS 0x0000000089200000, 0x0000000089200000| Untracked 
| 147|0x0000000089300000, 0x0000000089300000, 0x0000000089400000|  0%| F|  |TAMS 0x0000000089300000, 0x0000000089300000| Untracked 
| 148|0x0000000089400000, 0x0000000089400000, 0x0000000089500000|  0%| F|  |TAMS 0x0000000089400000, 0x0000000089400000| Untracked 
| 149|0x0000000089500000, 0x0000000089500000, 0x0000000089600000|  0%| F|  |TAMS 0x0000000089500000, 0x0000000089500000| Untracked 
| 150|0x0000000089600000, 0x0000000089600000, 0x0000000089700000|  0%| F|  |TAMS 0x0000000089600000, 0x0000000089600000| Untracked 
| 151|0x0000000089700000, 0x0000000089700000, 0x0000000089800000|  0%| F|  |TAMS 0x0000000089700000, 0x0000000089700000| Untracked 
| 152|0x0000000089800000, 0x0000000089800000, 0x0000000089900000|  0%| F|  |TAMS 0x0000000089800000, 0x0000000089800000| Untracked 
| 153|0x0000000089900000, 0x0000000089900000, 0x0000000089a00000|  0%| F|  |TAMS 0x0000000089900000, 0x0000000089900000| Untracked 
| 154|0x0000000089a00000, 0x0000000089a00000, 0x0000000089b00000|  0%| F|  |TAMS 0x0000000089a00000, 0x0000000089a00000| Untracked 
| 155|0x0000000089b00000, 0x0000000089b00000, 0x0000000089c00000|  0%| F|  |TAMS 0x0000000089b00000, 0x0000000089b00000| Untracked 
| 156|0x0000000089c00000, 0x0000000089c00000, 0x0000000089d00000|  0%| F|  |TAMS 0x0000000089c00000, 0x0000000089c00000| Untracked 
| 157|0x0000000089d00000, 0x0000000089d00000, 0x0000000089e00000|  0%| F|  |TAMS 0x0000000089d00000, 0x0000000089d00000| Untracked 
| 158|0x0000000089e00000, 0x0000000089e00000, 0x0000000089f00000|  0%| F|  |TAMS 0x0000000089e00000, 0x0000000089e00000| Untracked 
| 159|0x0000000089f00000, 0x0000000089f00000, 0x000000008a000000|  0%| F|  |TAMS 0x0000000089f00000, 0x0000000089f00000| Untracked 
| 160|0x000000008a000000, 0x000000008a000000, 0x000000008a100000|  0%| F|  |TAMS 0x000000008a000000, 0x000000008a000000| Untracked 
| 161|0x000000008a100000, 0x000000008a100000, 0x000000008a200000|  0%| F|  |TAMS 0x000000008a100000, 0x000000008a100000| Untracked 
| 162|0x000000008a200000, 0x000000008a200000, 0x000000008a300000|  0%| F|  |TAMS 0x000000008a200000, 0x000000008a200000| Untracked 
| 163|0x000000008a300000, 0x000000008a300000, 0x000000008a400000|  0%| F|  |TAMS 0x000000008a300000, 0x000000008a300000| Untracked 
| 164|0x000000008a400000, 0x000000008a400000, 0x000000008a500000|  0%| F|  |TAMS 0x000000008a400000, 0x000000008a400000| Untracked 
| 165|0x000000008a500000, 0x000000008a500000, 0x000000008a600000|  0%| F|  |TAMS 0x000000008a500000, 0x000000008a500000| Untracked 
| 166|0x000000008a600000, 0x000000008a600000, 0x000000008a700000|  0%| F|  |TAMS 0x000000008a600000, 0x000000008a600000| Untracked 
| 167|0x000000008a700000, 0x000000008a700000, 0x000000008a800000|  0%| F|  |TAMS 0x000000008a700000, 0x000000008a700000| Untracked 
| 168|0x000000008a800000, 0x000000008a800000, 0x000000008a900000|  0%| F|  |TAMS 0x000000008a800000, 0x000000008a800000| Untracked 
| 169|0x000000008a900000, 0x000000008a900000, 0x000000008aa00000|  0%| F|  |TAMS 0x000000008a900000, 0x000000008a900000| Untracked 
| 170|0x000000008aa00000, 0x000000008aa00000, 0x000000008ab00000|  0%| F|  |TAMS 0x000000008aa00000, 0x000000008aa00000| Untracked 
| 171|0x000000008ab00000, 0x000000008ab00000, 0x000000008ac00000|  0%| F|  |TAMS 0x000000008ab00000, 0x000000008ab00000| Untracked 
| 172|0x000000008ac00000, 0x000000008ac00000, 0x000000008ad00000|  0%| F|  |TAMS 0x000000008ac00000, 0x000000008ac00000| Untracked 
| 173|0x000000008ad00000, 0x000000008ad00000, 0x000000008ae00000|  0%| F|  |TAMS 0x000000008ad00000, 0x000000008ad00000| Untracked 
| 174|0x000000008ae00000, 0x000000008ae00000, 0x000000008af00000|  0%| F|  |TAMS 0x000000008ae00000, 0x000000008ae00000| Untracked 
| 175|0x000000008af00000, 0x000000008af00000, 0x000000008b000000|  0%| F|  |TAMS 0x000000008af00000, 0x000000008af00000| Untracked 
| 176|0x000000008b000000, 0x000000008b000000, 0x000000008b100000|  0%| F|  |TAMS 0x000000008b000000, 0x000000008b000000| Untracked 
| 177|0x000000008b100000, 0x000000008b100000, 0x000000008b200000|  0%| F|  |TAMS 0x000000008b100000, 0x000000008b100000| Untracked 
| 178|0x000000008b200000, 0x000000008b200000, 0x000000008b300000|  0%| F|  |TAMS 0x000000008b200000, 0x000000008b200000| Untracked 
| 179|0x000000008b300000, 0x000000008b300000, 0x000000008b400000|  0%| F|  |TAMS 0x000000008b300000, 0x000000008b300000| Untracked 
| 180|0x000000008b400000, 0x000000008b400000, 0x000000008b500000|  0%| F|  |TAMS 0x000000008b400000, 0x000000008b400000| Untracked 
| 181|0x000000008b500000, 0x000000008b500000, 0x000000008b600000|  0%| F|  |TAMS 0x000000008b500000, 0x000000008b500000| Untracked 
| 182|0x000000008b600000, 0x000000008b700000, 0x000000008b700000|100%| S|CS|TAMS 0x000000008b600000, 0x000000008b600000| Complete 
| 183|0x000000008b700000, 0x000000008b800000, 0x000000008b800000|100%| S|CS|TAMS 0x000000008b700000, 0x000000008b700000| Complete 
| 184|0x000000008b800000, 0x000000008b900000, 0x000000008b900000|100%| S|CS|TAMS 0x000000008b800000, 0x000000008b800000| Complete 
| 185|0x000000008b900000, 0x000000008ba00000, 0x000000008ba00000|100%| S|CS|TAMS 0x000000008b900000, 0x000000008b900000| Complete 
| 186|0x000000008ba00000, 0x000000008ba00000, 0x000000008bb00000|  0%| F|  |TAMS 0x000000008ba00000, 0x000000008ba00000| Untracked 
| 187|0x000000008bb00000, 0x000000008bb00000, 0x000000008bc00000|  0%| F|  |TAMS 0x000000008bb00000, 0x000000008bb00000| Untracked 
| 188|0x000000008bc00000, 0x000000008bc00000, 0x000000008bd00000|  0%| F|  |TAMS 0x000000008bc00000, 0x000000008bc00000| Untracked 
| 189|0x000000008bd00000, 0x000000008bd00000, 0x000000008be00000|  0%| F|  |TAMS 0x000000008bd00000, 0x000000008bd00000| Untracked 
| 190|0x000000008be00000, 0x000000008be00000, 0x000000008bf00000|  0%| F|  |TAMS 0x000000008be00000, 0x000000008be00000| Untracked 
| 191|0x000000008bf00000, 0x000000008bf00000, 0x000000008c000000|  0%| F|  |TAMS 0x000000008bf00000, 0x000000008bf00000| Untracked 
| 192|0x000000008c000000, 0x000000008c000000, 0x000000008c100000|  0%| F|  |TAMS 0x000000008c000000, 0x000000008c000000| Untracked 
| 193|0x000000008c100000, 0x000000008c100000, 0x000000008c200000|  0%| F|  |TAMS 0x000000008c100000, 0x000000008c100000| Untracked 
| 194|0x000000008c200000, 0x000000008c200000, 0x000000008c300000|  0%| F|  |TAMS 0x000000008c200000, 0x000000008c200000| Untracked 
| 195|0x000000008c300000, 0x000000008c300000, 0x000000008c400000|  0%| F|  |TAMS 0x000000008c300000, 0x000000008c300000| Untracked 
| 196|0x000000008c400000, 0x000000008c400000, 0x000000008c500000|  0%| F|  |TAMS 0x000000008c400000, 0x000000008c400000| Untracked 
| 197|0x000000008c500000, 0x000000008c500000, 0x000000008c600000|  0%| F|  |TAMS 0x000000008c500000, 0x000000008c500000| Untracked 
| 198|0x000000008c600000, 0x000000008c600000, 0x000000008c700000|  0%| F|  |TAMS 0x000000008c600000, 0x000000008c600000| Untracked 
| 199|0x000000008c700000, 0x000000008c700000, 0x000000008c800000|  0%| F|  |TAMS 0x000000008c700000, 0x000000008c700000| Untracked 
| 200|0x000000008c800000, 0x000000008c800000, 0x000000008c900000|  0%| F|  |TAMS 0x000000008c800000, 0x000000008c800000| Untracked 
| 201|0x000000008c900000, 0x000000008c900000, 0x000000008ca00000|  0%| F|  |TAMS 0x000000008c900000, 0x000000008c900000| Untracked 
| 202|0x000000008ca00000, 0x000000008ca00000, 0x000000008cb00000|  0%| F|  |TAMS 0x000000008ca00000, 0x000000008ca00000| Untracked 
| 203|0x000000008cb00000, 0x000000008cb00000, 0x000000008cc00000|  0%| F|  |TAMS 0x000000008cb00000, 0x000000008cb00000| Untracked 
| 204|0x000000008cc00000, 0x000000008cc00000, 0x000000008cd00000|  0%| F|  |TAMS 0x000000008cc00000, 0x000000008cc00000| Untracked 
| 205|0x000000008cd00000, 0x000000008cd00000, 0x000000008ce00000|  0%| F|  |TAMS 0x000000008cd00000, 0x000000008cd00000| Untracked 
| 206|0x000000008ce00000, 0x000000008ce00000, 0x000000008cf00000|  0%| F|  |TAMS 0x000000008ce00000, 0x000000008ce00000| Untracked 
| 207|0x000000008cf00000, 0x000000008cf00000, 0x000000008d000000|  0%| F|  |TAMS 0x000000008cf00000, 0x000000008cf00000| Untracked 
| 208|0x000000008d000000, 0x000000008d000000, 0x000000008d100000|  0%| F|  |TAMS 0x000000008d000000, 0x000000008d000000| Untracked 
| 209|0x000000008d100000, 0x000000008d100000, 0x000000008d200000|  0%| F|  |TAMS 0x000000008d100000, 0x000000008d100000| Untracked 
| 210|0x000000008d200000, 0x000000008d200000, 0x000000008d300000|  0%| F|  |TAMS 0x000000008d200000, 0x000000008d200000| Untracked 
| 211|0x000000008d300000, 0x000000008d300000, 0x000000008d400000|  0%| F|  |TAMS 0x000000008d300000, 0x000000008d300000| Untracked 
| 212|0x000000008d400000, 0x000000008d400000, 0x000000008d500000|  0%| F|  |TAMS 0x000000008d400000, 0x000000008d400000| Untracked 
| 213|0x000000008d500000, 0x000000008d500000, 0x000000008d600000|  0%| F|  |TAMS 0x000000008d500000, 0x000000008d500000| Untracked 
| 214|0x000000008d600000, 0x000000008d600000, 0x000000008d700000|  0%| F|  |TAMS 0x000000008d600000, 0x000000008d600000| Untracked 
| 215|0x000000008d700000, 0x000000008d700000, 0x000000008d800000|  0%| F|  |TAMS 0x000000008d700000, 0x000000008d700000| Untracked 
| 216|0x000000008d800000, 0x000000008d800000, 0x000000008d900000|  0%| F|  |TAMS 0x000000008d800000, 0x000000008d800000| Untracked 
| 217|0x000000008d900000, 0x000000008d900000, 0x000000008da00000|  0%| F|  |TAMS 0x000000008d900000, 0x000000008d900000| Untracked 
| 218|0x000000008da00000, 0x000000008da00000, 0x000000008db00000|  0%| F|  |TAMS 0x000000008da00000, 0x000000008da00000| Untracked 
| 219|0x000000008db00000, 0x000000008db00000, 0x000000008dc00000|  0%| F|  |TAMS 0x000000008db00000, 0x000000008db00000| Untracked 
| 220|0x000000008dc00000, 0x000000008dc00000, 0x000000008dd00000|  0%| F|  |TAMS 0x000000008dc00000, 0x000000008dc00000| Untracked 
| 221|0x000000008dd00000, 0x000000008dd00000, 0x000000008de00000|  0%| F|  |TAMS 0x000000008dd00000, 0x000000008dd00000| Untracked 
| 222|0x000000008de00000, 0x000000008de00000, 0x000000008df00000|  0%| F|  |TAMS 0x000000008de00000, 0x000000008de00000| Untracked 
| 223|0x000000008df00000, 0x000000008df00000, 0x000000008e000000|  0%| F|  |TAMS 0x000000008df00000, 0x000000008df00000| Untracked 
| 224|0x000000008e000000, 0x000000008e0c54d0, 0x000000008e100000| 77%| E|  |TAMS 0x000000008e000000, 0x000000008e000000| Complete 
| 225|0x000000008e100000, 0x000000008e200000, 0x000000008e200000|100%| E|CS|TAMS 0x000000008e100000, 0x000000008e100000| Complete 
| 226|0x000000008e200000, 0x000000008e300000, 0x000000008e300000|100%| E|CS|TAMS 0x000000008e200000, 0x000000008e200000| Complete 
| 227|0x000000008e300000, 0x000000008e400000, 0x000000008e400000|100%| E|CS|TAMS 0x000000008e300000, 0x000000008e300000| Complete 
| 228|0x000000008e400000, 0x000000008e500000, 0x000000008e500000|100%| E|CS|TAMS 0x000000008e400000, 0x000000008e400000| Complete 
| 229|0x000000008e500000, 0x000000008e600000, 0x000000008e600000|100%| E|CS|TAMS 0x000000008e500000, 0x000000008e500000| Complete 
| 230|0x000000008e600000, 0x000000008e700000, 0x000000008e700000|100%| E|CS|TAMS 0x000000008e600000, 0x000000008e600000| Complete 
| 231|0x000000008e700000, 0x000000008e800000, 0x000000008e800000|100%| E|CS|TAMS 0x000000008e700000, 0x000000008e700000| Complete 
| 232|0x000000008e800000, 0x000000008e900000, 0x000000008e900000|100%| E|CS|TAMS 0x000000008e800000, 0x000000008e800000| Complete 

Card table byte_map: [0x0000026622220000,0x0000026622620000] _byte_map_base: 0x0000026621e20000

Marking Bits (Prev, Next): (CMBitMap*) 0x000002660f34ee08, (CMBitMap*) 0x000002660f34ee40
 Prev Bits: [0x0000026622a20000, 0x0000026624a20000)
 Next Bits: [0x0000026624a20000, 0x0000026626a20000)

Polling page: 0x000002660d4c0000

Metaspace:

Usage:
  Non-class:     88.10 MB capacity,    86.32 MB ( 98%) used,     1.52 MB (  2%) free+waste,   267.75 KB ( <1%) overhead. 
      Class:     13.78 MB capacity,    12.77 MB ( 93%) used,   908.26 KB (  6%) free+waste,   124.75 KB ( <1%) overhead. 
       Both:    101.88 MB capacity,    99.09 MB ( 97%) used,     2.41 MB (  2%) free+waste,   392.50 KB ( <1%) overhead. 

Virtual space:
  Non-class space:       90.00 MB reserved,      88.25 MB ( 98%) committed 
      Class space:        1.00 GB reserved,      13.88 MB (  1%) committed 
             Both:        1.09 GB reserved,     102.13 MB (  9%) committed 

Chunk freelists:
   Non-Class:  27.00 KB
       Class:  2.00 KB
        Both:  29.00 KB

MaxMetaspaceSize: 17179869184.00 GB
CompressedClassSpaceSize: 1.00 GB
Initial GC threshold: 20.80 MB
Current GC threshold: 152.29 MB
CDS: off

CodeHeap 'non-profiled nmethods': size=120064Kb used=7240Kb max_used=7240Kb free=112823Kb
 bounds [0x000002661a8e0000, 0x000002661b000000, 0x0000026621e20000]
CodeHeap 'profiled nmethods': size=120000Kb used=23362Kb max_used=23362Kb free=96637Kb
 bounds [0x00000266133b0000, 0x0000026614a90000, 0x000002661a8e0000]
CodeHeap 'non-nmethods': size=5696Kb used=2409Kb max_used=2438Kb free=3287Kb
 bounds [0x0000026612e20000, 0x0000026613090000, 0x00000266133b0000]
 total_blobs=11293 nmethods=10366 adapters=839
 compilation: enabled
              stopped_count=0, restarted_count=0
 full_count=0

Compilation events (20 events):
Event: 26.852 Thread 0x00000266298cc800 nmethod 10383 0x0000026614a7c010 code [0x0000026614a7c1e0, 0x0000026614a7c4b8]
Event: 26.852 Thread 0x00000266298cc800 10384       3       org.gradle.api.internal.DefaultNamedDomainObjectCollection$AbstractDomainObjectCreatingProvider::calculateOwnValue (71 bytes)
Event: 26.853 Thread 0x00000266298cc800 nmethod 10384 0x0000026614a7c590 code [0x0000026614a7c8a0, 0x0000026614a7df48]
Event: 26.853 Thread 0x0000026628f24000 nmethod 10379 0x000002661aff1610 code [0x000002661aff17e0, 0x000002661aff19a8]
Event: 26.854 Thread 0x00000266298cc800 10385       3       org.gradle.util.internal.GUtil::getOrDefault (18 bytes)
Event: 26.854 Thread 0x00000266298cc800 nmethod 10385 0x0000026614a7e510 code [0x0000026614a7e6e0, 0x0000026614a7e918]
Event: 26.854 Thread 0x00000266298cc800 10386       3       org.gradle.api.internal.collections.FilteredCollection$FilteringIterator::next (30 bytes)
Event: 26.854 Thread 0x00000266298cc800 nmethod 10386 0x0000026614a7ea10 code [0x0000026614a7ebe0, 0x0000026614a7ee98]
Event: 26.856 Thread 0x00000266298cc800 10387       1       org.gradle.api.internal.attributes.EmptySchema$DoNothingCompatibilityRule::doesSomething (2 bytes)
Event: 26.856 Thread 0x000002662d7b3800 10388       4       com.google.common.collect.Iterators$9::next (25 bytes)
Event: 26.856 Thread 0x00000266298cc800 nmethod 10387 0x000002661aff1b90 code [0x000002661aff1d40, 0x000002661aff1df8]
Event: 26.856 Thread 0x000002662d7b3800 nmethod 10388 0x000002661aff1e90 code [0x000002661aff2020, 0x000002661aff20b8]
Event: 26.857 Thread 0x00000266298cc800 10389       3       com.google.common.collect.ImmutableMap::entryOf (15 bytes)
Event: 26.857 Thread 0x00000266298cc800 nmethod 10389 0x0000026614a7ef90 code [0x0000026614a7f160, 0x0000026614a7f448]
Event: 26.857 Thread 0x00000266298cc800 10390       3       com.google.common.collect.ImmutableMap$Builder::put (35 bytes)
Event: 26.857 Thread 0x00000266298cc800 nmethod 10390 0x0000026614a7f590 code [0x0000026614a7f7a0, 0x0000026614a7fd18]
Event: 26.858 Thread 0x00000266298cc800 10391       3       org.gradle.internal.snapshot.RelativePathTracker::enter (26 bytes)
Event: 26.858 Thread 0x00000266298cc800 nmethod 10391 0x0000026614a7ff10 code [0x0000026614a800e0, 0x0000026614a80368]
Event: 26.858 Thread 0x00000266298cc800 10392       3       org.gradle.internal.snapshot.RelativePathTracker::leave (29 bytes)
Event: 26.858 Thread 0x00000266298cc800 nmethod 10392 0x0000026614a80410 code [0x0000026614a805e0, 0x0000026614a808e8]

GC Heap History (20 events):
Event: 16.360 GC heap before
{Heap before GC invocations=39 (full 0):
 garbage-first heap   total 157696K, used 128941K [0x0000000080000000, 0x0000000100000000)
  region size 1024K, 30 young (30720K), 2 survivors (2048K)
 Metaspace       used 78788K, capacity 80719K, committed 80896K, reserved 1120256K
  class space    used 10193K, capacity 10884K, committed 11008K, reserved 1048576K
}
Event: 16.367 GC heap after
{Heap after GC invocations=40 (full 0):
 garbage-first heap   total 198656K, used 102013K [0x0000000080000000, 0x0000000100000000)
  region size 1024K, 4 young (4096K), 4 survivors (4096K)
 Metaspace       used 78788K, capacity 80719K, committed 80896K, reserved 1120256K
  class space    used 10193K, capacity 10884K, committed 11008K, reserved 1048576K
}
Event: 17.189 GC heap before
{Heap before GC invocations=40 (full 0):
 garbage-first heap   total 198656K, used 145021K [0x0000000080000000, 0x0000000100000000)
  region size 1024K, 46 young (47104K), 4 survivors (4096K)
 Metaspace       used 79661K, capacity 81761K, committed 82048K, reserved 1120256K
  class space    used 10328K, capacity 11080K, committed 11136K, reserved 1048576K
}
Event: 17.197 GC heap after
{Heap after GC invocations=41 (full 0):
 garbage-first heap   total 198656K, used 105085K [0x0000000080000000, 0x0000000100000000)
  region size 1024K, 5 young (5120K), 5 survivors (5120K)
 Metaspace       used 79661K, capacity 81761K, committed 82048K, reserved 1120256K
  class space    used 10328K, capacity 11080K, committed 11136K, reserved 1048576K
}
Event: 19.849 GC heap before
{Heap before GC invocations=42 (full 0):
 garbage-first heap   total 198656K, used 150141K [0x0000000080000000, 0x0000000100000000)
  region size 1024K, 49 young (50176K), 5 survivors (5120K)
 Metaspace       used 81269K, capacity 83593K, committed 83712K, reserved 1122304K
  class space    used 10598K, capacity 11457K, committed 11520K, reserved 1048576K
}
Event: 19.859 GC heap after
{Heap after GC invocations=43 (full 0):
 garbage-first heap   total 198656K, used 109991K [0x0000000080000000, 0x0000000100000000)
  region size 1024K, 7 young (7168K), 7 survivors (7168K)
 Metaspace       used 81269K, capacity 83593K, committed 83712K, reserved 1122304K
  class space    used 10598K, capacity 11457K, committed 11520K, reserved 1048576K
}
Event: 19.887 GC heap before
{Heap before GC invocations=43 (full 0):
 garbage-first heap   total 198656K, used 112039K [0x0000000080000000, 0x0000000100000000)
  region size 1024K, 9 young (9216K), 7 survivors (7168K)
 Metaspace       used 81322K, capacity 83644K, committed 83712K, reserved 1122304K
  class space    used 10603K, capacity 11492K, committed 11520K, reserved 1048576K
}
Event: 19.896 GC heap after
{Heap after GC invocations=44 (full 0):
 garbage-first heap   total 198656K, used 110432K [0x0000000080000000, 0x0000000100000000)
  region size 1024K, 2 young (2048K), 2 survivors (2048K)
 Metaspace       used 81322K, capacity 83644K, committed 83712K, reserved 1122304K
  class space    used 10603K, capacity 11492K, committed 11520K, reserved 1048576K
}
Event: 20.541 GC heap before
{Heap before GC invocations=44 (full 0):
 garbage-first heap   total 198656K, used 130912K [0x0000000080000000, 0x0000000100000000)
  region size 1024K, 24 young (24576K), 2 survivors (2048K)
 Metaspace       used 83887K, capacity 86225K, committed 86528K, reserved 1124352K
  class space    used 10837K, capacity 11667K, committed 11776K, reserved 1048576K
}
Event: 20.550 GC heap after
{Heap after GC invocations=45 (full 0):
 garbage-first heap   total 238592K, used 113103K [0x0000000080000000, 0x0000000100000000)
  region size 1024K, 4 young (4096K), 4 survivors (4096K)
 Metaspace       used 83887K, capacity 86225K, committed 86528K, reserved 1124352K
  class space    used 10837K, capacity 11667K, committed 11776K, reserved 1048576K
}
Event: 21.727 GC heap before
{Heap before GC invocations=46 (full 0):
 garbage-first heap   total 238592K, used 182735K [0x0000000080000000, 0x0000000100000000)
  region size 1024K, 63 young (64512K), 4 survivors (4096K)
 Metaspace       used 87516K, capacity 90147K, committed 90368K, reserved 1128448K
  class space    used 11334K, capacity 12254K, committed 12288K, reserved 1048576K
}
Event: 21.735 GC heap after
{Heap after GC invocations=47 (full 0):
 garbage-first heap   total 238592K, used 131367K [0x0000000080000000, 0x0000000100000000)
  region size 1024K, 8 young (8192K), 8 survivors (8192K)
 Metaspace       used 87516K, capacity 90147K, committed 90368K, reserved 1128448K
  class space    used 11334K, capacity 12254K, committed 12288K, reserved 1048576K
}
Event: 22.185 GC heap before
{Heap before GC invocations=47 (full 0):
 garbage-first heap   total 238592K, used 153895K [0x0000000080000000, 0x0000000100000000)
  region size 1024K, 32 young (32768K), 8 survivors (8192K)
 Metaspace       used 89860K, capacity 92505K, committed 92800K, reserved 1130496K
  class space    used 11626K, capacity 12547K, committed 12672K, reserved 1048576K
}
Event: 22.196 GC heap after
{Heap after GC invocations=48 (full 0):
 garbage-first heap   total 238592K, used 133796K [0x0000000080000000, 0x0000000100000000)
  region size 1024K, 2 young (2048K), 2 survivors (2048K)
 Metaspace       used 89860K, capacity 92505K, committed 92800K, reserved 1130496K
  class space    used 11626K, capacity 12547K, committed 12672K, reserved 1048576K
}
Event: 24.263 GC heap before
{Heap before GC invocations=49 (full 0):
 garbage-first heap   total 238592K, used 178852K [0x0000000080000000, 0x0000000100000000)
  region size 1024K, 45 young (46080K), 2 survivors (2048K)
 Metaspace       used 96172K, capacity 98804K, committed 98944K, reserved 1134592K
  class space    used 12403K, capacity 13352K, committed 13440K, reserved 1048576K
}
Event: 24.275 GC heap after
{Heap after GC invocations=50 (full 0):
 garbage-first heap   total 238592K, used 134858K [0x0000000080000000, 0x0000000100000000)
  region size 1024K, 3 young (3072K), 3 survivors (3072K)
 Metaspace       used 96172K, capacity 98804K, committed 98944K, reserved 1134592K
  class space    used 12403K, capacity 13352K, committed 13440K, reserved 1048576K
}
Event: 25.073 GC heap before
{Heap before GC invocations=50 (full 0):
 garbage-first heap   total 238592K, used 143050K [0x0000000080000000, 0x0000000100000000)
  region size 1024K, 11 young (11264K), 3 survivors (3072K)
 Metaspace       used 96826K, capacity 99436K, committed 99584K, reserved 1134592K
  class space    used 12501K, capacity 13454K, committed 13568K, reserved 1048576K
}
Event: 25.077 GC heap after
{Heap after GC invocations=51 (full 0):
 garbage-first heap   total 238592K, used 133733K [0x0000000080000000, 0x0000000100000000)
  region size 1024K, 1 young (1024K), 1 survivors (1024K)
 Metaspace       used 96826K, capacity 99436K, committed 99584K, reserved 1134592K
  class space    used 12501K, capacity 13454K, committed 13568K, reserved 1048576K
}
Event: 26.726 GC heap before
{Heap before GC invocations=51 (full 0):
 garbage-first heap   total 238592K, used 180837K [0x0000000080000000, 0x0000000100000000)
  region size 1024K, 47 young (48128K), 1 survivors (1024K)
 Metaspace       used 100993K, capacity 103886K, committed 103936K, reserved 1138688K
  class space    used 13023K, capacity 14074K, committed 14080K, reserved 1048576K
}
Event: 26.731 GC heap after
{Heap after GC invocations=52 (full 0):
 garbage-first heap   total 238592K, used 137121K [0x0000000080000000, 0x0000000100000000)
  region size 1024K, 4 young (4096K), 4 survivors (4096K)
 Metaspace       used 100993K, capacity 103886K, committed 103936K, reserved 1138688K
  class space    used 13023K, capacity 14074K, committed 14080K, reserved 1048576K
}

Deoptimization events (20 events):
Event: 26.834 Thread 0x000002662cbed800 Uncommon trap: trap_request=0xffffffd6 fr.pc=0x000002661afed424 relative=0x0000000000000344
Event: 26.834 Thread 0x000002662cbed800 Uncommon trap: reason=array_check action=maybe_recompile pc=0x000002661afed424 method=java.util.AbstractCollection.toArray([Ljava/lang/Object;)[Ljava/lang/Object; @ 116 c2
Event: 26.834 Thread 0x000002662cbed800 DEOPT PACKING pc=0x000002661afed424 sp=0x000000cd4d7f7760
Event: 26.834 Thread 0x000002662cbed800 DEOPT UNPACKING pc=0x0000026612e6a1af sp=0x000000cd4d7f7700 mode 2
Event: 26.834 Thread 0x000002662cbed800 Uncommon trap: trap_request=0xffffffd6 fr.pc=0x000002661afed424 relative=0x0000000000000344
Event: 26.834 Thread 0x000002662cbed800 Uncommon trap: reason=array_check action=maybe_recompile pc=0x000002661afed424 method=java.util.AbstractCollection.toArray([Ljava/lang/Object;)[Ljava/lang/Object; @ 116 c2
Event: 26.834 Thread 0x000002662cbed800 DEOPT PACKING pc=0x000002661afed424 sp=0x000000cd4d7f7760
Event: 26.834 Thread 0x000002662cbed800 DEOPT UNPACKING pc=0x0000026612e6a1af sp=0x000000cd4d7f7700 mode 2
Event: 26.834 Thread 0x000002662cbed800 Uncommon trap: trap_request=0xffffffd6 fr.pc=0x000002661afed424 relative=0x0000000000000344
Event: 26.834 Thread 0x000002662cbed800 Uncommon trap: reason=array_check action=maybe_recompile pc=0x000002661afed424 method=java.util.AbstractCollection.toArray([Ljava/lang/Object;)[Ljava/lang/Object; @ 116 c2
Event: 26.834 Thread 0x000002662cbed800 DEOPT PACKING pc=0x000002661afed424 sp=0x000000cd4d7f7760
Event: 26.834 Thread 0x000002662cbed800 DEOPT UNPACKING pc=0x0000026612e6a1af sp=0x000000cd4d7f7700 mode 2
Event: 26.855 Thread 0x000002662cbed800 Uncommon trap: trap_request=0xffffffc6 fr.pc=0x000002661afa9208 relative=0x00000000000006e8
Event: 26.855 Thread 0x000002662cbed800 Uncommon trap: reason=bimorphic_or_optimized_type_check action=maybe_recompile pc=0x000002661afa9208 method=com.google.common.collect.ImmutableCollection$Builder.addAll(Ljava/lang/Iterable;)Lcom/google/common/collect/ImmutableCollection$Builder; @ 1 c2
Event: 26.855 Thread 0x000002662cbed800 DEOPT PACKING pc=0x000002661afa9208 sp=0x000000cd4d7f9ee0
Event: 26.855 Thread 0x000002662cbed800 DEOPT UNPACKING pc=0x0000026612e6a1af sp=0x000000cd4d7f9eb0 mode 2
Event: 26.855 Thread 0x000002662cbed800 Uncommon trap: trap_request=0xffffffc6 fr.pc=0x000002661afa9208 relative=0x00000000000006e8
Event: 26.855 Thread 0x000002662cbed800 Uncommon trap: reason=bimorphic_or_optimized_type_check action=maybe_recompile pc=0x000002661afa9208 method=com.google.common.collect.ImmutableCollection$Builder.addAll(Ljava/lang/Iterable;)Lcom/google/common/collect/ImmutableCollection$Builder; @ 1 c2
Event: 26.855 Thread 0x000002662cbed800 DEOPT PACKING pc=0x000002661afa9208 sp=0x000000cd4d7f9d50
Event: 26.855 Thread 0x000002662cbed800 DEOPT UNPACKING pc=0x0000026612e6a1af sp=0x000000cd4d7f9d20 mode 2

Classes redefined (0 events):
No events

Internal exceptions (20 events):
Event: 23.576 Thread 0x000002662cbed800 Exception <a 'sun/nio/fs/WindowsException'{0x000000008c7df318}> (0x000000008c7df318) thrown at [./src/hotspot/share/prims/jni.cpp, line 615]
Event: 23.576 Thread 0x000002662cbed800 Exception <a 'sun/nio/fs/WindowsException'{0x000000008c7e0398}> (0x000000008c7e0398) thrown at [./src/hotspot/share/prims/jni.cpp, line 615]
Event: 23.577 Thread 0x000002662cbed800 Exception <a 'sun/nio/fs/WindowsException'{0x000000008c7e1468}> (0x000000008c7e1468) thrown at [./src/hotspot/share/prims/jni.cpp, line 615]
Event: 23.577 Thread 0x000002662cbed800 Exception <a 'sun/nio/fs/WindowsException'{0x000000008c7e2538}> (0x000000008c7e2538) thrown at [./src/hotspot/share/prims/jni.cpp, line 615]
Event: 24.280 Thread 0x0000026628f03000 Implicit null exception at 0x000002661ae6e18d to 0x000002661ae6e864
Event: 25.065 Thread 0x000002662cbed800 Exception <a 'java/lang/ClassNotFoundException'{0x000000008e162338}: com/google/gms/googleservices/GoogleServicesTask_DecoratedBeanInfo> (0x000000008e162338) thrown at [./src/hotspot/share/classfile/systemDictionary.cpp, line 231]
Event: 25.070 Thread 0x000002662cbed800 Exception <a 'java/lang/ClassNotFoundException'{0x000000008e17efc8}: com/google/gms/googleservices/GoogleServicesTaskBeanInfo> (0x000000008e17efc8) thrown at [./src/hotspot/share/classfile/systemDictionary.cpp, line 231]
Event: 25.071 Thread 0x000002662cbed800 Exception <a 'java/lang/ClassNotFoundException'{0x000000008e19c348}: com/google/gms/googleservices/GoogleServicesTaskCustomizer> (0x000000008e19c348) thrown at [./src/hotspot/share/classfile/systemDictionary.cpp, line 231]
Event: 25.072 Thread 0x000002662cbed800 Exception <a 'java/lang/ClassNotFoundException'{0x000000008e1d0c18}: com/google/gms/googleservices/GoogleServicesTask_DecoratedCustomizer> (0x000000008e1d0c18) thrown at [./src/hotspot/share/classfile/systemDictionary.cpp, line 231]
Event: 25.091 Thread 0x000002662cbed800 Exception <a 'java/lang/ClassNotFoundException'{0x000000008e7627f0}: com/android/build/gradle/internal/api/ImmutableFlavorListBeanInfo> (0x000000008e7627f0) thrown at [./src/hotspot/share/classfile/systemDictionary.cpp, line 231]
Event: 25.120 Thread 0x000002662cbed800 Exception <a 'java/lang/ClassNotFoundException'{0x000000008e781e38}: com/android/build/gradle/internal/api/ImmutableFlavorListCustomizer> (0x000000008e781e38) thrown at [./src/hotspot/share/classfile/systemDictionary.cpp, line 231]
Event: 25.158 Thread 0x000002662cbed800 Exception <a 'java/lang/NoSuchMethodError'{0x000000008e612770}: 'int java.lang.invoke.DirectMethodHandle$Holder.invokeSpecialIFC(java.lang.Object, java.lang.Object, java.lang.Object)'> (0x000000008e612770) thrown at [./src/hotspot/share/interpreter/linkResolver.cpp, line 773]
Event: 25.267 Thread 0x000002662cbed800 Exception <a 'java/lang/NoSuchMethodError'{0x000000008e429550}: 'java.lang.Object java.lang.invoke.Invokers$Holder.linkToTargetMethod(java.lang.Object, java.lang.Object, java.lang.Object, int, java.lang.Object, java.lang.Object)'> (0x000000008e429550) thrown at [./src/hotspot/share/interpreter/linkResolver.cpp, line 773]
Event: 25.972 Thread 0x000002662cbed800 Exception <a 'java/lang/NoSuchMethodError'{0x000000008d5dffa0}: 'void java.lang.invoke.DirectMethodHandle$Holder.invokeStatic(java.lang.Object, java.lang.Object, java.lang.Object, java.lang.Object, int, java.lang.Object, java.lang.Object)'> (0x000000008d5dffa0) thrown at [./src/hotspot/share/interpreter/linkResolver.cpp, line 773]
Event: 26.014 Thread 0x000002662cbed800 Exception <a 'java/lang/IncompatibleClassChangeError'{0x000000008d39f530}: Found class java.lang.Object, but interface was expected> (0x000000008d39f530) thrown at [./src/hotspot/share/interpreter/linkResolver.cpp, line 839]
Event: 26.032 Thread 0x000002662cbed800 Implicit null exception at 0x000002661afbb2fe to 0x000002661afbba04
Event: 26.452 Thread 0x000002662cbed800 Exception <a 'java/lang/IncompatibleClassChangeError'{0x000000008d048650}: Found class java.lang.Object, but interface was expected> (0x000000008d048650) thrown at [./src/hotspot/share/interpreter/linkResolver.cpp, line 839]
Event: 26.470 Thread 0x000002662cbed800 Exception <a 'java/lang/NoSuchMethodError'{0x000000008ce324b8}: 'int java.lang.invoke.DirectMethodHandle$Holder.invokeStaticInit(java.lang.Object, java.lang.Object, java.lang.Object, java.lang.Object, java.lang.Object)'> (0x000000008ce324b8) thrown at [./src/hotspot/share/interpreter/linkResolver.cpp, line 773]
Event: 26.752 Thread 0x000002662cbed800 Implicit null exception at 0x000002661afe2fb4 to 0x000002661afe3674
Event: 26.823 Thread 0x000002662cbed800 Exception <a 'java/lang/NoSuchMethodError'{0x000000008e103510}: 'java.lang.Object java.lang.invoke.Invokers$Holder.linkToTargetMethod(java.lang.Object, int, int, java.lang.Object)'> (0x000000008e103510) thrown at [./src/hotspot/share/interpreter/linkResolver.cpp, line 773]

Events (20 events):
Event: 26.809 loading class com/android/ide/common/resources/MergeWriter
Event: 26.809 loading class com/android/ide/common/resources/MergeWriter done
Event: 26.813 loading class com/android/build/gradle/tasks/MergeResources$CreationAction
Event: 26.813 loading class com/android/build/gradle/tasks/MergeResources$CreationAction done
Event: 26.816 loading class com/android/build/gradle/internal/api/DefaultAndroidSourceDirectorySet$getBuildableArtifact$1
Event: 26.816 loading class com/android/build/gradle/internal/api/DefaultAndroidSourceDirectorySet$getBuildableArtifact$1 done
Event: 26.817 loading class com/android/build/gradle/internal/DependencyResourcesComputer$ResourceSourceSetInput
Event: 26.817 loading class com/android/build/gradle/internal/DependencyResourcesComputer$ResourceSourceSetInput done
Event: 26.818 loading class com/android/build/gradle/internal/DependencyResourcesComputer$initFromVariantScope$2
Event: 26.818 loading class com/android/build/gradle/internal/DependencyResourcesComputer$initFromVariantScope$2 done
Event: 26.821 loading class org/gradle/api/internal/provider/MapCollectors$SingleEntry
Event: 26.821 loading class org/gradle/api/internal/provider/MapCollectors$SingleEntry done
Event: 26.822 loading class org/gradle/api/internal/provider/DefaultMapProperty$PlusCollector
Event: 26.822 loading class org/gradle/api/internal/provider/DefaultMapProperty$PlusCollector done
Event: 26.822 loading class com/android/build/gradle/tasks/MergeResources
Event: 26.822 loading class com/android/build/gradle/tasks/MergeResources done
Event: 26.822 loading class com/android/build/gradle/tasks/MergeResources
Event: 26.822 loading class com/android/build/gradle/tasks/MergeResources done
Event: 26.823 Executing VM operation: RevokeBias
Event: 26.823 Executing VM operation: RevokeBias done


Dynamic libraries:
0x00007ff71f2e0000 - 0x00007ff71f2ea000 	C:\Program Files\Android\Android Studio\jre\bin\java.exe
0x00007ffee87d0000 - 0x00007ffee89c8000 	C:\WINDOWS\SYSTEM32\ntdll.dll
0x00007ffee73c0000 - 0x00007ffee747d000 	C:\WINDOWS\System32\KERNEL32.DLL
0x00007ffee61b0000 - 0x00007ffee6482000 	C:\WINDOWS\System32\KERNELBASE.dll
0x00007ffee60b0000 - 0x00007ffee61b0000 	C:\WINDOWS\System32\ucrtbase.dll
0x00007ffee19e0000 - 0x00007ffee19f9000 	C:\Program Files\Android\Android Studio\jre\bin\jli.dll
0x00007ffee70c0000 - 0x00007ffee725d000 	C:\WINDOWS\System32\USER32.dll
0x00007ffee6610000 - 0x00007ffee6632000 	C:\WINDOWS\System32\win32u.dll
0x00007ffee7090000 - 0x00007ffee70bb000 	C:\WINDOWS\System32\GDI32.dll
0x00007ffee6640000 - 0x00007ffee674f000 	C:\WINDOWS\System32\gdi32full.dll
0x00007ffee6520000 - 0x00007ffee65bd000 	C:\WINDOWS\System32\msvcp_win.dll
0x00007ffee1a00000 - 0x00007ffee1a17000 	C:\Program Files\Android\Android Studio\jre\bin\VCRUNTIME140.dll
0x00007ffed4570000 - 0x00007ffed480a000 	C:\WINDOWS\WinSxS\amd64_microsoft.windows.common-controls_6595b64144ccf1df_6.0.19041.1110_none_60b5254171f9507e\COMCTL32.dll
0x00007ffee6d50000 - 0x00007ffee6dee000 	C:\WINDOWS\System32\msvcrt.dll
0x00007ffee7260000 - 0x00007ffee7290000 	C:\WINDOWS\System32\IMM32.DLL
0x00007ffee1900000 - 0x00007ffee199d000 	C:\Program Files\Android\Android Studio\jre\bin\msvcp140.dll
0x00007ffea0f70000 - 0x00007ffea1a55000 	C:\Program Files\Android\Android Studio\jre\bin\server\jvm.dll
0x00007ffee6fe0000 - 0x00007ffee708e000 	C:\WINDOWS\System32\ADVAPI32.dll
0x00007ffee6ca0000 - 0x00007ffee6d3c000 	C:\WINDOWS\System32\sechost.dll
0x00007ffee7a30000 - 0x00007ffee7b55000 	C:\WINDOWS\System32\RPCRT4.dll
0x00007ffee7340000 - 0x00007ffee7348000 	C:\WINDOWS\System32\PSAPI.DLL
0x00007ffea0f60000 - 0x00007ffea0f69000 	C:\WINDOWS\SYSTEM32\WSOCK32.dll
0x00007ffee84c0000 - 0x00007ffee852b000 	C:\WINDOWS\System32\WS2_32.dll
0x00007ffed4540000 - 0x00007ffed4567000 	C:\WINDOWS\SYSTEM32\WINMM.dll
0x00007ffedfff0000 - 0x00007ffedfffa000 	C:\WINDOWS\SYSTEM32\VERSION.dll
0x00007ffee3dc0000 - 0x00007ffee3dd2000 	C:\WINDOWS\SYSTEM32\kernel.appcore.dll
0x00007ffea0f20000 - 0x00007ffea0f31000 	C:\Program Files\Android\Android Studio\jre\bin\verify.dll
0x00007ffed3c20000 - 0x00007ffed3e04000 	C:\WINDOWS\SYSTEM32\DBGHELP.DLL
0x00007ffed3bf0000 - 0x00007ffed3c1c000 	C:\WINDOWS\SYSTEM32\dbgcore.DLL
0x00007ffee6490000 - 0x00007ffee6512000 	C:\WINDOWS\System32\bcryptPrimitives.dll
0x00007ffea0ef0000 - 0x00007ffea0f19000 	C:\Program Files\Android\Android Studio\jre\bin\java.dll
0x00007ffea0ee0000 - 0x00007ffea0eeb000 	C:\Program Files\Android\Android Studio\jre\bin\jimage.dll
0x00007ffea0ec0000 - 0x00007ffea0ed8000 	C:\Program Files\Android\Android Studio\jre\bin\zip.dll
0x00007ffee7b60000 - 0x00007ffee82a3000 	C:\WINDOWS\System32\SHELL32.dll
0x00007ffee3fc0000 - 0x00007ffee4751000 	C:\WINDOWS\SYSTEM32\windows.storage.dll
0x00007ffee7480000 - 0x00007ffee77d4000 	C:\WINDOWS\System32\combase.dll
0x00007ffee5860000 - 0x00007ffee5890000 	C:\WINDOWS\SYSTEM32\Wldp.dll
0x00007ffee7290000 - 0x00007ffee733d000 	C:\WINDOWS\System32\SHCORE.dll
0x00007ffee78b0000 - 0x00007ffee7905000 	C:\WINDOWS\System32\shlwapi.dll
0x00007ffee5e20000 - 0x00007ffee5e3f000 	C:\WINDOWS\SYSTEM32\profapi.dll
0x00007ffea0d60000 - 0x00007ffea0d7a000 	C:\Program Files\Android\Android Studio\jre\bin\net.dll
0x00007ffee04b0000 - 0x00007ffee05bd000 	C:\WINDOWS\SYSTEM32\WINHTTP.dll
0x00007ffee55c0000 - 0x00007ffee562a000 	C:\WINDOWS\system32\mswsock.dll
0x00007ffea0d40000 - 0x00007ffea0d54000 	C:\Program Files\Android\Android Studio\jre\bin\nio.dll
0x00007ffee1a20000 - 0x00007ffee1a47000 	C:\Users\nsxyl\.gradle\native\e1d6ef7f7dcc3fd88c89a11ec53ec762bb8ba0a96d01ffa2cd45eb1d1d8dd5c5\windows-amd64\native-platform.dll
0x00007ffec8840000 - 0x00007ffec8984000 	C:\Users\nsxyl\.gradle\native\5664cfc778a61ccfe75a443a1ab52a65af34e5dc3c78e0209fed803814484fcb\windows-amd64\native-platform-file-events.dll
0x00007ffea0d30000 - 0x00007ffea0d3a000 	C:\Program Files\Android\Android Studio\jre\bin\management.dll
0x00007ffea0d20000 - 0x00007ffea0d2d000 	C:\Program Files\Android\Android Studio\jre\bin\management_ext.dll
0x00007ffee57b0000 - 0x00007ffee57c8000 	C:\WINDOWS\SYSTEM32\CRYPTSP.dll
0x00007ffee4ee0000 - 0x00007ffee4f14000 	C:\WINDOWS\system32\rsaenh.dll
0x00007ffee6750000 - 0x00007ffee6777000 	C:\WINDOWS\System32\bcrypt.dll
0x00007ffee5de0000 - 0x00007ffee5e0e000 	C:\WINDOWS\SYSTEM32\USERENV.dll
0x00007ffee57d0000 - 0x00007ffee57dc000 	C:\WINDOWS\SYSTEM32\CRYPTBASE.dll
0x00007ffee52b0000 - 0x00007ffee52eb000 	C:\WINDOWS\SYSTEM32\IPHLPAPI.DLL
0x00007ffee73b0000 - 0x00007ffee73b8000 	C:\WINDOWS\System32\NSI.dll
0x00007ffedeae0000 - 0x00007ffedeaf7000 	C:\WINDOWS\SYSTEM32\dhcpcsvc6.DLL
0x00007ffedf550000 - 0x00007ffedf56d000 	C:\WINDOWS\SYSTEM32\dhcpcsvc.DLL
0x00007ffee52f0000 - 0x00007ffee53ba000 	C:\WINDOWS\SYSTEM32\DNSAPI.dll

dbghelp: loaded successfully - version: 4.0.5 - missing functions: none
symbol engine: initialized successfully - sym options: 0x614 - pdb path: .;C:\Program Files\Android\Android Studio\jre\bin;C:\WINDOWS\SYSTEM32;C:\WINDOWS\WinSxS\amd64_microsoft.windows.common-controls_6595b64144ccf1df_6.0.19041.1110_none_60b5254171f9507e;C:\Program Files\Android\Android Studio\jre\bin\server;C:\Users\nsxyl\.gradle\native\e1d6ef7f7dcc3fd88c89a11ec53ec762bb8ba0a96d01ffa2cd45eb1d1d8dd5c5\windows-amd64;C:\Users\nsxyl\.gradle\native\5664cfc778a61ccfe75a443a1ab52a65af34e5dc3c78e0209fed803814484fcb\windows-amd64

VM Arguments:
jvm_args: --add-opens=java.base/java.util=ALL-UNNAMED --add-opens=java.base/java.lang=ALL-UNNAMED --add-opens=java.base/java.lang.invoke=ALL-UNNAMED --add-opens=java.base/java.util=ALL-UNNAMED --add-opens=java.prefs/java.util.prefs=ALL-UNNAMED --add-opens=java.prefs/java.util.prefs=ALL-UNNAMED --add-opens=java.base/java.nio.charset=ALL-UNNAMED --add-opens=java.base/java.net=ALL-UNNAMED --add-opens=java.base/java.util.concurrent.atomic=ALL-UNNAMED -Xmx2048m -Dfile.encoding=UTF-8 -Duser.country=IN -Duser.language=en -Duser.variant 
java_command: org.gradle.launcher.daemon.bootstrap.GradleDaemon 7.3.3
java_class_path (initial): C:\Users\nsxyl\.gradle\wrapper\dists\gradle-7.3.3-bin\6a41zxkdtcxs8rphpq6y0069z\gradle-7.3.3\lib\gradle-launcher-7.3.3.jar
Launcher Type: SUN_STANDARD

[Global flags]
     intx CICompilerCount                          = 3                                         {product} {ergonomic}
     uint ConcGCThreads                            = 1                                         {product} {ergonomic}
     uint G1ConcRefinementThreads                  = 4                                         {product} {ergonomic}
   size_t G1HeapRegionSize                         = 1048576                                   {product} {ergonomic}
    uintx GCDrainStackTargetSize                   = 64                                        {product} {ergonomic}
   size_t InitialHeapSize                          = 134217728                                 {product} {ergonomic}
   size_t MarkStackSize                            = 4194304                                   {product} {ergonomic}
   size_t MaxHeapSize                              = 2147483648                                {product} {command line}
   size_t MaxNewSize                               = 1287651328                                {product} {ergonomic}
   size_t MinHeapDeltaBytes                        = 1048576                                   {product} {ergonomic}
    uintx NonNMethodCodeHeapSize                   = 5830732                                {pd product} {ergonomic}
    uintx NonProfiledCodeHeapSize                  = 122913754                              {pd product} {ergonomic}
    uintx ProfiledCodeHeapSize                     = 122913754                              {pd product} {ergonomic}
    uintx ReservedCodeCacheSize                    = 251658240                              {pd product} {ergonomic}
     bool SegmentedCodeCache                       = true                                      {product} {ergonomic}
     bool UseCompressedClassPointers               = true                                 {lp64_product} {ergonomic}
     bool UseCompressedOops                        = true                                 {lp64_product} {ergonomic}
     bool UseG1GC                                  = true                                      {product} {ergonomic}
     bool UseLargePagesIndividualAllocation        = false                                  {pd product} {ergonomic}

Logging:
Log output configuration:
 #0: stdout all=warning uptime,level,tags
 #1: stderr all=off uptime,level,tags

Environment Variables:
JAVA_HOME=C:\Program Files\Eclipse Adoptium\jdk-11.0.16.8-hotspot\
PATH=C:\Program Files (x86)\Embarcadero\Studio\21.0\bin;C:\Users\Public\Documents\Embarcadero\Studio\21.0\Bpl;C:\Program Files (x86)\Embarcadero\Studio\21.0\bin64;C:\Users\Public\Documents\Embarcadero\Studio\21.0\Bpl\Win64;C:\Program Files\Eclipse Adoptium\jdk-11.0.16.8-hotspot\bin;C:\Program Files\Microsoft\jdk-11.0.12.7-hotspot\bin;C:\WINDOWS\system32;C:\WINDOWS;C:\WINDOWS\System32\Wbem;C:\WINDOWS\System32\WindowsPowerShell\v1.0\;C:\WINDOWS\System32\OpenSSH\;C:\Program Files\dotnet\;C:\Program Files (x86)\Intel\Intel(R) Management Engine Components\DAL;C:\Program Files\Intel\Intel(R) Management Engine Components\DAL;C:\Program Files\Android Game Development Extension\bin\;C:\Program Files\Git\cmd;C:\WINDOWS\system32;C:\WINDOWS;C:\WINDOWS\System32\Wbem;C:\WINDOWS\System32\WindowsPowerShell\v1.0\;C:\WINDOWS\System32\OpenSSH\;C:\Users\nsxyl\AppData\Local\Programs\Python\Python310\Scripts\;C:\Users\nsxyl\AppData\Local\Programs\Python\Python310\;C:\cocos2d-x-4.0\templates;C:\cocos2d-x-4.0\tools\cocos2d-console\bin;C:\Users\nsxyl\AppData\Local\Microsoft\WindowsApps;C:\Program Files\Eclipse Adoptium\jdk-11.0.16.8-hotspot\\jdk-18.0.1\bin;C:\openssl-0.9.8k_X64\bin;C:\Users\nsxyl\AndroidSdk\cmdline-tools\latest\bin;C:\Users\nsxyl\AndroidSdk\platform-tools;C:\Program Files\CMake\bin;C:\msys64\usr\bin;C:\msys64\mingw32\bin;C:\Users\nsxyl\AppData\Local\Programs\Microsoft VS Code\bin;C:\ffmpeg-master-latest-win64-gpl\bin;C:\Users\nsxyl\.dotnet\tools;C:\Users\nsxyl\AndroidSdk\ndk\25.0.8775105\toolchains\llvm\prebuilt\windows-x86_64\bin;C:\gradle-7.4.2\bin;
USERNAME=nsxyl
OS=Windows_NT
PROCESSOR_IDENTIFIER=Intel64 Family 6 Model 158 Stepping 9, GenuineIntel



---------------  S Y S T E M  ---------------

OS: Windows 10 , 64 bit Build 19041 (10.0.19041.1889)
OS uptime: 0 days 0:26 hours

CPU:total 4 (initial active 4) (4 cores per cpu, 1 threads per core) family 6 model 158 stepping 9 microcode 0xf0, cmov, cx8, fxsr, mmx, sse, sse2, sse3, ssse3, sse4.1, sse4.2, popcnt, avx, avx2, aes, clmul, erms, 3dnowpref, lzcnt, tsc, tscinvbit, bmi1, bmi2, adx, fma

Memory: 4k page, system-wide physical 8099M (1215M free)
TotalPageFile size 12963M (AvailPageFile size 6082M)
current process WorkingSet (physical memory assigned to process): 498M, peak: 516M
current process commit charge ("private bytes"): 531M, peak: 547M

vm_info: OpenJDK 64-Bit Server VM (11.0.12+7-b1504.28-7817840) for windows-amd64 JRE (11.0.12+7-b1504.28-7817840), built on Oct 13 2021 22:12:33 by "builder" with MS VC++ 14.0 (VS2015)

END.
