#
# There is insufficient memory for the Java Runtime Environment to continue.
# Native memory allocation (mmap) failed to map 111149056 bytes for G1 virtual space
# Possible reasons:
#   The system is out of physical RAM or swap space
#   The process is running with CompressedOops enabled, and the Java Heap may be blocking the growth of the native heap
# Possible solutions:
#   Reduce memory load on the system
#   Increase physical memory or swap space
#   Check if swap backing store is full
#   Decrease Java heap size (-Xmx/-Xms)
#   Decrease number of Java threads
#   Decrease Java thread stack sizes (-Xss)
#   Set larger code cache with -XX:ReservedCodeCacheSize=
#   JVM is running with Unscaled Compressed Oops mode in which the Java heap is
#     placed in the first 4GB address space. The Java Heap base address is the
#     maximum limit for the native heap growth. Please use -XX:HeapBaseMinAddress
#     to set the Java Heap base and to place the Java Heap above 4GB virtual address.
# This output file may be truncated or incomplete.
#
#  Out of Memory Error (os_windows.cpp:3771), pid=11936, tid=11284
#
# JRE version: OpenJDK Runtime Environment (17.0.7) (build 17.0.7+0-b2043.56-10550314)
# Java VM: OpenJDK 64-Bit Server VM (17.0.7+0-b2043.56-10550314, mixed mode, tiered, compressed oops, compressed class ptrs, g1 gc, windows-amd64)
# No core dump will be written. Minidumps are not enabled by default on client versions of Windows
#

---------------  S U M M A R Y ------------

Command Line: --add-opens=java.base/java.util.concurrent.atomic=ALL-UNNAMED --add-opens=java.base/java.util=ALL-UNNAMED --add-opens=java.base/java.lang=ALL-UNNAMED --add-opens=java.base/java.lang.invoke=ALL-UNNAMED --add-opens=java.prefs/java.util.prefs=ALL-UNNAMED --add-opens=java.base/java.nio.charset=ALL-UNNAMED --add-opens=java.base/java.net=ALL-UNNAMED --add-opens=java.base/java.util.concurrent.atomic=ALL-UNNAMED -Xmx2048m -Dfile.encoding=UTF-8 -Duser.country=IN -Duser.language=en -Duser.variant -javaagent:C:\Users\nsxyl\.gradle\wrapper\dists\gradle-8.2-bin\bbg7u40eoinfdyxsxr3z4i7ta\gradle-8.2\lib\agents\gradle-instrumentation-agent-8.2.jar org.gradle.launcher.daemon.bootstrap.GradleDaemon 8.2

Host: Intel(R) Core(TM) i5-7400 CPU @ 3.00GHz, 4 cores, 7G,  Windows 10 , 64 bit Build 19041 (10.0.19041.3570)
Time: Sun Oct 22 23:32:28 2023 India Standard Time elapsed time: 8.649142 seconds (0d 0h 0m 8s)

---------------  T H R E A D  ---------------

Current thread (0x0000022a60ede930):  VMThread "VM Thread" [stack: 0x00000035c9100000,0x00000035c9200000] [id=11284]

Stack: [0x00000035c9100000,0x00000035c9200000]
Native frames: (J=compiled Java code, j=interpreted, Vv=VM code, C=native code)
V  [jvm.dll+0x683bfa]
V  [jvm.dll+0x8430a4]
V  [jvm.dll+0x8449be]
V  [jvm.dll+0x845023]
V  [jvm.dll+0x24ad2f]
V  [jvm.dll+0x680ac9]
V  [jvm.dll+0x67519a]
V  [jvm.dll+0x30b3cb]
V  [jvm.dll+0x312876]
V  [jvm.dll+0x36221e]
V  [jvm.dll+0x36244f]
V  [jvm.dll+0x2e14a8]
V  [jvm.dll+0x2df684]
V  [jvm.dll+0x2dec8c]
V  [jvm.dll+0x32382b]
V  [jvm.dll+0x8496eb]
V  [jvm.dll+0x84a424]
V  [jvm.dll+0x84a93d]
V  [jvm.dll+0x84ad14]
V  [jvm.dll+0x84ade0]
V  [jvm.dll+0x7f2aea]
V  [jvm.dll+0x682a35]
C  [ucrtbase.dll+0x21bb2]
C  [KERNEL32.DLL+0x17344]
C  [ntdll.dll+0x526b1]

VM_Operation (0x00000035ca8efdd0): G1CollectForAllocation, mode: safepoint, requested by thread 0x0000022a677e7bd0


---------------  P R O C E S S  ---------------

Threads class SMR info:
_java_thread_list=0x0000022a6a5bd830, length=46, elements={
0x0000022a47901240, 0x0000022a60ef4620, 0x0000022a60ef53a0, 0x0000022a60f021d0,
0x0000022a60f02a90, 0x0000022a6115a4e0, 0x0000022a6115b540, 0x0000022a6115c130,
0x0000022a6115d1d0, 0x0000022a61163780, 0x0000022a61201f40, 0x0000022a613f7580,
0x0000022a66d9c080, 0x0000022a66c17480, 0x0000022a66ffe020, 0x0000022a67a5bda0,
0x0000022a674f8da0, 0x0000022a677e5080, 0x0000022a677e7bd0, 0x0000022a677e80a0,
0x0000022a677e5550, 0x0000022a677e5ef0, 0x0000022a677e6d60, 0x0000022a677e63c0,
0x0000022a677e6890, 0x0000022a67740730, 0x0000022a677e5a20, 0x0000022a677e4bb0,
0x0000022a677e46e0, 0x0000022a677ae060, 0x0000022a677b1ef0, 0x0000022a677aea00,
0x0000022a677b06e0, 0x0000022a677b0210, 0x0000022a677ab9e0, 0x0000022a677ae530,
0x0000022a677afd40, 0x0000022a677ad1f0, 0x0000022a677aeed0, 0x0000022a677ac380,
0x0000022a677acd20, 0x0000022a677b2890, 0x0000022a677b0bb0, 0x0000022a677b1080,
0x0000022a677b1a20, 0x0000022a69259bd0
}

Java Threads: ( => current thread )
  0x0000022a47901240 JavaThread "main" [_thread_blocked, id=9928, stack(0x00000035c8b00000,0x00000035c8c00000)]
  0x0000022a60ef4620 JavaThread "Reference Handler" daemon [_thread_blocked, id=8612, stack(0x00000035c9200000,0x00000035c9300000)]
  0x0000022a60ef53a0 JavaThread "Finalizer" daemon [_thread_blocked, id=10984, stack(0x00000035c9300000,0x00000035c9400000)]
  0x0000022a60f021d0 JavaThread "Signal Dispatcher" daemon [_thread_blocked, id=12924, stack(0x00000035c9400000,0x00000035c9500000)]
  0x0000022a60f02a90 JavaThread "Attach Listener" daemon [_thread_blocked, id=9452, stack(0x00000035c9500000,0x00000035c9600000)]
  0x0000022a6115a4e0 JavaThread "Service Thread" daemon [_thread_blocked, id=13744, stack(0x00000035c9600000,0x00000035c9700000)]
  0x0000022a6115b540 JavaThread "Monitor Deflation Thread" daemon [_thread_blocked, id=8348, stack(0x00000035c9700000,0x00000035c9800000)]
  0x0000022a6115c130 JavaThread "C2 CompilerThread0" daemon [_thread_in_native, id=7564, stack(0x00000035c9800000,0x00000035c9900000)]
  0x0000022a6115d1d0 JavaThread "C1 CompilerThread0" daemon [_thread_blocked, id=5720, stack(0x00000035c9900000,0x00000035c9a00000)]
  0x0000022a61163780 JavaThread "Sweeper thread" daemon [_thread_blocked, id=2232, stack(0x00000035c9a00000,0x00000035c9b00000)]
  0x0000022a61201f40 JavaThread "Common-Cleaner" daemon [_thread_blocked, id=13264, stack(0x00000035c9b00000,0x00000035c9c00000)]
  0x0000022a613f7580 JavaThread "Notification Thread" daemon [_thread_blocked, id=8604, stack(0x00000035c9c00000,0x00000035c9d00000)]
  0x0000022a66d9c080 JavaThread "Daemon health stats" [_thread_blocked, id=2168, stack(0x00000035ca200000,0x00000035ca300000)]
  0x0000022a66c17480 JavaThread "Incoming local TCP Connector on port 50454" [_thread_in_native, id=13808, stack(0x00000035ca300000,0x00000035ca400000)]
  0x0000022a66ffe020 JavaThread "Daemon periodic checks" [_thread_blocked, id=5076, stack(0x00000035ca400000,0x00000035ca500000)]
  0x0000022a67a5bda0 JavaThread "Daemon" [_thread_blocked, id=5104, stack(0x00000035ca500000,0x00000035ca600000)]
  0x0000022a674f8da0 JavaThread "Handler for socket connection from /127.0.0.1:50454 to /127.0.0.1:50455" [_thread_in_native, id=13132, stack(0x00000035ca600000,0x00000035ca700000)]
  0x0000022a677e5080 JavaThread "Cancel handler" [_thread_blocked, id=9608, stack(0x00000035ca700000,0x00000035ca800000)]
  0x0000022a677e7bd0 JavaThread "Daemon worker" [_thread_blocked, id=12768, stack(0x00000035ca800000,0x00000035ca900000)]
  0x0000022a677e80a0 JavaThread "Asynchronous log dispatcher for DefaultDaemonConnection: socket connection from /127.0.0.1:50454 to /127.0.0.1:50455" [_thread_blocked, id=12200, stack(0x00000035c9e00000,0x00000035c9f00000)]
  0x0000022a677e5550 JavaThread "Stdin handler" [_thread_blocked, id=6076, stack(0x00000035ca900000,0x00000035caa00000)]
  0x0000022a677e5ef0 JavaThread "Daemon client event forwarder" [_thread_blocked, id=4524, stack(0x00000035caa00000,0x00000035cab00000)]
  0x0000022a677e6d60 JavaThread "Cache worker for journal cache (C:\Users\nsxyl\.gradle\caches\journal-1)" [_thread_blocked, id=9728, stack(0x00000035cab00000,0x00000035cac00000)]
  0x0000022a677e63c0 JavaThread "File lock request listener" [_thread_in_native, id=6600, stack(0x00000035cac00000,0x00000035cad00000)]
  0x0000022a677e6890 JavaThread "Cache worker for file hash cache (C:\Users\nsxyl\.gradle\caches\8.2\fileHashes)" [_thread_blocked, id=2164, stack(0x00000035cad00000,0x00000035cae00000)]
  0x0000022a67740730 JavaThread "C2 CompilerThread1" daemon [_thread_blocked, id=13112, stack(0x00000035cae00000,0x00000035caf00000)]
  0x0000022a677e5a20 JavaThread "File watcher server" daemon [_thread_blocked, id=13460, stack(0x00000035caf00000,0x00000035cb000000)]
  0x0000022a677e4bb0 JavaThread "File watcher consumer" daemon [_thread_blocked, id=11076, stack(0x00000035cb000000,0x00000035cb100000)]
  0x0000022a677e46e0 JavaThread "Cache worker for checksums cache (D:\AndroidStudioProjects\all-video-downloader\.gradle\8.2\checksums)" [_thread_blocked, id=7892, stack(0x00000035cb100000,0x00000035cb200000)]
  0x0000022a677ae060 JavaThread "Cache worker for cache directory md-rule (C:\Users\nsxyl\.gradle\caches\8.2\md-rule)" [_thread_blocked, id=14124, stack(0x00000035cb200000,0x00000035cb300000)]
  0x0000022a677b1ef0 JavaThread "Cache worker for file content cache (C:\Users\nsxyl\.gradle\caches\8.2\fileContent)" [_thread_blocked, id=7332, stack(0x00000035cb300000,0x00000035cb400000)]
  0x0000022a677aea00 JavaThread "Cache worker for file hash cache (D:\AndroidStudioProjects\all-video-downloader\.gradle\8.2\fileHashes)" [_thread_blocked, id=14172, stack(0x00000035cb400000,0x00000035cb500000)]
  0x0000022a677b06e0 JavaThread "Cache worker for cache directory md-supplier (C:\Users\nsxyl\.gradle\caches\8.2\md-supplier)" [_thread_blocked, id=1060, stack(0x00000035cb500000,0x00000035cb600000)]
  0x0000022a677b0210 JavaThread "Cache worker for execution history cache (C:\Users\nsxyl\.gradle\caches\8.2\executionHistory)" [_thread_blocked, id=8064, stack(0x00000035cb600000,0x00000035cb700000)]
  0x0000022a677ab9e0 JavaThread "jar transforms" [_thread_blocked, id=13940, stack(0x00000035cb800000,0x00000035cb900000)]
  0x0000022a677ae530 JavaThread "jar transforms Thread 2" [_thread_blocked, id=5692, stack(0x00000035cb900000,0x00000035cba00000)]
  0x0000022a677afd40 JavaThread "jar transforms Thread 3" [_thread_blocked, id=12652, stack(0x00000035cba00000,0x00000035cbb00000)]
  0x0000022a677ad1f0 JavaThread "jar transforms Thread 4" [_thread_blocked, id=11056, stack(0x00000035cbb00000,0x00000035cbc00000)]
  0x0000022a677aeed0 JavaThread "Cache worker for kotlin-dsl (C:\Users\nsxyl\.gradle\caches\8.2\kotlin-dsl)" [_thread_blocked, id=7396, stack(0x00000035cbc00000,0x00000035cbd00000)]
  0x0000022a677ac380 JavaThread "Cache worker for dependencies-accessors (D:\AndroidStudioProjects\all-video-downloader\.gradle\8.2\dependencies-accessors)" [_thread_blocked, id=11608, stack(0x00000035cbd00000,0x00000035cbe00000)]
  0x0000022a677acd20 JavaThread "Cache worker for Build Output Cleanup Cache (D:\AndroidStudioProjects\android-libraries\onestate\.gradle\buildOutputCleanup)" [_thread_blocked, id=268, stack(0x00000035cbe00000,0x00000035cbf00000)]
  0x0000022a677b2890 JavaThread "Unconstrained build operations" [_thread_blocked, id=3160, stack(0x00000035cbf00000,0x00000035cc000000)]
  0x0000022a677b0bb0 JavaThread "Unconstrained build operations Thread 2" [_thread_blocked, id=4776, stack(0x00000035cc000000,0x00000035cc100000)]
  0x0000022a677b1080 JavaThread "Unconstrained build operations Thread 3" [_thread_blocked, id=6328, stack(0x00000035cc100000,0x00000035cc200000)]
  0x0000022a677b1a20 JavaThread "build event listener" [_thread_blocked, id=4048, stack(0x00000035cc200000,0x00000035cc300000)]
  0x0000022a69259bd0 JavaThread "Memory manager" [_thread_blocked, id=10856, stack(0x00000035cc300000,0x00000035cc400000)]

Other Threads:
=>0x0000022a60ede930 VMThread "VM Thread" [stack: 0x00000035c9100000,0x00000035c9200000] [id=11284]
  0x0000022a47976440 WatcherThread [stack: 0x00000035c9d00000,0x00000035c9e00000] [id=2304]
  0x0000022a4795c780 GCTaskThread "GC Thread#0" [stack: 0x00000035c8c00000,0x00000035c8d00000] [id=13688]
  0x0000022a61599c40 GCTaskThread "GC Thread#1" [stack: 0x00000035c9f00000,0x00000035ca000000] [id=13120]
  0x0000022a6181bfe0 GCTaskThread "GC Thread#2" [stack: 0x00000035ca000000,0x00000035ca100000] [id=2544]
  0x0000022a61562080 GCTaskThread "GC Thread#3" [stack: 0x00000035ca100000,0x00000035ca200000] [id=8944]
  0x0000022a4796d5d0 ConcurrentGCThread "G1 Main Marker" [stack: 0x00000035c8d00000,0x00000035c8e00000] [id=1176]
  0x0000022a4796def0 ConcurrentGCThread "G1 Conc#0" [stack: 0x00000035c8e00000,0x00000035c8f00000] [id=9148]
  0x0000022a60d300a0 ConcurrentGCThread "G1 Refine#0" [stack: 0x00000035c8f00000,0x00000035c9000000] [id=3104]
  0x0000022a67f5abf0 ConcurrentGCThread "G1 Refine#1" [stack: 0x00000035cb700000,0x00000035cb800000] [id=9792]
  0x0000022a60d30770 ConcurrentGCThread "G1 Service" [stack: 0x00000035c9000000,0x00000035c9100000] [id=10632]

Threads with active compile tasks:
C2 CompilerThread0     8697 7220       4       java.lang.String::split (327 bytes)
C2 CompilerThread1     8698 7286       4       java.util.jar.Manifest$FastInputStream::readLine (296 bytes)

VM state: at safepoint (normal execution)

VM Mutex/Monitor currently owned by a thread:  ([mutex/lock_event])
[0x0000022a478fb6a0] Threads_lock - owner thread: 0x0000022a60ede930
[0x0000022a478faa40] Heap_lock - owner thread: 0x0000022a677e7bd0

Heap address: 0x0000000080000000, size: 2048 MB, Compressed Oops mode: 32-bit

CDS archive(s) not mapped
Compressed class space mapped at: 0x0000000100000000-0x0000000140000000, reserved size: 1073741824
Narrow klass base: 0x0000000000000000, Narrow klass shift: 3, Narrow klass range: 0x140000000

GC Precious Log:
 CPUs: 4 total, 4 available
 Memory: 8099M
 Large Page Support: Disabled
 NUMA Support: Disabled
 Compressed Oops: Enabled (32-bit)
 Heap Region Size: 1M
 Heap Min Capacity: 8M
 Heap Initial Capacity: 128M
 Heap Max Capacity: 2G
 Pre-touch: Disabled
 Parallel Workers: 4
 Concurrent Workers: 1
 Concurrent Refinement Workers: 4
 Periodic GC: Disabled

Heap:
 garbage-first heap   total 131072K, used 77701K [0x0000000080000000, 0x0000000100000000)
  region size 1024K, 1 young (1024K), 1 survivors (1024K)
 Metaspace       used 68763K, committed 69376K, reserved 1114112K
  class space    used 9192K, committed 9472K, reserved 1048576K

Heap Regions: E=young(eden), S=young(survivor), O=old, HS=humongous(starts), HC=humongous(continues), CS=collection set, F=free, OA=open archive, CA=closed archive, TAMS=top-at-mark-start (previous, next)
|   0|0x0000000080000000, 0x0000000080100000, 0x0000000080100000|100%| O|  |TAMS 0x0000000080100000, 0x0000000080000000| Untracked 
|   1|0x0000000080100000, 0x0000000080200000, 0x0000000080200000|100%| O|  |TAMS 0x0000000080200000, 0x0000000080100000| Untracked 
|   2|0x0000000080200000, 0x0000000080300000, 0x0000000080300000|100%|HS|  |TAMS 0x0000000080300000, 0x0000000080200000| Complete 
|   3|0x0000000080300000, 0x0000000080400000, 0x0000000080400000|100%|HC|  |TAMS 0x0000000080400000, 0x0000000080300000| Complete 
|   4|0x0000000080400000, 0x0000000080500000, 0x0000000080500000|100%|HC|  |TAMS 0x0000000080500000, 0x0000000080400000| Complete 
|   5|0x0000000080500000, 0x0000000080600000, 0x0000000080600000|100%|HC|  |TAMS 0x0000000080600000, 0x0000000080500000| Complete 
|   6|0x0000000080600000, 0x0000000080700000, 0x0000000080700000|100%| O|  |TAMS 0x0000000080700000, 0x0000000080600000| Untracked 
|   7|0x0000000080700000, 0x0000000080800000, 0x0000000080800000|100%| O|  |TAMS 0x0000000080800000, 0x0000000080700000| Untracked 
|   8|0x0000000080800000, 0x0000000080900000, 0x0000000080900000|100%| O|  |TAMS 0x0000000080900000, 0x0000000080800000| Untracked 
|   9|0x0000000080900000, 0x0000000080a00000, 0x0000000080a00000|100%| O|  |TAMS 0x0000000080a00000, 0x0000000080900000| Untracked 
|  10|0x0000000080a00000, 0x0000000080b00000, 0x0000000080b00000|100%| O|  |TAMS 0x0000000080b00000, 0x0000000080a00000| Untracked 
|  11|0x0000000080b00000, 0x0000000080c00000, 0x0000000080c00000|100%| O|  |TAMS 0x0000000080c00000, 0x0000000080b00000| Untracked 
|  12|0x0000000080c00000, 0x0000000080d00000, 0x0000000080d00000|100%| O|  |TAMS 0x0000000080d00000, 0x0000000080c00000| Untracked 
|  13|0x0000000080d00000, 0x0000000080e00000, 0x0000000080e00000|100%| O|  |TAMS 0x0000000080e00000, 0x0000000080d00000| Untracked 
|  14|0x0000000080e00000, 0x0000000080f00000, 0x0000000080f00000|100%| O|  |TAMS 0x0000000080f00000, 0x0000000080e00000| Untracked 
|  15|0x0000000080f00000, 0x0000000081000000, 0x0000000081000000|100%| O|  |TAMS 0x0000000081000000, 0x0000000080f00000| Untracked 
|  16|0x0000000081000000, 0x0000000081100000, 0x0000000081100000|100%| O|  |TAMS 0x0000000081100000, 0x0000000081000000| Untracked 
|  17|0x0000000081100000, 0x0000000081200000, 0x0000000081200000|100%| O|  |TAMS 0x0000000081200000, 0x0000000081100000| Untracked 
|  18|0x0000000081200000, 0x0000000081300000, 0x0000000081300000|100%| O|  |TAMS 0x0000000081300000, 0x0000000081200000| Untracked 
|  19|0x0000000081300000, 0x0000000081400000, 0x0000000081400000|100%| O|  |TAMS 0x0000000081400000, 0x0000000081300000| Untracked 
|  20|0x0000000081400000, 0x0000000081500000, 0x0000000081500000|100%| O|  |TAMS 0x0000000081500000, 0x0000000081400000| Untracked 
|  21|0x0000000081500000, 0x0000000081600000, 0x0000000081600000|100%| O|  |TAMS 0x0000000081600000, 0x0000000081500000| Untracked 
|  22|0x0000000081600000, 0x0000000081700000, 0x0000000081700000|100%| O|  |TAMS 0x0000000081700000, 0x0000000081600000| Untracked 
|  23|0x0000000081700000, 0x0000000081800000, 0x0000000081800000|100%| O|  |TAMS 0x0000000081800000, 0x0000000081700000| Untracked 
|  24|0x0000000081800000, 0x0000000081900000, 0x0000000081900000|100%| O|  |TAMS 0x0000000081900000, 0x0000000081800000| Untracked 
|  25|0x0000000081900000, 0x0000000081a00000, 0x0000000081a00000|100%| O|  |TAMS 0x0000000081a00000, 0x0000000081900000| Untracked 
|  26|0x0000000081a00000, 0x0000000081b00000, 0x0000000081b00000|100%| O|  |TAMS 0x0000000081b00000, 0x0000000081a00000| Untracked 
|  27|0x0000000081b00000, 0x0000000081c00000, 0x0000000081c00000|100%| O|  |TAMS 0x0000000081c00000, 0x0000000081b00000| Untracked 
|  28|0x0000000081c00000, 0x0000000081d00000, 0x0000000081d00000|100%|HS|  |TAMS 0x0000000081c00000, 0x0000000081c00000| Complete 
|  29|0x0000000081d00000, 0x0000000081e00000, 0x0000000081e00000|100%| O|  |TAMS 0x0000000081e00000, 0x0000000081d00000| Untracked 
|  30|0x0000000081e00000, 0x0000000081f00000, 0x0000000081f00000|100%| O|  |TAMS 0x0000000081f00000, 0x0000000081e00000| Untracked 
|  31|0x0000000081f00000, 0x0000000082000000, 0x0000000082000000|100%| O|  |TAMS 0x0000000082000000, 0x0000000081f00000| Untracked 
|  32|0x0000000082000000, 0x0000000082100000, 0x0000000082100000|100%| O|  |TAMS 0x0000000082100000, 0x0000000082000000| Untracked 
|  33|0x0000000082100000, 0x0000000082200000, 0x0000000082200000|100%| O|  |TAMS 0x0000000082200000, 0x0000000082100000| Untracked 
|  34|0x0000000082200000, 0x0000000082300000, 0x0000000082300000|100%| O|  |TAMS 0x0000000082300000, 0x0000000082200000| Untracked 
|  35|0x0000000082300000, 0x0000000082400000, 0x0000000082400000|100%| O|  |TAMS 0x0000000082400000, 0x0000000082300000| Untracked 
|  36|0x0000000082400000, 0x0000000082500000, 0x0000000082500000|100%| O|  |TAMS 0x0000000082500000, 0x0000000082400000| Untracked 
|  37|0x0000000082500000, 0x0000000082600000, 0x0000000082600000|100%| O|  |TAMS 0x0000000082600000, 0x0000000082500000| Untracked 
|  38|0x0000000082600000, 0x0000000082700000, 0x0000000082700000|100%| O|  |TAMS 0x0000000082700000, 0x0000000082600000| Untracked 
|  39|0x0000000082700000, 0x0000000082800000, 0x0000000082800000|100%| O|  |TAMS 0x0000000082800000, 0x0000000082700000| Untracked 
|  40|0x0000000082800000, 0x0000000082900000, 0x0000000082900000|100%| O|  |TAMS 0x0000000082900000, 0x0000000082800000| Untracked 
|  41|0x0000000082900000, 0x0000000082a00000, 0x0000000082a00000|100%| O|  |TAMS 0x0000000082a00000, 0x0000000082900000| Untracked 
|  42|0x0000000082a00000, 0x0000000082b00000, 0x0000000082b00000|100%| O|  |TAMS 0x0000000082b00000, 0x0000000082a00000| Untracked 
|  43|0x0000000082b00000, 0x0000000082c00000, 0x0000000082c00000|100%|HS|  |TAMS 0x0000000082c00000, 0x0000000082b00000| Complete 
|  44|0x0000000082c00000, 0x0000000082d00000, 0x0000000082d00000|100%|HS|  |TAMS 0x0000000082d00000, 0x0000000082c00000| Complete 
|  45|0x0000000082d00000, 0x0000000082e00000, 0x0000000082e00000|100%|HS|  |TAMS 0x0000000082e00000, 0x0000000082d00000| Complete 
|  46|0x0000000082e00000, 0x0000000082f00000, 0x0000000082f00000|100%|HC|  |TAMS 0x0000000082f00000, 0x0000000082e00000| Complete 
|  47|0x0000000082f00000, 0x0000000083000000, 0x0000000083000000|100%|HS|  |TAMS 0x0000000083000000, 0x0000000082f00000| Complete 
|  48|0x0000000083000000, 0x0000000083100000, 0x0000000083100000|100%|HC|  |TAMS 0x0000000083100000, 0x0000000083000000| Complete 
|  49|0x0000000083100000, 0x0000000083200000, 0x0000000083200000|100%|HS|  |TAMS 0x0000000083200000, 0x0000000083100000| Complete 
|  50|0x0000000083200000, 0x0000000083300000, 0x0000000083300000|100%| O|  |TAMS 0x0000000083200000, 0x0000000083200000| Untracked 
|  51|0x0000000083300000, 0x0000000083400000, 0x0000000083400000|100%| O|  |TAMS 0x0000000083400000, 0x0000000083300000| Untracked 
|  52|0x0000000083400000, 0x0000000083500000, 0x0000000083500000|100%|HS|  |TAMS 0x0000000083500000, 0x0000000083400000| Complete 
|  53|0x0000000083500000, 0x0000000083600000, 0x0000000083600000|100%|HC|  |TAMS 0x0000000083600000, 0x0000000083500000| Complete 
|  54|0x0000000083600000, 0x0000000083700000, 0x0000000083700000|100%|HC|  |TAMS 0x0000000083700000, 0x0000000083600000| Complete 
|  55|0x0000000083700000, 0x0000000083800000, 0x0000000083800000|100%|HC|  |TAMS 0x0000000083800000, 0x0000000083700000| Complete 
|  56|0x0000000083800000, 0x0000000083900000, 0x0000000083900000|100%| O|  |TAMS 0x0000000083900000, 0x0000000083800000| Untracked 
|  57|0x0000000083900000, 0x0000000083900000, 0x0000000083a00000|  0%| F|  |TAMS 0x0000000083900000, 0x0000000083900000| Untracked 
|  58|0x0000000083a00000, 0x0000000083b00000, 0x0000000083b00000|100%| O|  |TAMS 0x0000000083b00000, 0x0000000083a00000| Untracked 
|  59|0x0000000083b00000, 0x0000000083c00000, 0x0000000083c00000|100%|HS|  |TAMS 0x0000000083c00000, 0x0000000083b00000| Complete 
|  60|0x0000000083c00000, 0x0000000083d00000, 0x0000000083d00000|100%| O|  |TAMS 0x0000000083d00000, 0x0000000083c00000| Untracked 
|  61|0x0000000083d00000, 0x0000000083e00000, 0x0000000083e00000|100%| O|  |TAMS 0x0000000083e00000, 0x0000000083d00000| Untracked 
|  62|0x0000000083e00000, 0x0000000083f00000, 0x0000000083f00000|100%| O|  |TAMS 0x0000000083f00000, 0x0000000083e00000| Untracked 
|  63|0x0000000083f00000, 0x0000000084000000, 0x0000000084000000|100%| O|  |TAMS 0x0000000084000000, 0x0000000083f00000| Untracked 
|  64|0x0000000084000000, 0x0000000084100000, 0x0000000084100000|100%| O|  |TAMS 0x0000000084100000, 0x0000000084000000| Untracked 
|  65|0x0000000084100000, 0x0000000084200000, 0x0000000084200000|100%| O|  |TAMS 0x0000000084200000, 0x0000000084100000| Untracked 
|  66|0x0000000084200000, 0x0000000084300000, 0x0000000084300000|100%| O|  |TAMS 0x0000000084300000, 0x0000000084200000| Untracked 
|  67|0x0000000084300000, 0x0000000084400000, 0x0000000084400000|100%| O|  |TAMS 0x0000000084400000, 0x0000000084300000| Untracked 
|  68|0x0000000084400000, 0x0000000084500000, 0x0000000084500000|100%| O|  |TAMS 0x00000000844cec00, 0x0000000084400000| Untracked 
|  69|0x0000000084500000, 0x0000000084600000, 0x0000000084600000|100%|HS|  |TAMS 0x0000000084500000, 0x0000000084500000| Complete 
|  70|0x0000000084600000, 0x0000000084700000, 0x0000000084700000|100%|HS|  |TAMS 0x0000000084600000, 0x0000000084600000| Complete 
|  71|0x0000000084700000, 0x0000000084800000, 0x0000000084800000|100%| O|  |TAMS 0x0000000084700000, 0x0000000084700000| Untracked 
|  72|0x0000000084800000, 0x0000000084900000, 0x0000000084900000|100%| O|  |TAMS 0x0000000084800000, 0x0000000084800000| Untracked 
|  73|0x0000000084900000, 0x0000000084a00000, 0x0000000084a00000|100%| O|  |TAMS 0x0000000084900000, 0x0000000084900000| Untracked 
|  74|0x0000000084a00000, 0x0000000084b00000, 0x0000000084b00000|100%| O|  |TAMS 0x0000000084a00000, 0x0000000084a00000| Untracked 
|  75|0x0000000084b00000, 0x0000000084be1600, 0x0000000084c00000| 88%| O|  |TAMS 0x0000000084b00000, 0x0000000084b00000| Untracked 
|  76|0x0000000084c00000, 0x0000000084c00000, 0x0000000084d00000|  0%| F|  |TAMS 0x0000000084c00000, 0x0000000084c00000| Untracked 
|  77|0x0000000084d00000, 0x0000000084d00000, 0x0000000084e00000|  0%| F|  |TAMS 0x0000000084d00000, 0x0000000084d00000| Untracked 
|  78|0x0000000084e00000, 0x0000000084e00000, 0x0000000084f00000|  0%| F|  |TAMS 0x0000000084e00000, 0x0000000084e00000| Untracked 
|  79|0x0000000084f00000, 0x0000000084f00000, 0x0000000085000000|  0%| F|  |TAMS 0x0000000084f00000, 0x0000000084f00000| Untracked 
|  80|0x0000000085000000, 0x0000000085000000, 0x0000000085100000|  0%| F|  |TAMS 0x0000000085000000, 0x0000000085000000| Untracked 
|  81|0x0000000085100000, 0x0000000085100000, 0x0000000085200000|  0%| F|  |TAMS 0x0000000085100000, 0x0000000085100000| Untracked 
|  82|0x0000000085200000, 0x0000000085200000, 0x0000000085300000|  0%| F|  |TAMS 0x0000000085200000, 0x0000000085200000| Untracked 
|  83|0x0000000085300000, 0x0000000085300000, 0x0000000085400000|  0%| F|  |TAMS 0x0000000085300000, 0x0000000085300000| Untracked 
|  84|0x0000000085400000, 0x0000000085400000, 0x0000000085500000|  0%| F|  |TAMS 0x0000000085400000, 0x0000000085400000| Untracked 
|  85|0x0000000085500000, 0x0000000085500000, 0x0000000085600000|  0%| F|  |TAMS 0x0000000085500000, 0x0000000085500000| Untracked 
|  86|0x0000000085600000, 0x0000000085600000, 0x0000000085700000|  0%| F|  |TAMS 0x0000000085600000, 0x0000000085600000| Untracked 
|  87|0x0000000085700000, 0x0000000085700000, 0x0000000085800000|  0%| F|  |TAMS 0x0000000085700000, 0x0000000085700000| Untracked 
|  88|0x0000000085800000, 0x0000000085800000, 0x0000000085900000|  0%| F|  |TAMS 0x0000000085800000, 0x0000000085800000| Untracked 
|  89|0x0000000085900000, 0x0000000085900000, 0x0000000085a00000|  0%| F|  |TAMS 0x0000000085900000, 0x0000000085900000| Untracked 
|  90|0x0000000085a00000, 0x0000000085a00000, 0x0000000085b00000|  0%| F|  |TAMS 0x0000000085a00000, 0x0000000085a00000| Untracked 
|  91|0x0000000085b00000, 0x0000000085b00000, 0x0000000085c00000|  0%| F|  |TAMS 0x0000000085b00000, 0x0000000085b00000| Untracked 
|  92|0x0000000085c00000, 0x0000000085c00000, 0x0000000085d00000|  0%| F|  |TAMS 0x0000000085c00000, 0x0000000085c00000| Untracked 
|  93|0x0000000085d00000, 0x0000000085d00000, 0x0000000085e00000|  0%| F|  |TAMS 0x0000000085d00000, 0x0000000085d00000| Untracked 
|  94|0x0000000085e00000, 0x0000000085e00000, 0x0000000085f00000|  0%| F|  |TAMS 0x0000000085e00000, 0x0000000085e00000| Untracked 
|  95|0x0000000085f00000, 0x0000000085f00000, 0x0000000086000000|  0%| F|  |TAMS 0x0000000085f00000, 0x0000000085f00000| Untracked 
|  96|0x0000000086000000, 0x0000000086000000, 0x0000000086100000|  0%| F|  |TAMS 0x0000000086000000, 0x0000000086000000| Untracked 
|  97|0x0000000086100000, 0x0000000086100000, 0x0000000086200000|  0%| F|  |TAMS 0x0000000086100000, 0x0000000086100000| Untracked 
|  98|0x0000000086200000, 0x0000000086200000, 0x0000000086300000|  0%| F|  |TAMS 0x0000000086200000, 0x0000000086200000| Untracked 
|  99|0x0000000086300000, 0x0000000086300000, 0x0000000086400000|  0%| F|  |TAMS 0x0000000086300000, 0x0000000086300000| Untracked 
| 100|0x0000000086400000, 0x0000000086400000, 0x0000000086500000|  0%| F|  |TAMS 0x0000000086400000, 0x0000000086400000| Untracked 
| 101|0x0000000086500000, 0x0000000086500000, 0x0000000086600000|  0%| F|  |TAMS 0x0000000086500000, 0x0000000086500000| Untracked 
| 102|0x0000000086600000, 0x0000000086600000, 0x0000000086700000|  0%| F|  |TAMS 0x0000000086600000, 0x0000000086600000| Untracked 
| 103|0x0000000086700000, 0x0000000086700000, 0x0000000086800000|  0%| F|  |TAMS 0x0000000086700000, 0x0000000086700000| Untracked 
| 104|0x0000000086800000, 0x0000000086800000, 0x0000000086900000|  0%| F|  |TAMS 0x0000000086800000, 0x0000000086800000| Untracked 
| 105|0x0000000086900000, 0x0000000086900000, 0x0000000086a00000|  0%| F|  |TAMS 0x0000000086900000, 0x0000000086900000| Untracked 
| 106|0x0000000086a00000, 0x0000000086a00000, 0x0000000086b00000|  0%| F|  |TAMS 0x0000000086a00000, 0x0000000086a00000| Untracked 
| 107|0x0000000086b00000, 0x0000000086b00000, 0x0000000086c00000|  0%| F|  |TAMS 0x0000000086b00000, 0x0000000086b00000| Untracked 
| 108|0x0000000086c00000, 0x0000000086c00000, 0x0000000086d00000|  0%| F|  |TAMS 0x0000000086c00000, 0x0000000086c00000| Untracked 
| 109|0x0000000086d00000, 0x0000000086d00000, 0x0000000086e00000|  0%| F|  |TAMS 0x0000000086d00000, 0x0000000086d00000| Untracked 
| 110|0x0000000086e00000, 0x0000000086e00000, 0x0000000086f00000|  0%| F|  |TAMS 0x0000000086e00000, 0x0000000086e00000| Untracked 
| 111|0x0000000086f00000, 0x0000000086f00000, 0x0000000087000000|  0%| F|  |TAMS 0x0000000086f00000, 0x0000000086f00000| Untracked 
| 112|0x0000000087000000, 0x0000000087000000, 0x0000000087100000|  0%| F|  |TAMS 0x0000000087000000, 0x0000000087000000| Untracked 
| 113|0x0000000087100000, 0x0000000087100000, 0x0000000087200000|  0%| F|  |TAMS 0x0000000087100000, 0x0000000087100000| Untracked 
| 114|0x0000000087200000, 0x0000000087200000, 0x0000000087300000|  0%| F|  |TAMS 0x0000000087200000, 0x0000000087200000| Untracked 
| 115|0x0000000087300000, 0x0000000087300000, 0x0000000087400000|  0%| F|  |TAMS 0x0000000087300000, 0x0000000087300000| Untracked 
| 116|0x0000000087400000, 0x0000000087400000, 0x0000000087500000|  0%| F|  |TAMS 0x0000000087400000, 0x0000000087400000| Untracked 
| 117|0x0000000087500000, 0x0000000087500000, 0x0000000087600000|  0%| F|  |TAMS 0x0000000087500000, 0x0000000087500000| Untracked 
| 118|0x0000000087600000, 0x0000000087600000, 0x0000000087700000|  0%| F|  |TAMS 0x0000000087600000, 0x0000000087600000| Untracked 
| 119|0x0000000087700000, 0x0000000087700000, 0x0000000087800000|  0%| F|  |TAMS 0x0000000087700000, 0x0000000087700000| Untracked 
| 120|0x0000000087800000, 0x0000000087800000, 0x0000000087900000|  0%| F|  |TAMS 0x0000000087800000, 0x0000000087800000| Untracked 
| 121|0x0000000087900000, 0x0000000087900000, 0x0000000087a00000|  0%| F|  |TAMS 0x0000000087900000, 0x0000000087900000| Untracked 
| 122|0x0000000087a00000, 0x0000000087b00000, 0x0000000087b00000|100%| S|CS|TAMS 0x0000000087a00000, 0x0000000087a00000| Complete 
| 123|0x0000000087b00000, 0x0000000087b00000, 0x0000000087c00000|  0%| F|  |TAMS 0x0000000087b00000, 0x0000000087b00000| Untracked 
| 124|0x0000000087c00000, 0x0000000087c00000, 0x0000000087d00000|  0%| F|  |TAMS 0x0000000087c00000, 0x0000000087c00000| Untracked 
| 125|0x0000000087d00000, 0x0000000087d00000, 0x0000000087e00000|  0%| F|  |TAMS 0x0000000087d00000, 0x0000000087d00000| Untracked 
| 126|0x0000000087e00000, 0x0000000087e00000, 0x0000000087f00000|  0%| F|  |TAMS 0x0000000087e00000, 0x0000000087e00000| Untracked 
| 127|0x0000000087f00000, 0x0000000087f00000, 0x0000000088000000|  0%| F|  |TAMS 0x0000000087f00000, 0x0000000087f00000| Untracked 

Card table byte_map: [0x0000022a5a1e0000,0x0000022a5a5e0000] _byte_map_base: 0x0000022a59de0000

Marking Bits (Prev, Next): (CMBitMap*) 0x0000022a4795cce0, (CMBitMap*) 0x0000022a4795cca0
 Prev Bits: [0x0000022a5c9e0000, 0x0000022a5e9e0000)
 Next Bits: [0x0000022a5a9e0000, 0x0000022a5c9e0000)

Polling page: 0x0000022a457b0000

Metaspace:

Usage:
  Non-class:     58.18 MB used.
      Class:      8.98 MB used.
       Both:     67.15 MB used.

Virtual space:
  Non-class space:       64.00 MB reserved,      58.50 MB ( 91%) committed,  1 nodes.
      Class space:        1.00 GB reserved,       9.25 MB ( <1%) committed,  1 nodes.
             Both:        1.06 GB reserved,      67.75 MB (  6%) committed. 

Chunk freelists:
   Non-Class:  4.82 MB
       Class:  6.70 MB
        Both:  11.52 MB

MaxMetaspaceSize: unlimited
CompressedClassSpaceSize: 1.00 GB
Initial GC threshold: 21.00 MB
Current GC threshold: 106.81 MB
CDS: off
MetaspaceReclaimPolicy: balanced
 - commit_granule_bytes: 65536.
 - commit_granule_words: 8192.
 - virtual_space_node_default_size: 8388608.
 - enlarge_chunks_in_place: 1.
 - new_chunks_are_fully_committed: 0.
 - uncommit_free_chunks: 1.
 - use_allocation_guard: 0.
 - handle_deallocations: 1.


Internal statistics:

num_allocs_failed_limit: 6.
num_arena_births: 768.
num_arena_deaths: 0.
num_vsnodes_births: 2.
num_vsnodes_deaths: 0.
num_space_committed: 1084.
num_space_uncommitted: 0.
num_chunks_returned_to_freelist: 6.
num_chunks_taken_from_freelist: 3055.
num_chunk_merges: 6.
num_chunk_splits: 2045.
num_chunks_enlarged: 1388.
num_inconsistent_stats: 0.

CodeHeap 'non-profiled nmethods': size=120000Kb used=3574Kb max_used=3605Kb free=116425Kb
 bounds [0x0000022a528b0000, 0x0000022a52c40000, 0x0000022a59de0000]
CodeHeap 'profiled nmethods': size=120000Kb used=12299Kb max_used=12330Kb free=107700Kb
 bounds [0x0000022a4ade0000, 0x0000022a4ba00000, 0x0000022a52310000]
CodeHeap 'non-nmethods': size=5760Kb used=2351Kb max_used=2425Kb free=3408Kb
 bounds [0x0000022a52310000, 0x0000022a52580000, 0x0000022a528b0000]
 total_blobs=7308 nmethods=6431 adapters=789
 compilation: enabled
              stopped_count=0, restarted_count=0
 full_count=0

Compilation events (20 events):
Event: 8.611 Thread 0x0000022a6115d1d0 7278       3       java.security.ProtectionDomain$Key::<init> (5 bytes)
Event: 8.611 Thread 0x0000022a6115d1d0 nmethod 7278 0x0000022a4ae06e10 code [0x0000022a4ae06fa0, 0x0000022a4ae070f8]
Event: 8.611 Thread 0x0000022a6115d1d0 7279       3       java.util.regex.ASCII::toLower (16 bytes)
Event: 8.611 Thread 0x0000022a6115d1d0 nmethod 7279 0x0000022a4ae10a90 code [0x0000022a4ae10c20, 0x0000022a4ae10e18]
Event: 8.611 Thread 0x0000022a6115d1d0 7280       3       java.util.regex.ASCII::isUpper (18 bytes)
Event: 8.611 Thread 0x0000022a6115d1d0 nmethod 7280 0x0000022a4b323d10 code [0x0000022a4b323ea0, 0x0000022a4b323ff8]
Event: 8.613 Thread 0x0000022a6115d1d0 7281       3       sun.security.util.SignatureFileVerifier::updateSigners (132 bytes)
Event: 8.613 Thread 0x0000022a67740730 nmethod 7198% 0x0000022a52a6c690 code [0x0000022a52a6ca20, 0x0000022a52a71ae8]
Event: 8.613 Thread 0x0000022a67740730 7227       4       sun.security.provider.SHA::implCompress0 (506 bytes)
Event: 8.614 Thread 0x0000022a6115d1d0 nmethod 7281 0x0000022a4ae0f210 code [0x0000022a4ae0f4c0, 0x0000022a4ae10458]
Event: 8.614 Thread 0x0000022a6115d1d0 7282       3       sun.security.util.SignatureFileVerifier::matches (93 bytes)
Event: 8.614 Thread 0x0000022a6115d1d0 nmethod 7282 0x0000022a4ae0e410 code [0x0000022a4ae0e640, 0x0000022a4ae0eef8]
Event: 8.614 Thread 0x0000022a6115d1d0 7283       3       java.security.Provider$UString::hashCode (8 bytes)
Event: 8.614 Thread 0x0000022a6115d1d0 nmethod 7283 0x0000022a4ae0e010 code [0x0000022a4ae0e1c0, 0x0000022a4ae0e308]
Event: 8.614 Thread 0x0000022a6115d1d0 7284       3       sun.security.util.SecurityProviderConstants::getAliases (65 bytes)
Event: 8.615 Thread 0x0000022a6115d1d0 nmethod 7284 0x0000022a4b381710 code [0x0000022a4b381980, 0x0000022a4b382288]
Event: 8.615 Thread 0x0000022a6115d1d0 7285       3       java.util.concurrent.ConcurrentHashMap::isEmpty (15 bytes)
Event: 8.616 Thread 0x0000022a6115d1d0 nmethod 7285 0x0000022a4ae0dc10 code [0x0000022a4ae0ddc0, 0x0000022a4ae0df68]
Event: 8.641 Thread 0x0000022a67740730 nmethod 7227 0x0000022a529d4d10 code [0x0000022a529d4ec0, 0x0000022a529d5c18]
Event: 8.642 Thread 0x0000022a67740730 7286       4       java.util.jar.Manifest$FastInputStream::readLine (296 bytes)

GC Heap History (20 events):
Event: 6.258 GC heap after
{Heap after GC invocations=16 (full 0):
 garbage-first heap   total 82944K, used 39573K [0x0000000080000000, 0x0000000100000000)
  region size 1024K, 4 young (4096K), 4 survivors (4096K)
 Metaspace       used 54460K, committed 54976K, reserved 1114112K
  class space    used 7355K, committed 7552K, reserved 1048576K
}
Event: 6.754 GC heap before
{Heap before GC invocations=16 (full 0):
 garbage-first heap   total 82944K, used 65173K [0x0000000080000000, 0x0000000100000000)
  region size 1024K, 29 young (29696K), 4 survivors (4096K)
 Metaspace       used 56561K, committed 57024K, reserved 1114112K
  class space    used 7638K, committed 7808K, reserved 1048576K
}
Event: 6.761 GC heap after
{Heap after GC invocations=17 (full 0):
 garbage-first heap   total 82944K, used 42294K [0x0000000080000000, 0x0000000100000000)
  region size 1024K, 4 young (4096K), 4 survivors (4096K)
 Metaspace       used 56561K, committed 57024K, reserved 1114112K
  class space    used 7638K, committed 7808K, reserved 1048576K
}
Event: 7.021 GC heap before
{Heap before GC invocations=17 (full 0):
 garbage-first heap   total 82944K, used 62774K [0x0000000080000000, 0x0000000100000000)
  region size 1024K, 26 young (26624K), 4 survivors (4096K)
 Metaspace       used 56966K, committed 57536K, reserved 1114112K
  class space    used 7678K, committed 7936K, reserved 1048576K
}
Event: 7.029 GC heap after
{Heap after GC invocations=18 (full 0):
 garbage-first heap   total 82944K, used 46811K [0x0000000080000000, 0x0000000100000000)
  region size 1024K, 4 young (4096K), 4 survivors (4096K)
 Metaspace       used 56966K, committed 57536K, reserved 1114112K
  class space    used 7678K, committed 7936K, reserved 1048576K
}
Event: 7.239 GC heap before
{Heap before GC invocations=19 (full 0):
 garbage-first heap   total 96256K, used 76507K [0x0000000080000000, 0x0000000100000000)
  region size 1024K, 21 young (21504K), 4 survivors (4096K)
 Metaspace       used 57653K, committed 58176K, reserved 1114112K
  class space    used 7765K, committed 8000K, reserved 1048576K
}
Event: 7.243 GC heap after
{Heap after GC invocations=20 (full 0):
 garbage-first heap   total 96256K, used 66575K [0x0000000080000000, 0x0000000100000000)
  region size 1024K, 3 young (3072K), 3 survivors (3072K)
 Metaspace       used 57653K, committed 58176K, reserved 1114112K
  class space    used 7765K, committed 8000K, reserved 1048576K
}
Event: 7.251 GC heap before
{Heap before GC invocations=20 (full 0):
 garbage-first heap   total 96256K, used 67599K [0x0000000080000000, 0x0000000100000000)
  region size 1024K, 4 young (4096K), 3 survivors (3072K)
 Metaspace       used 57748K, committed 58304K, reserved 1114112K
  class space    used 7775K, committed 8000K, reserved 1048576K
}
Event: 7.253 GC heap after
{Heap after GC invocations=21 (full 0):
 garbage-first heap   total 115712K, used 67549K [0x0000000080000000, 0x0000000100000000)
  region size 1024K, 1 young (1024K), 1 survivors (1024K)
 Metaspace       used 57748K, committed 58304K, reserved 1114112K
  class space    used 7775K, committed 8000K, reserved 1048576K
}
Event: 7.457 GC heap before
{Heap before GC invocations=21 (full 0):
 garbage-first heap   total 115712K, used 85981K [0x0000000080000000, 0x0000000100000000)
  region size 1024K, 20 young (20480K), 1 survivors (1024K)
 Metaspace       used 59186K, committed 59776K, reserved 1114112K
  class space    used 7999K, committed 8256K, reserved 1048576K
}
Event: 7.460 GC heap after
{Heap after GC invocations=22 (full 0):
 garbage-first heap   total 115712K, used 69129K [0x0000000080000000, 0x0000000100000000)
  region size 1024K, 2 young (2048K), 2 survivors (2048K)
 Metaspace       used 59186K, committed 59776K, reserved 1114112K
  class space    used 7999K, committed 8256K, reserved 1048576K
}
Event: 7.703 GC heap before
{Heap before GC invocations=23 (full 0):
 garbage-first heap   total 128000K, used 88585K [0x0000000080000000, 0x0000000100000000)
  region size 1024K, 22 young (22528K), 2 survivors (2048K)
 Metaspace       used 61228K, committed 61824K, reserved 1114112K
  class space    used 8238K, committed 8512K, reserved 1048576K
}
Event: 7.706 GC heap after
{Heap after GC invocations=24 (full 0):
 garbage-first heap   total 128000K, used 69444K [0x0000000080000000, 0x0000000100000000)
  region size 1024K, 1 young (1024K), 1 survivors (1024K)
 Metaspace       used 61228K, committed 61824K, reserved 1114112K
  class space    used 8238K, committed 8512K, reserved 1048576K
}
Event: 7.750 GC heap before
{Heap before GC invocations=24 (full 0):
 garbage-first heap   total 128000K, used 74564K [0x0000000080000000, 0x0000000100000000)
  region size 1024K, 6 young (6144K), 1 survivors (1024K)
 Metaspace       used 61716K, committed 62336K, reserved 1114112K
  class space    used 8299K, committed 8576K, reserved 1048576K
}
Event: 7.753 GC heap after
{Heap after GC invocations=25 (full 0):
 garbage-first heap   total 128000K, used 68495K [0x0000000080000000, 0x0000000100000000)
  region size 1024K, 1 young (1024K), 1 survivors (1024K)
 Metaspace       used 61716K, committed 62336K, reserved 1114112K
  class space    used 8299K, committed 8576K, reserved 1048576K
}
Event: 8.121 GC heap before
{Heap before GC invocations=25 (full 0):
 garbage-first heap   total 128000K, used 96143K [0x0000000080000000, 0x0000000100000000)
  region size 1024K, 28 young (28672K), 1 survivors (1024K)
 Metaspace       used 64592K, committed 65216K, reserved 1114112K
  class space    used 8620K, committed 8896K, reserved 1048576K
}
Event: 8.124 GC heap after
{Heap after GC invocations=26 (full 0):
 garbage-first heap   total 128000K, used 69377K [0x0000000080000000, 0x0000000100000000)
  region size 1024K, 1 young (1024K), 1 survivors (1024K)
 Metaspace       used 64592K, committed 65216K, reserved 1114112K
  class space    used 8620K, committed 8896K, reserved 1048576K
}
Event: 8.634 GC heap before
{Heap before GC invocations=27 (full 0):
 garbage-first heap   total 128000K, used 102145K [0x0000000080000000, 0x0000000100000000)
  region size 1024K, 30 young (30720K), 1 survivors (1024K)
 Metaspace       used 68763K, committed 69376K, reserved 1114112K
  class space    used 9192K, committed 9472K, reserved 1048576K
}
Event: 8.638 GC heap after
{Heap after GC invocations=28 (full 0):
 garbage-first heap   total 128000K, used 76944K [0x0000000080000000, 0x0000000100000000)
  region size 1024K, 4 young (4096K), 4 survivors (4096K)
 Metaspace       used 68763K, committed 69376K, reserved 1114112K
  class space    used 9192K, committed 9472K, reserved 1048576K
}
Event: 8.643 GC heap before
{Heap before GC invocations=28 (full 0):
 garbage-first heap   total 128000K, used 78992K [0x0000000080000000, 0x0000000100000000)
  region size 1024K, 6 young (6144K), 4 survivors (4096K)
 Metaspace       used 68763K, committed 69376K, reserved 1114112K
  class space    used 9192K, committed 9472K, reserved 1048576K
}

Dll operation events (3 events):
Event: 0.020 Loaded shared library D:\desidev\android-studio-2023.1.1.22-windows\android-studio\jbr\bin\java.dll
Event: 0.139 Loaded shared library D:\desidev\android-studio-2023.1.1.22-windows\android-studio\jbr\bin\zip.dll
Event: 0.397 Loaded shared library D:\desidev\android-studio-2023.1.1.22-windows\android-studio\jbr\bin\verify.dll

Deoptimization events (20 events):
Event: 8.633 Thread 0x0000022a677e7bd0 DEOPT PACKING pc=0x0000022a4b22bc80 sp=0x00000035ca8f1610
Event: 8.633 Thread 0x0000022a677e7bd0 DEOPT UNPACKING pc=0x0000022a52367143 sp=0x00000035ca8f0a80 mode 0
Event: 8.638 Thread 0x0000022a677e7bd0 DEOPT PACKING pc=0x0000022a4b22bc80 sp=0x00000035ca8f1610
Event: 8.638 Thread 0x0000022a677e7bd0 DEOPT UNPACKING pc=0x0000022a52367143 sp=0x00000035ca8f0a80 mode 0
Event: 8.638 Thread 0x0000022a677e7bd0 DEOPT PACKING pc=0x0000022a4b22bc80 sp=0x00000035ca8f1610
Event: 8.638 Thread 0x0000022a677e7bd0 DEOPT UNPACKING pc=0x0000022a52367143 sp=0x00000035ca8f0a80 mode 0
Event: 8.638 Thread 0x0000022a677e7bd0 Uncommon trap: trap_request=0xffffff45 fr.pc=0x0000022a529f6cec relative=0x00000000000002cc
Event: 8.638 Thread 0x0000022a677e7bd0 Uncommon trap: reason=unstable_if action=reinterpret pc=0x0000022a529f6cec method=java.util.LinkedHashMap.get(Ljava/lang/Object;)Ljava/lang/Object; @ 16 c2
Event: 8.638 Thread 0x0000022a677e7bd0 DEOPT PACKING pc=0x0000022a529f6cec sp=0x00000035ca8f11d0
Event: 8.639 Thread 0x0000022a677e7bd0 DEOPT UNPACKING pc=0x0000022a523669a3 sp=0x00000035ca8f1188 mode 2
Event: 8.639 Thread 0x0000022a677e7bd0 DEOPT PACKING pc=0x0000022a4b1f40e7 sp=0x00000035ca8f1240
Event: 8.639 Thread 0x0000022a677e7bd0 DEOPT UNPACKING pc=0x0000022a52367143 sp=0x00000035ca8f07d0 mode 0
Event: 8.640 Thread 0x0000022a677e7bd0 DEOPT PACKING pc=0x0000022a4b1f40e7 sp=0x00000035ca8f1240
Event: 8.640 Thread 0x0000022a677e7bd0 DEOPT UNPACKING pc=0x0000022a52367143 sp=0x00000035ca8f07d0 mode 0
Event: 8.641 Thread 0x0000022a677e7bd0 DEOPT PACKING pc=0x0000022a4b1f40e7 sp=0x00000035ca8f1240
Event: 8.641 Thread 0x0000022a677e7bd0 DEOPT UNPACKING pc=0x0000022a52367143 sp=0x00000035ca8f07d0 mode 0
Event: 8.641 Thread 0x0000022a677e7bd0 DEOPT PACKING pc=0x0000022a4b1f40e7 sp=0x00000035ca8f1240
Event: 8.641 Thread 0x0000022a677e7bd0 DEOPT UNPACKING pc=0x0000022a52367143 sp=0x00000035ca8f07d0 mode 0
Event: 8.642 Thread 0x0000022a677e7bd0 DEOPT PACKING pc=0x0000022a4b1f40e7 sp=0x00000035ca8f1240
Event: 8.642 Thread 0x0000022a677e7bd0 DEOPT UNPACKING pc=0x0000022a52367143 sp=0x00000035ca8f07d0 mode 0

Classes unloaded (0 events):
No events

Classes redefined (0 events):
No events

Internal exceptions (20 events):
Event: 6.957 Thread 0x0000022a677e5ef0 Exception <a 'java/lang/NoSuchMethodError'{0x0000000084078c80}: static Lorg/gradle/internal/build/event/types/DefaultOperationFinishedProgressEvent;.<clinit>()V> (0x0000000084078c80) 
thrown [s\src\hotspot\share\prims\jni.cpp, line 1108]
Event: 6.960 Thread 0x0000022a677e5ef0 Exception <a 'java/lang/NoSuchMethodError'{0x00000000840a3570}: static Lorg/gradle/internal/build/event/types/DefaultProjectConfigurationSuccessResult;.<clinit>()V> (0x00000000840a3570) 
thrown [s\src\hotspot\share\prims\jni.cpp, line 1108]
Event: 6.960 Thread 0x0000022a677e5ef0 Exception <a 'java/lang/NoSuchMethodError'{0x00000000840a4b08}: static Lorg/gradle/internal/build/event/types/AbstractProjectConfigurationResult;.<clinit>()V> (0x00000000840a4b08) 
thrown [s\src\hotspot\share\prims\jni.cpp, line 1108]
Event: 6.960 Thread 0x0000022a677e5ef0 Exception <a 'java/lang/NoSuchMethodError'{0x00000000840a6250}: static Lorg/gradle/internal/build/event/types/AbstractOperationResult;.<clinit>()V> (0x00000000840a6250) 
thrown [s\src\hotspot\share\prims\jni.cpp, line 1108]
Event: 6.960 Thread 0x0000022a677e5ef0 Exception <a 'java/lang/NoSuchMethodError'{0x00000000840a76c8}: static Lorg/gradle/internal/build/event/types/AbstractResult;.<clinit>()V> (0x00000000840a76c8) 
thrown [s\src\hotspot\share\prims\jni.cpp, line 1108]
Event: 6.962 Thread 0x0000022a677e5ef0 Exception <a 'java/lang/NoSuchMethodError'{0x00000000840c0338}: static Lorg/gradle/internal/build/event/types/DefaultPluginApplicationResult;.<clinit>()V> (0x00000000840c0338) 
thrown [s\src\hotspot\share\prims\jni.cpp, line 1108]
Event: 6.963 Thread 0x0000022a677e5ef0 Exception <a 'java/lang/NoSuchMethodError'{0x00000000840cd160}: static Lorg/gradle/internal/build/event/types/DefaultBinaryPluginIdentifier;.<clinit>()V> (0x00000000840cd160) 
thrown [s\src\hotspot\share\prims\jni.cpp, line 1108]
Event: 6.965 Thread 0x0000022a677e5ef0 Exception <a 'java/lang/NoSuchMethodError'{0x00000000840e6ff8}: static Lorg/gradle/internal/build/event/types/DefaultScriptPluginIdentifier;.<clinit>()V> (0x00000000840e6ff8) 
thrown [s\src\hotspot\share\prims\jni.cpp, line 1108]
Event: 7.019 Thread 0x0000022a677e7bd0 Implicit null exception at 0x0000022a52bf7812 to 0x0000022a52bf7f30
Event: 7.019 Thread 0x0000022a677e7bd0 Implicit null exception at 0x0000022a52be8894 to 0x0000022a52be8f90
Event: 7.155 Thread 0x0000022a677e7bd0 Exception <a 'java/lang/ClassNotFoundException'{0x00000000856b2750}: org/gradle/api/internal/plugins/DefaultObjectConfigurationActionBeanInfo> (0x00000000856b2750) 
thrown [s\src\hotspot\share\classfile\systemDictionary.cpp, line 256]
Event: 7.156 Thread 0x0000022a677e7bd0 Exception <a 'java/lang/ClassNotFoundException'{0x00000000856c9200}: org/gradle/api/internal/plugins/DefaultObjectConfigurationActionCustomizer> (0x00000000856c9200) 
thrown [s\src\hotspot\share\classfile\systemDictionary.cpp, line 256]
Event: 7.369 Thread 0x0000022a677e7bd0 Exception <a 'java/lang/NoSuchMethodError'{0x000000008659bc98}: 'java.lang.Object java.lang.invoke.DirectMethodHandle$Holder.newInvokeSpecial(java.lang.Object, java.lang.Object, java.lang.Object, java.lang.Object, int)'> (0x000000008659bc98) 
thrown [s\src\hotspot\share\interpreter\linkResolver.cpp, line 771]
Event: 7.370 Thread 0x0000022a677e7bd0 Exception <a 'java/lang/NoSuchMethodError'{0x00000000865a1388}: 'java.lang.Object java.lang.invoke.DirectMethodHandle$Holder.invokeSpecial(java.lang.Object, java.lang.Object, java.lang.Object, java.lang.Object, java.lang.Object, int)'> (0x00000000865a1388) 
thrown [s\src\hotspot\share\interpreter\linkResolver.cpp, line 771]
Event: 7.370 Thread 0x0000022a677e7bd0 Exception <a 'java/lang/NoSuchMethodError'{0x00000000865a63b0}: 'java.lang.Object java.lang.invoke.Invokers$Holder.linkToTargetMethod(java.lang.Object, java.lang.Object, java.lang.Object, int, java.lang.Object)'> (0x00000000865a63b0) 
thrown [s\src\hotspot\share\interpreter\linkResolver.cpp, line 771]
Event: 7.597 Thread 0x0000022a677e7bd0 Exception <a 'java/lang/NoSuchMethodError'{0x0000000087774dc0}: 'int java.lang.invoke.DirectMethodHandle$Holder.invokeInterface(java.lang.Object, java.lang.Object, java.lang.Object, java.lang.Object)'> (0x0000000087774dc0) 
thrown [s\src\hotspot\share\interpreter\linkResolver.cpp, line 771]
Event: 8.306 Thread 0x0000022a677e7bd0 Exception <a 'java/lang/IncompatibleClassChangeError'{0x00000000874d5518}: Found class java.lang.Object, but interface was expected> (0x00000000874d5518) 
thrown [s\src\hotspot\share\interpreter\linkResolver.cpp, line 838]
Event: 8.419 Thread 0x0000022a677e7bd0 Implicit null exception at 0x0000022a52a92554 to 0x0000022a52a9270c
Event: 8.419 Thread 0x0000022a677e7bd0 Implicit null exception at 0x0000022a52b7c095 to 0x0000022a52b7cab0
Event: 8.551 Thread 0x0000022a677e7bd0 Implicit null exception at 0x0000022a52a76c0c to 0x0000022a52a76d42

VM Operations (20 events):
Event: 7.588 Executing VM operation: HandshakeAllThreads done
Event: 7.596 Executing VM operation: HandshakeAllThreads
Event: 7.596 Executing VM operation: HandshakeAllThreads done
Event: 7.702 Executing VM operation: G1CollectForAllocation
Event: 7.706 Executing VM operation: G1CollectForAllocation done
Event: 7.750 Executing VM operation: G1CollectForAllocation
Event: 7.753 Executing VM operation: G1CollectForAllocation done
Event: 8.121 Executing VM operation: G1CollectForAllocation
Event: 8.124 Executing VM operation: G1CollectForAllocation done
Event: 8.190 Executing VM operation: G1Concurrent
Event: 8.193 Executing VM operation: G1Concurrent done
Event: 8.226 Executing VM operation: G1Concurrent
Event: 8.226 Executing VM operation: G1Concurrent done
Event: 8.514 Executing VM operation: HandshakeAllThreads
Event: 8.514 Executing VM operation: HandshakeAllThreads done
Event: 8.560 Executing VM operation: HandshakeAllThreads
Event: 8.560 Executing VM operation: HandshakeAllThreads done
Event: 8.633 Executing VM operation: G1CollectForAllocation
Event: 8.638 Executing VM operation: G1CollectForAllocation done
Event: 8.643 Executing VM operation: G1CollectForAllocation

Events (20 events):
Event: 8.583 loading class java/security/cert/CertPathValidatorException$BasicReason
Event: 8.583 loading class java/security/cert/CertPathValidatorException$Reason
Event: 8.583 loading class java/security/cert/CertPathValidatorException$Reason done
Event: 8.583 loading class java/security/cert/CertPathValidatorException$BasicReason done
Event: 8.584 loading class java/security/SignatureException
Event: 8.584 loading class java/security/SignatureException done
Event: 8.587 loading class sun/security/rsa/RSASignature$SHA256withRSA
Event: 8.587 loading class sun/security/rsa/RSASignature$SHA256withRSA done
Event: 8.589 loading class sun/security/provider/DSA$SHA256withDSA
Event: 8.589 loading class sun/security/provider/DSA$SHA256withDSA done
Event: 8.612 loading class java/util/Base64
Event: 8.612 loading class java/util/Base64 done
Event: 8.612 loading class java/util/Base64$Decoder
Event: 8.612 loading class java/util/Base64$Decoder done
Event: 8.612 loading class java/util/Base64$Encoder
Event: 8.612 loading class java/util/Base64$Encoder done
Event: 8.613 loading class java/util/jar/JarVerifier$VerifierStream
Event: 8.614 loading class java/util/jar/JarVerifier$VerifierStream done
Event: 8.614 loading class sun/security/util/ManifestEntryVerifier$SunProviderHolder
Event: 8.614 loading class sun/security/util/ManifestEntryVerifier$SunProviderHolder done


Dynamic libraries:
0x00007ff733f80000 - 0x00007ff733f8a000 	D:\desidev\android-studio-2023.1.1.22-windows\android-studio\jbr\bin\java.exe
0x00007ffa97dd0000 - 0x00007ffa97fc7000 	C:\Windows\SYSTEM32\ntdll.dll
0x00007ffa974d0000 - 0x00007ffa9758d000 	C:\Windows\System32\KERNEL32.DLL
0x00007ffa958b0000 - 0x00007ffa95ba6000 	C:\Windows\System32\KERNELBASE.dll
0x00007ffa95d00000 - 0x00007ffa95e00000 	C:\Windows\System32\ucrtbase.dll
0x00007ffa80920000 - 0x00007ffa8093b000 	D:\desidev\android-studio-2023.1.1.22-windows\android-studio\jbr\bin\VCRUNTIME140.dll
0x00007ffa83010000 - 0x00007ffa83027000 	D:\desidev\android-studio-2023.1.1.22-windows\android-studio\jbr\bin\jli.dll
0x00007ffa976b0000 - 0x00007ffa9784e000 	C:\Windows\System32\USER32.dll
0x00007ffa95e00000 - 0x00007ffa95e22000 	C:\Windows\System32\win32u.dll
0x00007ffa79bd0000 - 0x00007ffa79e6a000 	C:\Windows\WinSxS\amd64_microsoft.windows.common-controls_6595b64144ccf1df_6.0.19041.3570_none_60bb2a3971f3e41a\COMCTL32.dll
0x00007ffa97920000 - 0x00007ffa9794c000 	C:\Windows\System32\GDI32.dll
0x00007ffa97950000 - 0x00007ffa979ee000 	C:\Windows\System32\msvcrt.dll
0x00007ffa95530000 - 0x00007ffa9564a000 	C:\Windows\System32\gdi32full.dll
0x00007ffa95bb0000 - 0x00007ffa95c4d000 	C:\Windows\System32\msvcp_win.dll
0x00007ffa964a0000 - 0x00007ffa964d0000 	C:\Windows\System32\IMM32.DLL
0x00007ffa82e40000 - 0x00007ffa82e4c000 	D:\desidev\android-studio-2023.1.1.22-windows\android-studio\jbr\bin\vcruntime140_1.dll
0x00007ffa6ea40000 - 0x00007ffa6eacd000 	D:\desidev\android-studio-2023.1.1.22-windows\android-studio\jbr\bin\msvcp140.dll
0x00007ffa611e0000 - 0x00007ffa61e60000 	D:\desidev\android-studio-2023.1.1.22-windows\android-studio\jbr\bin\server\jvm.dll
0x00007ffa95f10000 - 0x00007ffa95fbe000 	C:\Windows\System32\ADVAPI32.dll
0x00007ffa97600000 - 0x00007ffa9769c000 	C:\Windows\System32\sechost.dll
0x00007ffa97c60000 - 0x00007ffa97d86000 	C:\Windows\System32\RPCRT4.dll
0x00007ffa92c20000 - 0x00007ffa92c29000 	C:\Windows\SYSTEM32\WSOCK32.dll
0x00007ffa84df0000 - 0x00007ffa84e17000 	C:\Windows\SYSTEM32\WINMM.dll
0x00007ffa969f0000 - 0x00007ffa96a5b000 	C:\Windows\System32\WS2_32.dll
0x00007ffa8ef70000 - 0x00007ffa8ef7a000 	C:\Windows\SYSTEM32\VERSION.dll
0x00007ffa93330000 - 0x00007ffa93342000 	C:\Windows\SYSTEM32\kernel.appcore.dll
0x00007ffa90f70000 - 0x00007ffa90f7a000 	D:\desidev\android-studio-2023.1.1.22-windows\android-studio\jbr\bin\jimage.dll
0x00007ffa7f380000 - 0x00007ffa7f564000 	C:\Windows\SYSTEM32\DBGHELP.DLL
0x00007ffa7f200000 - 0x00007ffa7f234000 	C:\Windows\SYSTEM32\dbgcore.DLL
0x00007ffa957b0000 - 0x00007ffa95832000 	C:\Windows\System32\bcryptPrimitives.dll
0x00007ffa86f70000 - 0x00007ffa86f7e000 	D:\desidev\android-studio-2023.1.1.22-windows\android-studio\jbr\bin\instrument.dll
0x00007ffa8d120000 - 0x00007ffa8d145000 	D:\desidev\android-studio-2023.1.1.22-windows\android-studio\jbr\bin\java.dll
0x00007ffa8ef80000 - 0x00007ffa8ef98000 	D:\desidev\android-studio-2023.1.1.22-windows\android-studio\jbr\bin\zip.dll
0x00007ffa96a60000 - 0x00007ffa971a4000 	C:\Windows\System32\SHELL32.dll
0x00007ffa93530000 - 0x00007ffa93ccb000 	C:\Windows\SYSTEM32\windows.storage.dll
0x00007ffa960e0000 - 0x00007ffa96434000 	C:\Windows\System32\combase.dll
0x00007ffa94d40000 - 0x00007ffa94d6d000 	C:\Windows\SYSTEM32\Wldp.dll
0x00007ffa97a80000 - 0x00007ffa97b2d000 	C:\Windows\System32\SHCORE.dll
0x00007ffa96440000 - 0x00007ffa96495000 	C:\Windows\System32\shlwapi.dll
0x00007ffa953e0000 - 0x00007ffa95405000 	C:\Windows\SYSTEM32\profapi.dll
0x00007ffa8d0e0000 - 0x00007ffa8d0f9000 	D:\desidev\android-studio-2023.1.1.22-windows\android-studio\jbr\bin\net.dll
0x00007ffa8f240000 - 0x00007ffa8f34a000 	C:\Windows\SYSTEM32\WINHTTP.dll
0x00007ffa94b20000 - 0x00007ffa94b8a000 	C:\Windows\system32\mswsock.dll
0x00007ffa832b0000 - 0x00007ffa832c6000 	D:\desidev\android-studio-2023.1.1.22-windows\android-studio\jbr\bin\nio.dll
0x00007ffa90ef0000 - 0x00007ffa90f00000 	D:\desidev\android-studio-2023.1.1.22-windows\android-studio\jbr\bin\verify.dll
0x00007ffa811b0000 - 0x00007ffa811d7000 	C:\Users\nsxyl\.gradle\native\68d5fa5c4cc2d200863cafc0d521ce42e7d3e7ee720ec0a83991735586a16f82\windows-amd64\native-platform.dll
0x00007ffa66090000 - 0x00007ffa661d4000 	C:\Users\nsxyl\.gradle\native\e376f236ea51e6404a007f0833ffe2c6e607c4080706a723a18a27aeea778392\windows-amd64\native-platform-file-events.dll
0x00007ffa87050000 - 0x00007ffa87059000 	D:\desidev\android-studio-2023.1.1.22-windows\android-studio\jbr\bin\management.dll
0x00007ffa86ff0000 - 0x00007ffa86ffb000 	D:\desidev\android-studio-2023.1.1.22-windows\android-studio\jbr\bin\management_ext.dll
0x00007ffa979f0000 - 0x00007ffa979f8000 	C:\Windows\System32\PSAPI.DLL
0x00007ffa94d80000 - 0x00007ffa94d98000 	C:\Windows\SYSTEM32\CRYPTSP.dll
0x00007ffa94450000 - 0x00007ffa94484000 	C:\Windows\system32\rsaenh.dll
0x00007ffa954b0000 - 0x00007ffa954d7000 	C:\Windows\System32\bcrypt.dll
0x00007ffa95360000 - 0x00007ffa9538e000 	C:\Windows\SYSTEM32\USERENV.dll
0x00007ffa94cb0000 - 0x00007ffa94cbc000 	C:\Windows\SYSTEM32\CRYPTBASE.dll
0x00007ffa94830000 - 0x00007ffa9486b000 	C:\Windows\SYSTEM32\IPHLPAPI.DLL
0x00007ffa976a0000 - 0x00007ffa976a8000 	C:\Windows\System32\NSI.dll
0x00007ffa8d380000 - 0x00007ffa8d397000 	C:\Windows\SYSTEM32\dhcpcsvc6.DLL
0x00007ffa8d540000 - 0x00007ffa8d55d000 	C:\Windows\SYSTEM32\dhcpcsvc.DLL
0x00007ffa94870000 - 0x00007ffa9493a000 	C:\Windows\SYSTEM32\DNSAPI.dll
0x00007ffa90f30000 - 0x00007ffa90f37000 	C:\Windows\system32\wshunix.dll

dbghelp: loaded successfully - version: 4.0.5 - missing functions: none
symbol engine: initialized successfully - sym options: 0x614 - pdb path: .;D:\desidev\android-studio-2023.1.1.22-windows\android-studio\jbr\bin;C:\Windows\SYSTEM32;C:\Windows\WinSxS\amd64_microsoft.windows.common-controls_6595b64144ccf1df_6.0.19041.3570_none_60bb2a3971f3e41a;D:\desidev\android-studio-2023.1.1.22-windows\android-studio\jbr\bin\server;C:\Users\nsxyl\.gradle\native\68d5fa5c4cc2d200863cafc0d521ce42e7d3e7ee720ec0a83991735586a16f82\windows-amd64;C:\Users\nsxyl\.gradle\native\e376f236ea51e6404a007f0833ffe2c6e607c4080706a723a18a27aeea778392\windows-amd64

VM Arguments:
jvm_args: --add-opens=java.base/java.util.concurrent.atomic=ALL-UNNAMED --add-opens=java.base/java.util=ALL-UNNAMED --add-opens=java.base/java.lang=ALL-UNNAMED --add-opens=java.base/java.lang.invoke=ALL-UNNAMED --add-opens=java.prefs/java.util.prefs=ALL-UNNAMED --add-opens=java.base/java.nio.charset=ALL-UNNAMED --add-opens=java.base/java.net=ALL-UNNAMED --add-opens=java.base/java.util.concurrent.atomic=ALL-UNNAMED -Xmx2048m -Dfile.encoding=UTF-8 -Duser.country=IN -Duser.language=en -Duser.variant -javaagent:C:\Users\nsxyl\.gradle\wrapper\dists\gradle-8.2-bin\bbg7u40eoinfdyxsxr3z4i7ta\gradle-8.2\lib\agents\gradle-instrumentation-agent-8.2.jar 
java_command: org.gradle.launcher.daemon.bootstrap.GradleDaemon 8.2
java_class_path (initial): C:\Users\nsxyl\.gradle\wrapper\dists\gradle-8.2-bin\bbg7u40eoinfdyxsxr3z4i7ta\gradle-8.2\lib\gradle-launcher-8.2.jar
Launcher Type: SUN_STANDARD

[Global flags]
     intx CICompilerCount                          = 3                                         {product} {ergonomic}
     uint ConcGCThreads                            = 1                                         {product} {ergonomic}
     uint G1ConcRefinementThreads                  = 4                                         {product} {ergonomic}
   size_t G1HeapRegionSize                         = 1048576                                   {product} {ergonomic}
    uintx GCDrainStackTargetSize                   = 64                                        {product} {ergonomic}
   size_t InitialHeapSize                          = 134217728                                 {product} {ergonomic}
   size_t MarkStackSize                            = 4194304                                   {product} {ergonomic}
   size_t MaxHeapSize                              = 2147483648                                {product} {command line}
   size_t MaxNewSize                               = 1287651328                                {product} {ergonomic}
   size_t MinHeapDeltaBytes                        = 1048576                                   {product} {ergonomic}
   size_t MinHeapSize                              = 8388608                                   {product} {ergonomic}
    uintx NonNMethodCodeHeapSize                   = 5832780                                {pd product} {ergonomic}
    uintx NonProfiledCodeHeapSize                  = 122912730                              {pd product} {ergonomic}
    uintx ProfiledCodeHeapSize                     = 122912730                              {pd product} {ergonomic}
    uintx ReservedCodeCacheSize                    = 251658240                              {pd product} {ergonomic}
     bool SegmentedCodeCache                       = true                                      {product} {ergonomic}
   size_t SoftMaxHeapSize                          = 2147483648                             {manageable} {ergonomic}
     bool UseCompressedClassPointers               = true                           {product lp64_product} {ergonomic}
     bool UseCompressedOops                        = true                           {product lp64_product} {ergonomic}
     bool UseG1GC                                  = true                                      {product} {ergonomic}
     bool UseLargePagesIndividualAllocation        = false                                  {pd product} {ergonomic}

Logging:
Log output configuration:
 #0: stdout all=warning uptime,level,tags
 #1: stderr all=off uptime,level,tags

Environment Variables:
JAVA_HOME=C:\Program Files\Java\jdk-17
PATH=C:\Windows\system32;C:\Windows;C:\Windows\System32\Wbem;C:\Windows\System32\WindowsPowerShell\v1.0\;C:\Windows\System32\OpenSSH\;C:\Users\nsxyl\android-sdk\platform-tools;C:\Program Files\Docker\Docker\resources\bin;C:\Program Files\Git\cmd;C:\Program Files\MySQL\MySQL Shell 8.0\bin\;C:\Windows\system32;C:\Windows;C:\Windows\System32\Wbem;C:\Windows\System32\WindowsPowerShell\v1.0\;C:\Windows\System32\OpenSSH\;C:\Windows\system32;C:\Windows;C:\Windows\System32\Wbem;C:\Windows\System32\WindowsPowerShell\v1.0\;C:\Windows\System32\OpenSSH\;C:\Windows\system32;C:\Windows;C:\Windows\System32\Wbem;C:\Windows\System32\WindowsPowerShell\v1.0\;C:\Windows\System32\OpenSSH\;C:\Windows\system32;C:\Windows;C:\Windows\System32\Wbem;C:\Windows\System32\WindowsPowerShell\v1.0\;C:\Windows\System32\OpenSSH\;C:\Users\nsxyl\.cargo\bin;C:\Users\nsxyl\AppData\Local\Microsoft\WindowsApps;C:\Users\nsxyl\AppData\Local\GitHubDesktop\bin;C:\Program Files\CMake\bin;C:\android\platform-tools;C:\Users\nsxyl\AppData\Local\Programs\Microsoft VS Code\bin;D:\desidev\flutter\bin;C:\Program Files\Java\jdk-17\bin;C:\Users\nsxyl\cmdline-tools\bin;C:\Users\nsxyl\android-sdk\platform-tools;C:\ProgramData\nsxyl\gitkraken\bin;C:\Users\nsxyl\ProtocolBuffer\bin;C:\Users\nsxyl\AppData\Local\Packages\PythonSoftwareFoundation.Python.3.11_qbz5n2kfra8p0\LocalCache\local-packages\Python311\Scripts;C:\Program Files\OpenSSL-Win64\bin;
USERNAME=nsxyl
OS=Windows_NT
PROCESSOR_IDENTIFIER=Intel64 Family 6 Model 158 Stepping 9, GenuineIntel
TMP=C:\Users\nsxyl\AppData\Local\Temp
TEMP=C:\Users\nsxyl\AppData\Local\Temp


JNI global refs:
JNI global refs: 25, weak refs: 0

JNI global refs memory usage: 843, weak refs: 209

OOME stack traces (most recent first):
Classloader memory used:
Loader org.gradle.internal.classloader.VisitableURLClassLoader                         : 3723K
Loader bootstrap                                                                       : 2806K
Loader org.gradle.initialization.MixInLegacyTypesClassLoader                           : 1139K
Loader org.gradle.internal.classloader.VisitableURLClassLoader$InstrumentingVisitableURLClassLoader: 788K
Loader jdk.internal.loader.ClassLoaders$PlatformClassLoader                            : 66956B
Loader jdk.internal.loader.ClassLoaders$AppClassLoader                                 : 28352B
Loader jdk.internal.reflect.DelegatingClassLoader                                      : 26401B
Loader org.gradle.groovy.scripts.internal.DefaultScriptCompilationHandler$ScriptClassLoader: 16601B
Loader org.codehaus.groovy.runtime.callsite.CallSiteClassLoader                        : 2081B
Loader sun.reflect.misc.MethodUtil                                                     : 373B

Classes loaded by more than one classloader:
Class Program                                                                         : loaded 4 times (x 72B)
Class com.google.common.collect.Iterators$MergingIterator                             : loaded 2 times (x 79B)
Class [Lcom.google.common.collect.AbstractMapEntry;                                   : loaded 2 times (x 67B)
Class com.google.common.collect.SingletonImmutableList                                : loaded 2 times (x 167B)
Class com.google.common.cache.CacheLoader$SupplierToCacheLoader                       : loaded 2 times (x 73B)
Class org.gradle.internal.classpath.ClassPath                                         : loaded 2 times (x 68B)
Class com.google.common.cache.RemovalListener                                         : loaded 2 times (x 68B)
Class org.gradle.api.internal.classpath.DefaultModuleRegistry                         : loaded 2 times (x 84B)
Class Settings_gradle$1$1                                                             : loaded 2 times (x 72B)
Class com.google.common.collect.ListMultimap                                          : loaded 2 times (x 68B)
Class com.google.common.base.CharMatcher$JavaDigit                                    : loaded 2 times (x 109B)
Class com.google.common.base.CharMatcher$Digit                                        : loaded 2 times (x 110B)
Class com.google.common.collect.AbstractMultimap                                      : loaded 2 times (x 121B)
Class com.google.common.cache.CacheBuilder$OneWeigher                                 : loaded 2 times (x 80B)
Class org.gradle.api.Action                                                           : loaded 2 times (x 68B)
Class com.google.common.collect.ImmutableEntry                                        : loaded 2 times (x 80B)
Class com.google.common.collect.Lists$StringAsImmutableList                           : loaded 2 times (x 167B)
Class com.google.common.cache.LocalCache$StrongEntry                                  : loaded 2 times (x 106B)
Class com.google.common.base.CharMatcher                                              : loaded 2 times (x 109B)
Class com.google.common.base.CharMatcher$IsNot                                        : loaded 2 times (x 109B)
Class com.google.common.base.Splitter                                                 : loaded 2 times (x 70B)
Class [Lcom.google.common.cache.Weigher;                                              : loaded 2 times (x 67B)
Class com.google.common.collect.Iterators$ArrayItr                                    : loaded 2 times (x 95B)
Class com.google.common.cache.LocalCache$Segment                                      : loaded 2 times (x 152B)
Class org.gradle.api.internal.DefaultClassPathProvider                                : loaded 2 times (x 74B)
Class org.gradle.internal.installation.GradleInstallation$1                           : loaded 2 times (x 73B)
Class com.google.common.cache.LocalCache$AbstractReferenceEntry                       : loaded 2 times (x 105B)
Class com.google.common.util.concurrent.AbstractFuture$Failure                        : loaded 2 times (x 70B)
Class com.google.common.base.CharMatcher$BitSetMatcher                                : loaded 2 times (x 110B)
Class com.google.common.collect.ImmutableMap$IteratorBasedImmutableMap                : loaded 2 times (x 123B)
Class com.google.common.collect.ImmutableMap                                          : loaded 2 times (x 118B)
Class com.google.common.base.Converter                                                : loaded 2 times (x 88B)
Class com.google.common.collect.ImmutableSet$EmptySetBuilderImpl                      : loaded 2 times (x 74B)
Class com.google.common.base.Equivalence                                              : loaded 2 times (x 80B)
Class com.google.common.cache.LocalCache$EntryFactory$1                               : loaded 2 times (x 81B)
Class com.google.common.cache.LocalCache$EntryFactory$2                               : loaded 2 times (x 81B)
Class com.google.common.cache.LocalCache$EntryFactory$3                               : loaded 2 times (x 81B)
Class com.google.common.cache.LocalCache$EntryFactory$4                               : loaded 2 times (x 81B)
Class com.google.common.cache.LocalCache$EntryFactory$5                               : loaded 2 times (x 81B)
Class com.google.common.cache.LocalCache$EntryFactory$6                               : loaded 2 times (x 81B)
Class com.google.common.cache.LocalCache$EntryFactory$7                               : loaded 2 times (x 81B)
Class com.google.common.cache.LocalCache$EntryFactory$8                               : loaded 2 times (x 81B)
Class com.google.common.base.Predicate                                                : loaded 2 times (x 68B)
Class com.google.common.cache.LocalCache$StrongValueReference                         : loaded 2 times (x 88B)
Class org.gradle.internal.classloader.FilteringClassLoader                            : loaded 2 times (x 102B)
Class com.google.common.collect.RegularImmutableSet                                   : loaded 2 times (x 146B)
Class [Lcom.google.common.cache.LocalCache$Strength;                                  : loaded 2 times (x 67B)
Class org.gradle.internal.classpath.DefaultClassPath$ImmutableUniqueList$Builder      : loaded 2 times (x 73B)
Class com.google.common.collect.Maps$8                                                : loaded 2 times (x 80B)
Class com.google.common.base.PatternCompiler                                          : loaded 2 times (x 68B)
Class [Lcom.google.common.cache.CacheBuilder$NullListener;                            : loaded 2 times (x 67B)
Class com.google.common.base.CharMatcher$InRange                                      : loaded 2 times (x 109B)
Class com.google.common.collect.BiMap                                                 : loaded 2 times (x 68B)
Class com.google.common.collect.Lists                                                 : loaded 2 times (x 69B)
Class com.google.common.math.IntMath$1                                                : loaded 2 times (x 69B)
Class org.gradle.internal.classloader.ClassLoaderVisitor                              : loaded 2 times (x 74B)
Class com.google.common.cache.CacheBuilder$NullListener                               : loaded 2 times (x 80B)
Class com.google.common.math.MathPreconditions                                        : loaded 2 times (x 69B)
Class org.gradle.internal.service.DefaultServiceLocator                               : loaded 2 times (x 81B)
Class org.gradle.internal.service.UnknownServiceException                             : loaded 2 times (x 81B)
Class com.google.common.util.concurrent.AbstractFuture$SynchronizedHelper             : loaded 2 times (x 76B)
Class com.google.common.collect.ArrayListMultimap                                     : loaded 2 times (x 170B)
Class com.google.common.base.Strings                                                  : loaded 2 times (x 69B)
Class com.google.common.cache.CacheLoader$InvalidCacheLoadException                   : loaded 2 times (x 80B)
Class org.gradle.internal.classloader.DefaultClassLoaderFactory                       : loaded 2 times (x 80B)
Class com.google.common.collect.UnmodifiableIterator                                  : loaded 2 times (x 78B)
Class com.google.common.base.Stopwatch                                                : loaded 2 times (x 70B)
Class com.google.common.base.Platform$JdkPatternCompiler                              : loaded 2 times (x 73B)
Class settings_d96co9c7n94jl3zeoyk1l0s8u                                              : loaded 2 times (x 177B)
Class com.google.common.cache.LocalCache$LoadingValueReference                        : loaded 2 times (x 94B)
Class com.google.common.base.CharMatcher$SingleWidth                                  : loaded 2 times (x 110B)
Class com.google.common.collect.Hashing                                               : loaded 2 times (x 69B)
Class com.google.common.base.JdkPattern                                               : loaded 2 times (x 73B)
Class com.google.common.collect.Multimap                                              : loaded 2 times (x 68B)
Class com.google.common.base.FunctionalEquivalence                                    : loaded 2 times (x 81B)
Class ijresolvers1_9w6hcudsoj8ztifqqdxpg2c79                                          : loaded 2 times (x 179B)
Class com.google.common.cache.LocalCache$1                                            : loaded 2 times (x 87B)
Class com.google.common.cache.LocalCache$2                                            : loaded 2 times (x 140B)
Class com.google.common.collect.RegularImmutableBiMap                                 : loaded 2 times (x 146B)
Class org.gradle.internal.classloader.VisitableURLClassLoader$Spec                    : loaded 2 times (x 72B)
Class org.gradle.api.GradleException                                                  : loaded 2 times (x 80B)
Class com.google.common.base.CharMatcher$JavaLetterOrDigit                            : loaded 2 times (x 109B)
Class org.gradle.api.internal.classpath.ModuleRegistry                                : loaded 2 times (x 68B)
Class com.google.common.collect.ForwardingObject                                      : loaded 2 times (x 70B)
Class com.google.common.cache.CacheBuilder                                            : loaded 2 times (x 70B)
Class com.google.common.collect.ImmutableCollection                                   : loaded 2 times (x 123B)
Class com.google.common.base.PairwiseEquivalence                                      : loaded 2 times (x 81B)
Class com.google.common.base.Ticker                                                   : loaded 2 times (x 70B)
Class org.gradle.api.internal.ClassPathProvider                                       : loaded 2 times (x 68B)
Class com.google.common.collect.RegularImmutableMap$Values                            : loaded 2 times (x 167B)
Class org.gradle.internal.classloader.ClasspathUtil$1                                 : loaded 2 times (x 74B)
Class com.google.common.collect.ImmutableEnumMap                                      : loaded 2 times (x 123B)
Class com.google.common.collect.ForwardingMap                                         : loaded 2 times (x 130B)
Class com.google.common.collect.ImmutableList$ReverseImmutableList                    : loaded 2 times (x 168B)
Class com.google.common.cache.AbstractCache$StatsCounter                              : loaded 2 times (x 68B)
Class com.google.common.cache.LocalCache$Strength$1                                   : loaded 2 times (x 79B)
Class com.google.common.cache.LocalCache$Strength$2                                   : loaded 2 times (x 79B)
Class com.google.common.cache.LocalCache$Strength$3                                   : loaded 2 times (x 79B)
Class org.gradle.internal.classloader.ClassLoaderFactory                              : loaded 2 times (x 68B)
Class com.google.common.collect.ObjectArrays                                          : loaded 2 times (x 69B)
Class com.google.common.util.concurrent.AbstractFuture$Waiter                         : loaded 2 times (x 70B)
Class com.google.common.util.concurrent.Uninterruptibles                              : loaded 2 times (x 69B)
Class com.google.common.collect.Iterators$10                                          : loaded 2 times (x 79B)
Class com.google.common.collect.ImmutableList                                         : loaded 2 times (x 166B)
Class org.gradle.api.internal.classpath.ManifestUtil                                  : loaded 2 times (x 69B)
Class org.gradle.api.specs.Spec                                                       : loaded 2 times (x 68B)
Class com.google.common.cache.CacheLoader$UnsupportedLoadingOperationException        : loaded 2 times (x 80B)
Class com.google.common.base.CharMatcher$Whitespace                                   : loaded 2 times (x 110B)
Class com.google.common.util.concurrent.ListenableFuture                              : loaded 2 times (x 68B)
Class com.google.common.collect.Iterators$1                                           : loaded 2 times (x 79B)
Class com.google.common.collect.Iterators$4                                           : loaded 2 times (x 80B)
Class com.google.common.collect.RegularImmutableMap$BucketOverflowException           : loaded 2 times (x 80B)
Class com.google.common.collect.Iterators$5                                           : loaded 2 times (x 80B)
Class com.google.common.util.concurrent.AbstractFuture$UnsafeAtomicHelper             : loaded 2 times (x 76B)
Class com.google.common.base.Equivalence$Equals                                       : loaded 2 times (x 80B)
Class com.google.common.base.Preconditions                                            : loaded 2 times (x 69B)
Class com.google.common.base.Function                                                 : loaded 2 times (x 68B)
Class com.google.common.collect.Iterators$9                                           : loaded 2 times (x 79B)
Class org.gradle.internal.IoActions                                                   : loaded 2 times (x 69B)
Class ijresolvers1_9w6hcudsoj8ztifqqdxpg2c79$_run_closure1                            : loaded 2 times (x 134B)
Class com.google.common.cache.ReferenceEntry                                          : loaded 2 times (x 68B)
Class com.google.common.collect.RegularImmutableMap$KeySet                            : loaded 2 times (x 148B)
Class com.google.common.collect.CollectPreconditions                                  : loaded 2 times (x 69B)
Class com.google.common.collect.Maps                                                  : loaded 2 times (x 69B)
Class com.google.common.collect.RegularImmutableMap                                   : loaded 2 times (x 119B)
Class com.google.common.collect.AbstractIndexedListIterator                           : loaded 2 times (x 94B)
Class com.google.common.base.CharMatcher$None                                         : loaded 2 times (x 110B)
Class org.gradle.api.internal.classpath.EffectiveClassPath                            : loaded 2 times (x 88B)
Class com.google.common.collect.UnmodifiableListIterator                              : loaded 2 times (x 93B)
Class com.google.common.cache.CacheLoader$FunctionToCacheLoader                       : loaded 2 times (x 73B)
Class com.google.common.cache.CacheBuilder$1                                          : loaded 2 times (x 83B)
Class com.google.common.cache.CacheBuilder$2                                          : loaded 2 times (x 77B)
Class com.google.common.collect.ImmutableList$1                                       : loaded 2 times (x 95B)
Class com.google.common.base.Splitter$Strategy                                        : loaded 2 times (x 68B)
Class com.google.common.cache.CacheBuilder$3                                          : loaded 2 times (x 70B)
Class com.google.common.collect.ImmutableMapEntrySet$RegularEntrySet                  : loaded 2 times (x 149B)
Class [Lcom.google.common.cache.RemovalListener;                                      : loaded 2 times (x 67B)
Class [Lcom.google.common.collect.ImmutableMapEntry;                                  : loaded 2 times (x 67B)
Class org.gradle.internal.installation.CurrentGradleInstallation                      : loaded 2 times (x 71B)
Class org.gradle.internal.agents.InstrumentingClassLoader                             : loaded 2 times (x 68B)
Class org.gradle.internal.installation.CurrentGradleInstallationLocator               : loaded 2 times (x 69B)
Class [Lcom.google.common.cache.LocalCache$Segment;                                   : loaded 2 times (x 67B)
Class org.gradle.api.internal.classpath.Module                                        : loaded 2 times (x 68B)
Class com.google.common.base.Splitter$1$1                                             : loaded 2 times (x 84B)
Class com.google.common.collect.ImmutableSet$JdkBackedSetBuilderImpl                  : loaded 2 times (x 74B)
Class com.google.common.collect.ImmutableSet$RegularSetBuilderImpl                    : loaded 2 times (x 75B)
Class org.gradle.internal.service.CachingServiceLocator                               : loaded 2 times (x 80B)
Class [Lcom.google.common.collect.ImmutableEntry;                                     : loaded 2 times (x 67B)
Class org.gradle.internal.classpath.DefaultClassPath                                  : loaded 2 times (x 88B)
Class com.google.common.util.concurrent.AbstractFuture$SetFuture                      : loaded 2 times (x 73B)
Class com.google.common.base.Splitter$SplittingIterator                               : loaded 2 times (x 82B)
Class com.google.common.cache.LocalCache$LocalManualCache$1                           : loaded 2 times (x 73B)
Class [Lcom.google.common.cache.LocalCache$EntryFactory;                              : loaded 2 times (x 67B)
Class com.google.common.base.CharMatcher$Is                                           : loaded 2 times (x 109B)
Class com.google.common.base.Platform                                                 : loaded 2 times (x 69B)
Class com.google.common.collect.RegularImmutableAsList                                : loaded 2 times (x 176B)
Class com.google.common.collect.PeekingIterator                                       : loaded 2 times (x 68B)
Class com.google.common.collect.ImmutableMapEntrySet                                  : loaded 2 times (x 149B)
Class com.google.common.cache.CacheLoader                                             : loaded 2 times (x 72B)
Class com.google.common.collect.ImmutableBiMapFauxverideShim                          : loaded 2 times (x 118B)
Class com.google.common.cache.Cache                                                   : loaded 2 times (x 68B)
Class org.gradle.internal.classloader.SystemClassLoaderSpec                           : loaded 2 times (x 69B)
Class com.google.common.util.concurrent.internal.InternalFutureFailureAccess          : loaded 2 times (x 70B)
Class com.google.common.collect.SingletonImmutableSet                                 : loaded 2 times (x 144B)
Class [Lcom.google.common.base.AbstractIterator$State;                                : loaded 2 times (x 67B)
Class com.google.common.collect.ImmutableMap$Builder                                  : loaded 2 times (x 80B)
Class com.google.common.base.AbstractIterator                                         : loaded 2 times (x 78B)
Class com.google.common.base.AbstractIterator$1                                       : loaded 2 times (x 69B)
Class [Lcom.google.common.cache.CacheBuilder$OneWeigher;                              : loaded 2 times (x 67B)
Class com.google.common.collect.Iterators                                             : loaded 2 times (x 69B)
Class com.google.common.base.CharMatcher$1                                            : loaded 2 times (x 111B)
Class com.google.common.base.CharMatcher$Ascii                                        : loaded 2 times (x 110B)
Class com.google.common.cache.LocalCache$ComputingValueReference                      : loaded 2 times (x 94B)
Class org.gradle.api.UncheckedIOException                                             : loaded 2 times (x 80B)
Class com.google.common.base.CharMatcher$And                                          : loaded 2 times (x 110B)
Class com.google.common.collect.IndexedImmutableSet                                   : loaded 2 times (x 148B)
Class com.google.common.collect.AbstractListMultimap                                  : loaded 2 times (x 170B)
Class com.google.common.base.CharMatcher$Any                                          : loaded 2 times (x 110B)
Class org.gradle.internal.installation.GradleInstallation                             : loaded 2 times (x 73B)
Class com.google.common.cache.LocalCache$Strength                                     : loaded 2 times (x 79B)
Class com.google.common.collect.ArrayListMultimapGwtSerializationDependencies         : loaded 2 times (x 170B)
Class com.google.common.base.CharMatcher$RangesMatcher                                : loaded 2 times (x 110B)
Class com.google.common.collect.ImmutableList$SubList                                 : loaded 2 times (x 168B)
Class com.google.common.cache.LocalCache$ValueReference                               : loaded 2 times (x 68B)
Class org.gradle.internal.classloader.ClasspathUtil                                   : loaded 2 times (x 69B)
Class com.google.common.util.concurrent.AbstractFuture                                : loaded 2 times (x 93B)
Class com.google.common.base.Splitter$1                                               : loaded 2 times (x 75B)
Class com.google.common.base.Ticker$1                                                 : loaded 2 times (x 70B)
Class com.google.common.collect.Maps$BiMapConverter                                   : loaded 2 times (x 88B)
Class org.gradle.api.internal.DefaultClassPathRegistry                                : loaded 2 times (x 74B)
Class com.google.common.util.concurrent.AbstractFuture$Cancellation                   : loaded 2 times (x 70B)
Class com.google.common.collect.ImmutableSet$SetBuilderImpl                           : loaded 2 times (x 74B)
Class org.gradle.api.internal.classpath.DefaultModuleRegistry$DefaultModule           : loaded 2 times (x 84B)
Class com.google.common.base.CharMatcher$JavaIsoControl                               : loaded 2 times (x 110B)
Class com.google.common.collect.ImmutableMap$1                                        : loaded 2 times (x 79B)
Class com.google.common.base.CharMatcher$Or                                           : loaded 2 times (x 110B)
Class com.google.common.base.Suppliers$SupplierOfInstance                             : loaded 2 times (x 77B)
Class com.google.common.collect.Iterables                                             : loaded 2 times (x 69B)
Class com.google.common.base.CharMatcher$JavaLowerCase                                : loaded 2 times (x 109B)
Class org.gradle.api.internal.classpath.UnknownModuleException                        : loaded 2 times (x 80B)
Class com.google.common.util.concurrent.AbstractFuture$Listener                       : loaded 2 times (x 70B)
Class settings_d96co9c7n94jl3zeoyk1l0s8u$_run_closure1                                : loaded 2 times (x 134B)
Class com.google.common.collect.Maps$EntryTransformer                                 : loaded 2 times (x 68B)
Class com.google.common.collect.ImmutableCollection$Builder                           : loaded 2 times (x 74B)
Class com.google.common.collect.SingletonImmutableBiMap                               : loaded 2 times (x 141B)
Class com.google.common.base.CommonPattern                                            : loaded 2 times (x 72B)
Class com.google.common.base.Suppliers                                                : loaded 2 times (x 69B)
Class com.google.common.cache.LoadingCache                                            : loaded 2 times (x 68B)
Class org.gradle.internal.service.ServiceLookupException                              : loaded 2 times (x 80B)
Class org.gradle.cache.GlobalCache                                                    : loaded 2 times (x 68B)
Class com.google.common.base.CharMatcher$NegatedFastMatcher                           : loaded 2 times (x 111B)
Class [Lorg.gradle.api.internal.ClassPathProvider;                                    : loaded 2 times (x 67B)
Class com.google.common.util.concurrent.AbstractFuture$SafeAtomicHelper               : loaded 2 times (x 77B)
Class org.gradle.util.internal.GUtil                                                  : loaded 2 times (x 69B)
Class com.google.common.math.IntMath                                                  : loaded 2 times (x 69B)
Class com.google.common.collect.AbstractIterator                                      : loaded 2 times (x 80B)
Class org.gradle.internal.classloader.ClassLoaderSpec                                 : loaded 2 times (x 69B)
Class com.google.common.base.NullnessCasts                                            : loaded 2 times (x 69B)
Class com.google.common.cache.LocalCache$LocalManualCache                             : loaded 2 times (x 97B)
Class com.google.common.collect.AbstractMapEntry                                      : loaded 2 times (x 79B)
Class com.google.common.base.CharMatcher$Negated                                      : loaded 2 times (x 111B)
Class com.google.common.cache.CacheLoader$1                                           : loaded 2 times (x 73B)
Class com.google.common.util.concurrent.AbstractFuture$TrustedFuture                  : loaded 2 times (x 95B)
Class com.google.common.collect.ImmutableSet$Builder                                  : loaded 2 times (x 83B)
Class com.google.common.base.CharMatcher$ForPredicate                                 : loaded 2 times (x 110B)
Class com.google.common.collect.ImmutableMap$MapViewOfValuesAsSingletonSets           : loaded 2 times (x 123B)
Class com.google.common.base.MoreObjects                                              : loaded 2 times (x 69B)
Class com.google.common.collect.SortedMapDifference                                   : loaded 2 times (x 68B)
Class com.google.common.cache.CacheStats                                              : loaded 2 times (x 69B)
Class org.gradle.internal.classloader.VisitableURLClassLoader                         : loaded 2 times (x 114B)
Class com.google.common.cache.LocalCache$LocalLoadingCache                            : loaded 2 times (x 132B)
Class com.google.common.base.Supplier                                                 : loaded 2 times (x 68B)
Class com.google.common.util.concurrent.AbstractFuture$AtomicHelper                   : loaded 2 times (x 76B)
Class com.google.common.collect.ImmutableBiMap                                        : loaded 2 times (x 141B)
Class org.gradle.internal.Cast                                                        : loaded 2 times (x 69B)
Class org.gradle.api.internal.ClassPathRegistry                                       : loaded 2 times (x 68B)
Class com.google.common.cache.LocalCache$EntryFactory                                 : loaded 2 times (x 81B)
Class com.google.common.util.concurrent.UncheckedExecutionException                   : loaded 2 times (x 80B)
Class com.google.common.collect.ImmutableSet                                          : loaded 2 times (x 143B)
Class org.gradle.internal.classloader.VisitableURLClassLoader$InstrumentingVisitableURLClassLoader: loaded 2 times (x 120B)
Class org.gradle.internal.classloader.ClassLoaderHierarchy                            : loaded 2 times (x 68B)
Class settings_d96co9c7n94jl3zeoyk1l0s8u$_run_closure1$_closure2                      : loaded 2 times (x 134B)
Class com.google.common.base.AbstractIterator$State                                   : loaded 2 times (x 77B)
Class com.google.common.cache.Weigher                                                 : loaded 2 times (x 68B)
Class com.google.common.base.CharMatcher$NamedFastMatcher                             : loaded 2 times (x 110B)
Class org.gradle.internal.InternalTransformer                                         : loaded 2 times (x 68B)
Class org.gradle.internal.service.ServiceLocator                                      : loaded 2 times (x 68B)
Class Settings_gradle$1                                                               : loaded 2 times (x 72B)
Class com.google.common.util.concurrent.SettableFuture                                : loaded 2 times (x 95B)
Class com.google.common.collect.ImmutableMapEntry                                     : loaded 2 times (x 83B)
Class com.google.common.base.CharMatcher$Invisible                                    : loaded 2 times (x 110B)
Class com.google.common.base.CharMatcher$FastMatcher                                  : loaded 2 times (x 109B)
Class org.gradle.internal.classpath.DefaultClassPath$ImmutableUniqueList              : loaded 2 times (x 159B)
Class com.google.common.base.CharMatcher$JavaLetter                                   : loaded 2 times (x 109B)
Class org.gradle.internal.classpath.TransformedClassPath                              : loaded 2 times (x 94B)
Class com.google.common.collect.MapDifference                                         : loaded 2 times (x 68B)
Class com.google.common.util.concurrent.AbstractFuture$Trusted                        : loaded 2 times (x 68B)
Class Settings_gradle                                                                 : loaded 2 times (x 126B)
Class com.google.common.collect.Platform                                              : loaded 2 times (x 69B)
Class com.google.common.collect.ImmutableAsList                                       : loaded 2 times (x 169B)
Class com.google.common.util.concurrent.ExecutionError                                : loaded 2 times (x 80B)
Class com.google.common.base.Equivalence$Identity                                     : loaded 2 times (x 80B)
Class com.google.common.base.CharMatcher$AnyOf                                        : loaded 2 times (x 110B)
Class com.google.common.base.CharMatcher$IsEither                                     : loaded 2 times (x 109B)
Class com.google.common.cache.LocalCache                                              : loaded 2 times (x 185B)
Class com.google.common.collect.RegularImmutableList                                  : loaded 2 times (x 172B)
Class com.google.common.util.concurrent.AbstractFuture$UnsafeAtomicHelper$1           : loaded 2 times (x 74B)
Class com.google.common.base.CharMatcher$JavaUpperCase                                : loaded 2 times (x 109B)
Class com.google.common.collect.Multiset                                              : loaded 2 times (x 68B)
Class com.google.common.collect.ImmutableSet$CachingAsList                            : loaded 2 times (x 145B)
Class com.google.common.collect.ImmutableMapEntry$NonTerminalImmutableMapEntry        : loaded 2 times (x 83B)
Class com.google.common.collect.AbstractMapBasedMultimap                              : loaded 2 times (x 137B)


---------------  S Y S T E M  ---------------

OS:
 Windows 10 , 64 bit Build 19041 (10.0.19041.3570)
OS uptime: 3 days 6:37 hours
Hyper-V role detected

CPU: total 4 (initial active 4) (4 cores per cpu, 1 threads per core) family 6 model 158 stepping 9 microcode 0xf0, cx8, cmov, fxsr, mmx, 3dnowpref, sse, sse2, sse3, ssse3, sse4.1, sse4.2, popcnt, lzcnt, tsc, tscinvbit, avx, avx2, aes, erms, clmul, bmi1, bmi2, adx, fma, vzeroupper, clflush, clflushopt, hv

Memory: 4k page, system-wide physical 8099M (499M free)
TotalPageFile size 16291M (AvailPageFile size 31M)
current process WorkingSet (physical memory assigned to process): 329M, peak: 330M
current process commit charge ("private bytes"): 357M, peak: 462M

vm_info: OpenJDK 64-Bit Server VM (17.0.7+0-b2043.56-10550314) for windows-amd64 JRE (17.0.7+0-b2043.56-10550314), built on Jul 24 2023 18:27:45 by "androidbuild" with MS VC++ 16.10 / 16.11 (VS2019)

END.
